mode: set
github.com/capiscio/capiscio-core/v2/pkg/mcp/errors.go:63.37,64.11 1 1
github.com/capiscio/capiscio-core/v2/pkg/mcp/errors.go:65.30,66.29 1 1
github.com/capiscio/capiscio-core/v2/pkg/mcp/errors.go:67.30,68.30 1 1
github.com/capiscio/capiscio-core/v2/pkg/mcp/errors.go:69.30,70.30 1 1
github.com/capiscio/capiscio-core/v2/pkg/mcp/errors.go:71.30,72.30 1 1
github.com/capiscio/capiscio-core/v2/pkg/mcp/errors.go:73.35,74.35 1 1
github.com/capiscio/capiscio-core/v2/pkg/mcp/errors.go:75.32,76.26 1 1
github.com/capiscio/capiscio-core/v2/pkg/mcp/errors.go:77.33,78.33 1 1
github.com/capiscio/capiscio-core/v2/pkg/mcp/errors.go:79.30,80.30 1 1
github.com/capiscio/capiscio-core/v2/pkg/mcp/errors.go:81.10,82.23 1 1
github.com/capiscio/capiscio-core/v2/pkg/mcp/errors.go:87.46,88.9 1 1
github.com/capiscio/capiscio-core/v2/pkg/mcp/errors.go:89.39,90.32 1 1
github.com/capiscio/capiscio-core/v2/pkg/mcp/errors.go:91.39,92.32 1 1
github.com/capiscio/capiscio-core/v2/pkg/mcp/errors.go:93.39,94.32 1 1
github.com/capiscio/capiscio-core/v2/pkg/mcp/errors.go:95.39,96.32 1 1
github.com/capiscio/capiscio-core/v2/pkg/mcp/errors.go:97.44,98.37 1 1
github.com/capiscio/capiscio-core/v2/pkg/mcp/errors.go:99.41,100.34 1 1
github.com/capiscio/capiscio-core/v2/pkg/mcp/errors.go:101.42,102.35 1 1
github.com/capiscio/capiscio-core/v2/pkg/mcp/errors.go:103.39,104.32 1 1
github.com/capiscio/capiscio-core/v2/pkg/mcp/errors.go:105.10,106.31 1 1
github.com/capiscio/capiscio-core/v2/pkg/mcp/errors.go:146.42,147.11 1 1
github.com/capiscio/capiscio-core/v2/pkg/mcp/errors.go:148.33,149.35 1 1
github.com/capiscio/capiscio-core/v2/pkg/mcp/errors.go:150.35,151.32 1 1
github.com/capiscio/capiscio-core/v2/pkg/mcp/errors.go:152.35,153.32 1 1
github.com/capiscio/capiscio-core/v2/pkg/mcp/errors.go:154.35,155.32 1 1
github.com/capiscio/capiscio-core/v2/pkg/mcp/errors.go:156.40,157.37 1 1
github.com/capiscio/capiscio-core/v2/pkg/mcp/errors.go:158.34,159.31 1 1
github.com/capiscio/capiscio-core/v2/pkg/mcp/errors.go:160.38,161.35 1 1
github.com/capiscio/capiscio-core/v2/pkg/mcp/errors.go:162.37,163.34 1 1
github.com/capiscio/capiscio-core/v2/pkg/mcp/errors.go:164.35,165.32 1 1
github.com/capiscio/capiscio-core/v2/pkg/mcp/errors.go:166.42,167.40 1 1
github.com/capiscio/capiscio-core/v2/pkg/mcp/errors.go:168.32,169.29 1 1
github.com/capiscio/capiscio-core/v2/pkg/mcp/errors.go:170.33,171.30 1 0
github.com/capiscio/capiscio-core/v2/pkg/mcp/errors.go:172.37,173.35 1 0
github.com/capiscio/capiscio-core/v2/pkg/mcp/errors.go:174.10,175.16 1 1
github.com/capiscio/capiscio-core/v2/pkg/mcp/errors.go:180.56,181.9 1 1
github.com/capiscio/capiscio-core/v2/pkg/mcp/errors.go:182.37,183.44 1 1
github.com/capiscio/capiscio-core/v2/pkg/mcp/errors.go:184.39,185.37 1 1
github.com/capiscio/capiscio-core/v2/pkg/mcp/errors.go:186.39,187.37 1 1
github.com/capiscio/capiscio-core/v2/pkg/mcp/errors.go:188.39,189.37 1 1
github.com/capiscio/capiscio-core/v2/pkg/mcp/errors.go:190.44,191.42 1 1
github.com/capiscio/capiscio-core/v2/pkg/mcp/errors.go:192.38,193.36 1 1
github.com/capiscio/capiscio-core/v2/pkg/mcp/errors.go:194.41,195.39 1 1
github.com/capiscio/capiscio-core/v2/pkg/mcp/errors.go:196.39,197.37 1 1
github.com/capiscio/capiscio-core/v2/pkg/mcp/errors.go:198.42,199.40 1 1
github.com/capiscio/capiscio-core/v2/pkg/mcp/errors.go:200.39,201.37 1 1
github.com/capiscio/capiscio-core/v2/pkg/mcp/errors.go:202.10,203.25 1 1
github.com/capiscio/capiscio-core/v2/pkg/mcp/guard.go:30.85,32.2 1 1
github.com/capiscio/capiscio-core/v2/pkg/mcp/guard.go:35.82,36.26 1 1
github.com/capiscio/capiscio-core/v2/pkg/mcp/guard.go:36.26,38.3 1 1
github.com/capiscio/capiscio-core/v2/pkg/mcp/guard.go:39.2,42.3 1 1
github.com/capiscio/capiscio-core/v2/pkg/mcp/guard.go:57.28,58.19 1 1
github.com/capiscio/capiscio-core/v2/pkg/mcp/guard.go:58.19,60.3 1 1
github.com/capiscio/capiscio-core/v2/pkg/mcp/guard.go:62.2,75.16 5 1
github.com/capiscio/capiscio-core/v2/pkg/mcp/guard.go:75.16,79.3 3 1
github.com/capiscio/capiscio-core/v2/pkg/mcp/guard.go:79.8,83.3 3 1
github.com/capiscio/capiscio-core/v2/pkg/mcp/guard.go:86.2,86.75 1 1
github.com/capiscio/capiscio-core/v2/pkg/mcp/guard.go:86.75,90.3 3 1
github.com/capiscio/capiscio-core/v2/pkg/mcp/guard.go:93.2,93.70 1 1
github.com/capiscio/capiscio-core/v2/pkg/mcp/guard.go:93.70,94.54 1 1
github.com/capiscio/capiscio-core/v2/pkg/mcp/guard.go:94.54,98.4 3 1
github.com/capiscio/capiscio-core/v2/pkg/mcp/guard.go:102.2,118.37 2 1
github.com/capiscio/capiscio-core/v2/pkg/mcp/guard.go:118.37,120.3 1 1
github.com/capiscio/capiscio-core/v2/pkg/mcp/guard.go:123.2,127.16 3 1
github.com/capiscio/capiscio-core/v2/pkg/mcp/guard.go:127.16,129.3 1 0
github.com/capiscio/capiscio-core/v2/pkg/mcp/guard.go:130.2,132.20 2 1
github.com/capiscio/capiscio-core/v2/pkg/mcp/guard.go:140.58,141.9 1 1
github.com/capiscio/capiscio-core/v2/pkg/mcp/guard.go:142.33,144.67 1 0
github.com/capiscio/capiscio-core/v2/pkg/mcp/guard.go:146.31,149.24 1 0
github.com/capiscio/capiscio-core/v2/pkg/mcp/guard.go:151.10,153.58 1 1
github.com/capiscio/capiscio-core/v2/pkg/mcp/guard.go:153.58,155.4 1 1
github.com/capiscio/capiscio-core/v2/pkg/mcp/guard.go:156.3,156.24 1 1
github.com/capiscio/capiscio-core/v2/pkg/mcp/guard.go:165.58,166.28 1 0
github.com/capiscio/capiscio-core/v2/pkg/mcp/guard.go:166.28,168.3 1 0
github.com/capiscio/capiscio-core/v2/pkg/mcp/guard.go:171.2,178.16 3 0
github.com/capiscio/capiscio-core/v2/pkg/mcp/guard.go:178.16,181.3 1 0
github.com/capiscio/capiscio-core/v2/pkg/mcp/guard.go:184.2,186.25 3 0
github.com/capiscio/capiscio-core/v2/pkg/mcp/guard.go:186.25,188.3 1 0
github.com/capiscio/capiscio-core/v2/pkg/mcp/guard.go:190.2,190.66 1 0
github.com/capiscio/capiscio-core/v2/pkg/mcp/guard.go:194.76,195.39 1 1
github.com/capiscio/capiscio-core/v2/pkg/mcp/guard.go:195.39,197.28 2 1
github.com/capiscio/capiscio-core/v2/pkg/mcp/guard.go:197.28,199.4 1 1
github.com/capiscio/capiscio-core/v2/pkg/mcp/guard.go:201.2,201.14 1 1
github.com/capiscio/capiscio-core/v2/pkg/mcp/health.go:25.69,28.16 2 1
github.com/capiscio/capiscio-core/v2/pkg/mcp/health.go:28.16,30.3 1 1
github.com/capiscio/capiscio-core/v2/pkg/mcp/health.go:32.2,33.19 2 1
github.com/capiscio/capiscio-core/v2/pkg/mcp/health.go:33.19,35.3 1 0
github.com/capiscio/capiscio-core/v2/pkg/mcp/health.go:38.2,38.37 1 1
github.com/capiscio/capiscio-core/v2/pkg/mcp/health.go:38.37,40.3 1 1
github.com/capiscio/capiscio-core/v2/pkg/mcp/health.go:43.2,43.20 1 1
github.com/capiscio/capiscio-core/v2/pkg/mcp/health.go:43.20,45.3 1 1
github.com/capiscio/capiscio-core/v2/pkg/mcp/health.go:47.2,47.26 1 1
github.com/capiscio/capiscio-core/v2/pkg/mcp/health.go:58.55,62.18 3 1
github.com/capiscio/capiscio-core/v2/pkg/mcp/health.go:62.18,64.3 1 1
github.com/capiscio/capiscio-core/v2/pkg/mcp/health.go:66.2,70.65 4 1
github.com/capiscio/capiscio-core/v2/pkg/mcp/health.go:74.46,75.24 1 1
github.com/capiscio/capiscio-core/v2/pkg/mcp/health.go:75.24,76.24 1 1
github.com/capiscio/capiscio-core/v2/pkg/mcp/health.go:76.24,78.4 1 1
github.com/capiscio/capiscio-core/v2/pkg/mcp/health.go:79.3,79.11 1 1
github.com/capiscio/capiscio-core/v2/pkg/mcp/health.go:81.2,81.24 1 1
github.com/capiscio/capiscio-core/v2/pkg/mcp/health.go:81.24,82.24 1 1
github.com/capiscio/capiscio-core/v2/pkg/mcp/health.go:82.24,84.4 1 1
github.com/capiscio/capiscio-core/v2/pkg/mcp/health.go:85.3,85.11 1 1
github.com/capiscio/capiscio-core/v2/pkg/mcp/health.go:87.2,87.24 1 1
github.com/capiscio/capiscio-core/v2/pkg/mcp/health.go:87.24,88.24 1 1
github.com/capiscio/capiscio-core/v2/pkg/mcp/health.go:88.24,90.4 1 1
github.com/capiscio/capiscio-core/v2/pkg/mcp/health.go:91.3,91.11 1 1
github.com/capiscio/capiscio-core/v2/pkg/mcp/health.go:93.2,93.10 1 1
github.com/capiscio/capiscio-core/v2/pkg/mcp/health.go:112.34,118.2 1 1
github.com/capiscio/capiscio-core/v2/pkg/mcp/server_identity.go:41.87,46.2 1 1
github.com/capiscio/capiscio-core/v2/pkg/mcp/server_identity.go:49.127,54.2 1 1
github.com/capiscio/capiscio-core/v2/pkg/mcp/server_identity.go:73.26,74.19 1 1
github.com/capiscio/capiscio-core/v2/pkg/mcp/server_identity.go:74.19,76.3 1 1
github.com/capiscio/capiscio-core/v2/pkg/mcp/server_identity.go:78.2,83.21 2 1
github.com/capiscio/capiscio-core/v2/pkg/mcp/server_identity.go:83.21,88.3 4 1
github.com/capiscio/capiscio-core/v2/pkg/mcp/server_identity.go:91.2,91.26 1 1
github.com/capiscio/capiscio-core/v2/pkg/mcp/server_identity.go:91.26,96.3 4 1
github.com/capiscio/capiscio-core/v2/pkg/mcp/server_identity.go:99.2,100.16 2 1
github.com/capiscio/capiscio-core/v2/pkg/mcp/server_identity.go:100.16,105.3 4 1
github.com/capiscio/capiscio-core/v2/pkg/mcp/server_identity.go:108.2,108.39 1 1
github.com/capiscio/capiscio-core/v2/pkg/mcp/server_identity.go:108.39,109.67 1 1
github.com/capiscio/capiscio-core/v2/pkg/mcp/server_identity.go:109.67,114.4 4 1
github.com/capiscio/capiscio-core/v2/pkg/mcp/server_identity.go:118.2,118.57 1 1
github.com/capiscio/capiscio-core/v2/pkg/mcp/server_identity.go:118.57,119.57 1 1
github.com/capiscio/capiscio-core/v2/pkg/mcp/server_identity.go:119.57,124.4 4 1
github.com/capiscio/capiscio-core/v2/pkg/mcp/server_identity.go:129.2,132.16 2 1
github.com/capiscio/capiscio-core/v2/pkg/mcp/server_identity.go:132.16,137.3 4 1
github.com/capiscio/capiscio-core/v2/pkg/mcp/server_identity.go:140.2,140.45 1 0
github.com/capiscio/capiscio-core/v2/pkg/mcp/server_identity.go:140.45,146.3 4 0
github.com/capiscio/capiscio-core/v2/pkg/mcp/server_identity.go:149.2,157.20 6 0
github.com/capiscio/capiscio-core/v2/pkg/mcp/server_identity.go:175.26,177.50 1 1
github.com/capiscio/capiscio-core/v2/pkg/mcp/server_identity.go:177.50,179.3 1 1
github.com/capiscio/capiscio-core/v2/pkg/mcp/server_identity.go:182.2,182.45 1 1
github.com/capiscio/capiscio-core/v2/pkg/mcp/server_identity.go:182.45,187.3 3 1
github.com/capiscio/capiscio-core/v2/pkg/mcp/server_identity.go:190.2,190.93 1 0
github.com/capiscio/capiscio-core/v2/pkg/mcp/server_identity.go:190.93,195.3 3 0
github.com/capiscio/capiscio-core/v2/pkg/mcp/server_identity.go:198.2,205.20 5 0
github.com/capiscio/capiscio-core/v2/pkg/mcp/server_identity.go:219.26,221.60 1 0
github.com/capiscio/capiscio-core/v2/pkg/mcp/server_identity.go:221.60,231.3 1 0
github.com/capiscio/capiscio-core/v2/pkg/mcp/server_identity.go:234.2,235.16 2 0
github.com/capiscio/capiscio-core/v2/pkg/mcp/server_identity.go:235.16,237.3 1 0
github.com/capiscio/capiscio-core/v2/pkg/mcp/server_identity.go:240.2,240.93 1 0
github.com/capiscio/capiscio-core/v2/pkg/mcp/server_identity.go:240.93,242.44 2 0
github.com/capiscio/capiscio-core/v2/pkg/mcp/server_identity.go:242.44,244.4 1 0
github.com/capiscio/capiscio-core/v2/pkg/mcp/server_identity.go:245.3,246.17 2 0
github.com/capiscio/capiscio-core/v2/pkg/mcp/server_identity.go:246.17,248.4 1 0
github.com/capiscio/capiscio-core/v2/pkg/mcp/server_identity.go:251.2,251.20 1 0
github.com/capiscio/capiscio-core/v2/pkg/mcp/server_identity.go:255.69,264.2 2 1
github.com/capiscio/capiscio-core/v2/pkg/mcp/server_identity.go:268.93,271.2 2 1
github.com/capiscio/capiscio-core/v2/pkg/mcp/server_identity.go:274.70,276.2 1 1
github.com/capiscio/capiscio-core/v2/pkg/mcp/server_identity.go:281.77,283.2 1 1
github.com/capiscio/capiscio-core/v2/pkg/mcp/server_identity.go:287.53,289.2 1 1
github.com/capiscio/capiscio-core/v2/pkg/mcp/server_identity.go:293.118,295.2 1 1
github.com/capiscio/capiscio-core/v2/pkg/mcp/server_identity.go:298.60,299.28 1 1
github.com/capiscio/capiscio-core/v2/pkg/mcp/server_identity.go:299.28,300.18 1 1
github.com/capiscio/capiscio-core/v2/pkg/mcp/server_identity.go:300.18,302.4 1 1
github.com/capiscio/capiscio-core/v2/pkg/mcp/server_identity.go:304.2,304.14 1 1
github.com/capiscio/capiscio-core/v2/pkg/mcp/server_identity.go:309.77,310.27 1 1
github.com/capiscio/capiscio-core/v2/pkg/mcp/server_identity.go:310.27,312.3 1 1
github.com/capiscio/capiscio-core/v2/pkg/mcp/server_identity.go:315.2,316.40 2 1
github.com/capiscio/capiscio-core/v2/pkg/mcp/server_identity.go:316.40,318.3 1 1
github.com/capiscio/capiscio-core/v2/pkg/mcp/server_identity.go:321.2,321.40 1 1
github.com/capiscio/capiscio-core/v2/pkg/mcp/server_identity.go:321.40,323.3 1 1
github.com/capiscio/capiscio-core/v2/pkg/mcp/server_identity.go:328.2,328.37 1 1
github.com/capiscio/capiscio-core/v2/pkg/mcp/server_identity.go:328.37,330.55 2 1
github.com/capiscio/capiscio-core/v2/pkg/mcp/server_identity.go:330.55,332.4 1 1
github.com/capiscio/capiscio-core/v2/pkg/mcp/server_identity.go:335.2,335.13 1 1
github.com/capiscio/capiscio-core/v2/pkg/mcp/server_identity.go:342.66,347.2 1 1
github.com/capiscio/capiscio-core/v2/pkg/mcp/server_identity.go:355.68,358.17 2 1
github.com/capiscio/capiscio-core/v2/pkg/mcp/server_identity.go:358.17,360.3 1 1
github.com/capiscio/capiscio-core/v2/pkg/mcp/server_identity.go:362.2,362.57 1 1
github.com/capiscio/capiscio-core/v2/pkg/mcp/server_identity.go:362.57,364.3 1 1
github.com/capiscio/capiscio-core/v2/pkg/mcp/server_identity.go:365.2,365.61 1 1
github.com/capiscio/capiscio-core/v2/pkg/mcp/server_identity.go:365.61,367.3 1 1
github.com/capiscio/capiscio-core/v2/pkg/mcp/server_identity.go:369.2,369.15 1 1
github.com/capiscio/capiscio-core/v2/pkg/mcp/server_identity.go:374.94,375.17 1 1
github.com/capiscio/capiscio-core/v2/pkg/mcp/server_identity.go:375.17,377.3 1 1
github.com/capiscio/capiscio-core/v2/pkg/mcp/server_identity.go:378.2,378.84 1 1
github.com/capiscio/capiscio-core/v2/pkg/mcp/service.go:23.46,28.2 1 1
github.com/capiscio/capiscio-core/v2/pkg/mcp/service.go:43.28,52.2 1 1
github.com/capiscio/capiscio-core/v2/pkg/mcp/service.go:66.26,74.2 1 1
github.com/capiscio/capiscio-core/v2/pkg/mcp/service.go:77.90,79.2 1 1
github.com/capiscio/capiscio-core/v2/pkg/mcp/service.go:82.95,84.2 1 1
github.com/capiscio/capiscio-core/v2/pkg/mcp/service.go:92.81,97.2 4 1
github.com/capiscio/capiscio-core/v2/pkg/mcp/types.go:17.35,18.11 1 1
github.com/capiscio/capiscio-core/v2/pkg/mcp/types.go:19.21,20.17 1 1
github.com/capiscio/capiscio-core/v2/pkg/mcp/types.go:21.20,22.16 1 1
github.com/capiscio/capiscio-core/v2/pkg/mcp/types.go:23.10,24.23 1 1
github.com/capiscio/capiscio-core/v2/pkg/mcp/types.go:39.36,40.11 1 1
github.com/capiscio/capiscio-core/v2/pkg/mcp/types.go:41.26,42.21 1 1
github.com/capiscio/capiscio-core/v2/pkg/mcp/types.go:43.23,44.19 1 1
github.com/capiscio/capiscio-core/v2/pkg/mcp/types.go:45.22,46.17 1 1
github.com/capiscio/capiscio-core/v2/pkg/mcp/types.go:47.10,48.23 1 1
github.com/capiscio/capiscio-core/v2/pkg/mcp/types.go:82.38,83.11 1 1
github.com/capiscio/capiscio-core/v2/pkg/mcp/types.go:84.36,85.30 1 1
github.com/capiscio/capiscio-core/v2/pkg/mcp/types.go:86.36,87.30 1 1
github.com/capiscio/capiscio-core/v2/pkg/mcp/types.go:88.35,89.29 1 1
github.com/capiscio/capiscio-core/v2/pkg/mcp/types.go:90.10,91.23 1 1
github.com/capiscio/capiscio-core/v2/pkg/mcp/types.go:108.59,110.2 1 1
github.com/capiscio/capiscio-core/v2/pkg/mcp/types.go:113.58,115.2 1 1
github.com/capiscio/capiscio-core/v2/pkg/mcp/types.go:118.48,120.2 1 1
github.com/capiscio/capiscio-core/v2/pkg/mcp/types.go:123.52,124.9 1 1
github.com/capiscio/capiscio-core/v2/pkg/mcp/types.go:125.24,126.24 1 1
github.com/capiscio/capiscio-core/v2/pkg/mcp/types.go:127.22,128.25 1 1
github.com/capiscio/capiscio-core/v2/pkg/mcp/types.go:129.10,130.28 1 1
github.com/capiscio/capiscio-core/v2/pkg/mcp/types.go:198.42,204.2 1 1
github.com/capiscio/capiscio-core/v2/pkg/mcp/types.go:240.41,241.25 1 1
github.com/capiscio/capiscio-core/v2/pkg/mcp/types.go:242.11,243.11 1 1
github.com/capiscio/capiscio-core/v2/pkg/mcp/types.go:244.11,245.11 1 0
github.com/capiscio/capiscio-core/v2/pkg/mcp/types.go:246.11,247.11 1 1
github.com/capiscio/capiscio-core/v2/pkg/mcp/types.go:248.11,249.11 1 0
github.com/capiscio/capiscio-core/v2/pkg/mcp/types.go:250.11,251.11 1 1
github.com/capiscio/capiscio-core/v2/pkg/mcp/types.go:252.10,253.11 1 1
github.com/capiscio/capiscio-core/v2/pkg/mcp/types.go:258.42,260.2 1 1
github.com/capiscio/capiscio-core/v2/pkg/mcp/types.go:263.42,265.2 1 0
github.com/capiscio/capiscio-core/v2/pkg/mcp/types.go:268.43,270.2 1 0
github.com/capiscio/capiscio-core/v2/pkg/mcp/types.go:273.45,275.2 1 0
