mode: set
github.com/capiscio/capiscio-core/internal/rpc/badge_service.go:21.38,23.2 1 0
github.com/capiscio/capiscio-core/internal/rpc/badge_service.go:26.112,27.23 1 0
github.com/capiscio/capiscio-core/internal/rpc/badge_service.go:27.23,29.3 1 0
github.com/capiscio/capiscio-core/internal/rpc/badge_service.go:32.2,36.72 3 0
github.com/capiscio/capiscio-core/internal/rpc/badge_service.go:36.72,38.3 1 0
github.com/capiscio/capiscio-core/internal/rpc/badge_service.go:41.2,42.9 2 0
github.com/capiscio/capiscio-core/internal/rpc/badge_service.go:42.9,44.3 1 0
github.com/capiscio/capiscio-core/internal/rpc/badge_service.go:47.2,48.16 2 0
github.com/capiscio/capiscio-core/internal/rpc/badge_service.go:48.16,50.3 1 0
github.com/capiscio/capiscio-core/internal/rpc/badge_service.go:52.2,55.8 1 0
github.com/capiscio/capiscio-core/internal/rpc/badge_service.go:59.118,60.21 1 0
github.com/capiscio/capiscio-core/internal/rpc/badge_service.go:60.21,66.3 1 0
github.com/capiscio/capiscio-core/internal/rpc/badge_service.go:69.2,70.16 2 0
github.com/capiscio/capiscio-core/internal/rpc/badge_service.go:70.16,76.3 1 0
github.com/capiscio/capiscio-core/internal/rpc/badge_service.go:79.2,79.28 1 0
github.com/capiscio/capiscio-core/internal/rpc/badge_service.go:79.28,81.72 2 0
github.com/capiscio/capiscio-core/internal/rpc/badge_service.go:81.72,87.4 1 0
github.com/capiscio/capiscio-core/internal/rpc/badge_service.go:89.3,90.17 2 0
github.com/capiscio/capiscio-core/internal/rpc/badge_service.go:90.17,96.4 1 0
github.com/capiscio/capiscio-core/internal/rpc/badge_service.go:99.3,100.58 2 0
github.com/capiscio/capiscio-core/internal/rpc/badge_service.go:100.58,106.4 1 0
github.com/capiscio/capiscio-core/internal/rpc/badge_service.go:108.3,112.9 1 0
github.com/capiscio/capiscio-core/internal/rpc/badge_service.go:116.2,120.8 1 0
github.com/capiscio/capiscio-core/internal/rpc/badge_service.go:124.140,125.21 1 0
github.com/capiscio/capiscio-core/internal/rpc/badge_service.go:125.21,131.3 1 0
github.com/capiscio/capiscio-core/internal/rpc/badge_service.go:135.2,139.8 1 0
github.com/capiscio/capiscio-core/internal/rpc/badge_service.go:143.115,144.21 1 0
github.com/capiscio/capiscio-core/internal/rpc/badge_service.go:144.21,148.3 1 0
github.com/capiscio/capiscio-core/internal/rpc/badge_service.go:151.2,152.16 2 0
github.com/capiscio/capiscio-core/internal/rpc/badge_service.go:152.16,156.3 1 0
github.com/capiscio/capiscio-core/internal/rpc/badge_service.go:159.2,161.57 3 0
github.com/capiscio/capiscio-core/internal/rpc/badge_service.go:161.57,165.3 1 0
github.com/capiscio/capiscio-core/internal/rpc/badge_service.go:167.2,169.8 1 0
github.com/capiscio/capiscio-core/internal/rpc/badge_service.go:174.59,175.15 1 0
github.com/capiscio/capiscio-core/internal/rpc/badge_service.go:175.15,177.3 1 0
github.com/capiscio/capiscio-core/internal/rpc/badge_service.go:178.2,192.3 1 0
github.com/capiscio/capiscio-core/internal/rpc/badge_service.go:195.58,196.14 1 0
github.com/capiscio/capiscio-core/internal/rpc/badge_service.go:196.14,198.3 1 0
github.com/capiscio/capiscio-core/internal/rpc/badge_service.go:199.2,209.3 1 0
github.com/capiscio/capiscio-core/internal/rpc/badge_service.go:212.50,213.12 1 0
github.com/capiscio/capiscio-core/internal/rpc/badge_service.go:214.36,215.13 1 0
github.com/capiscio/capiscio-core/internal/rpc/badge_service.go:216.36,217.13 1 0
github.com/capiscio/capiscio-core/internal/rpc/badge_service.go:218.36,219.13 1 0
github.com/capiscio/capiscio-core/internal/rpc/badge_service.go:220.10,221.12 1 0
github.com/capiscio/capiscio-core/internal/rpc/badge_service.go:225.49,226.11 1 0
github.com/capiscio/capiscio-core/internal/rpc/badge_service.go:227.11,228.38 1 0
github.com/capiscio/capiscio-core/internal/rpc/badge_service.go:229.11,230.38 1 0
github.com/capiscio/capiscio-core/internal/rpc/badge_service.go:231.11,232.38 1 0
github.com/capiscio/capiscio-core/internal/rpc/badge_service.go:233.10,234.47 1 0
github.com/capiscio/capiscio-core/internal/rpc/did_service.go:17.34,19.2 1 0
github.com/capiscio/capiscio-core/internal/rpc/did_service.go:22.104,23.19 1 0
github.com/capiscio/capiscio-core/internal/rpc/did_service.go:23.19,27.3 1 0
github.com/capiscio/capiscio-core/internal/rpc/did_service.go:29.2,30.16 2 0
github.com/capiscio/capiscio-core/internal/rpc/did_service.go:30.16,34.3 1 0
github.com/capiscio/capiscio-core/internal/rpc/did_service.go:36.2,43.8 1 0
github.com/capiscio/capiscio-core/internal/rpc/did_service.go:47.116,48.22 1 0
github.com/capiscio/capiscio-core/internal/rpc/did_service.go:48.22,52.3 1 0
github.com/capiscio/capiscio-core/internal/rpc/did_service.go:53.2,53.23 1 0
github.com/capiscio/capiscio-core/internal/rpc/did_service.go:53.23,57.3 1 0
github.com/capiscio/capiscio-core/internal/rpc/did_service.go:59.2,62.8 2 0
github.com/capiscio/capiscio-core/internal/rpc/did_service.go:66.132,67.23 1 0
github.com/capiscio/capiscio-core/internal/rpc/did_service.go:67.23,71.3 1 0
github.com/capiscio/capiscio-core/internal/rpc/did_service.go:73.2,76.8 2 0
github.com/capiscio/capiscio-core/internal/rpc/did_service.go:80.116,81.19 1 0
github.com/capiscio/capiscio-core/internal/rpc/did_service.go:81.19,85.3 1 0
github.com/capiscio/capiscio-core/internal/rpc/did_service.go:87.2,88.16 2 0
github.com/capiscio/capiscio-core/internal/rpc/did_service.go:88.16,92.3 1 0
github.com/capiscio/capiscio-core/internal/rpc/did_service.go:94.2,96.8 1 0
github.com/capiscio/capiscio-core/internal/rpc/did_service.go:100.113,101.19 1 0
github.com/capiscio/capiscio-core/internal/rpc/did_service.go:101.19,105.3 1 0
github.com/capiscio/capiscio-core/internal/rpc/did_service.go:107.2,108.16 2 0
github.com/capiscio/capiscio-core/internal/rpc/did_service.go:108.16,112.3 1 0
github.com/capiscio/capiscio-core/internal/rpc/did_service.go:114.2,117.8 1 0
github.com/capiscio/capiscio-core/internal/rpc/registry_service.go:16.44,18.2 1 0
github.com/capiscio/capiscio-core/internal/rpc/registry_service.go:21.112,26.2 1 0
github.com/capiscio/capiscio-core/internal/rpc/registry_service.go:29.124,32.2 1 0
github.com/capiscio/capiscio-core/internal/rpc/registry_service.go:35.127,40.2 1 0
github.com/capiscio/capiscio-core/internal/rpc/registry_service.go:43.121,48.2 1 0
github.com/capiscio/capiscio-core/internal/rpc/registry_service.go:51.133,56.2 1 0
github.com/capiscio/capiscio-core/internal/rpc/registry_service.go:59.142,64.2 1 0
github.com/capiscio/capiscio-core/internal/rpc/registry_service.go:67.118,70.2 1 0
github.com/capiscio/capiscio-core/internal/rpc/registry_service.go:73.112,76.2 1 0
github.com/capiscio/capiscio-core/internal/rpc/registry_service.go:79.100,87.2 1 0
github.com/capiscio/capiscio-core/internal/rpc/revocation_service.go:15.48,17.2 1 0
github.com/capiscio/capiscio-core/internal/rpc/revocation_service.go:20.117,25.2 1 0
github.com/capiscio/capiscio-core/internal/rpc/revocation_service.go:28.108,33.2 1 0
github.com/capiscio/capiscio-core/internal/rpc/revocation_service.go:36.114,41.2 1 0
github.com/capiscio/capiscio-core/internal/rpc/revocation_service.go:44.135,47.2 1 0
github.com/capiscio/capiscio-core/internal/rpc/revocation_service.go:50.147,55.2 1 0
github.com/capiscio/capiscio-core/internal/rpc/revocation_service.go:58.120,61.2 1 0
github.com/capiscio/capiscio-core/internal/rpc/revocation_service.go:64.129,67.2 1 0
github.com/capiscio/capiscio-core/internal/rpc/scoring_service.go:21.42,25.2 1 1
github.com/capiscio/capiscio-core/internal/rpc/scoring_service.go:28.80,32.2 1 1
github.com/capiscio/capiscio-core/internal/rpc/scoring_service.go:35.129,36.29 1 1
github.com/capiscio/capiscio-core/internal/rpc/scoring_service.go:36.29,40.3 1 1
github.com/capiscio/capiscio-core/internal/rpc/scoring_service.go:43.2,44.73 2 1
github.com/capiscio/capiscio-core/internal/rpc/scoring_service.go:44.73,48.3 1 1
github.com/capiscio/capiscio-core/internal/rpc/scoring_service.go:52.2,53.16 2 1
github.com/capiscio/capiscio-core/internal/rpc/scoring_service.go:53.16,57.3 1 0
github.com/capiscio/capiscio-core/internal/rpc/scoring_service.go:60.2,64.8 2 1
github.com/capiscio/capiscio-core/internal/rpc/scoring_service.go:68.98,89.32 4 1
github.com/capiscio/capiscio-core/internal/rpc/scoring_service.go:89.32,94.3 1 0
github.com/capiscio/capiscio-core/internal/rpc/scoring_service.go:97.2,98.38 2 1
github.com/capiscio/capiscio-core/internal/rpc/scoring_service.go:98.38,108.3 1 1
github.com/capiscio/capiscio-core/internal/rpc/scoring_service.go:111.2,114.38 2 1
github.com/capiscio/capiscio-core/internal/rpc/scoring_service.go:114.38,121.3 1 1
github.com/capiscio/capiscio-core/internal/rpc/scoring_service.go:123.2,134.3 1 1
github.com/capiscio/capiscio-core/internal/rpc/scoring_service.go:138.65,139.9 1 1
github.com/capiscio/capiscio-core/internal/rpc/scoring_service.go:140.20,141.36 1 1
github.com/capiscio/capiscio-core/internal/rpc/scoring_service.go:142.21,143.31 1 1
github.com/capiscio/capiscio-core/internal/rpc/scoring_service.go:144.20,145.31 1 1
github.com/capiscio/capiscio-core/internal/rpc/scoring_service.go:146.21,147.31 1 1
github.com/capiscio/capiscio-core/internal/rpc/scoring_service.go:148.10,149.35 1 0
github.com/capiscio/capiscio-core/internal/rpc/scoring_service.go:154.81,155.18 1 1
github.com/capiscio/capiscio-core/internal/rpc/scoring_service.go:156.15,157.57 1 1
github.com/capiscio/capiscio-core/internal/rpc/scoring_service.go:158.17,159.59 1 1
github.com/capiscio/capiscio-core/internal/rpc/scoring_service.go:160.14,161.56 1 0
github.com/capiscio/capiscio-core/internal/rpc/scoring_service.go:162.10,163.63 1 0
github.com/capiscio/capiscio-core/internal/rpc/scoring_service.go:168.123,169.22 1 1
github.com/capiscio/capiscio-core/internal/rpc/scoring_service.go:169.22,173.3 1 0
github.com/capiscio/capiscio-core/internal/rpc/scoring_service.go:174.2,174.29 1 1
github.com/capiscio/capiscio-core/internal/rpc/scoring_service.go:174.29,178.3 1 1
github.com/capiscio/capiscio-core/internal/rpc/scoring_service.go:181.2,182.73 2 1
github.com/capiscio/capiscio-core/internal/rpc/scoring_service.go:182.73,186.3 1 1
github.com/capiscio/capiscio-core/internal/rpc/scoring_service.go:189.2,190.16 2 1
github.com/capiscio/capiscio-core/internal/rpc/scoring_service.go:190.16,194.3 1 0
github.com/capiscio/capiscio-core/internal/rpc/scoring_service.go:197.2,197.38 1 1
github.com/capiscio/capiscio-core/internal/rpc/scoring_service.go:197.38,198.31 1 1
github.com/capiscio/capiscio-core/internal/rpc/scoring_service.go:198.31,210.4 1 1
github.com/capiscio/capiscio-core/internal/rpc/scoring_service.go:214.2,220.8 1 1
github.com/capiscio/capiscio-core/internal/rpc/scoring_service.go:224.123,238.2 2 1
github.com/capiscio/capiscio-core/internal/rpc/scoring_service.go:241.117,242.18 1 1
github.com/capiscio/capiscio-core/internal/rpc/scoring_service.go:242.18,246.3 1 0
github.com/capiscio/capiscio-core/internal/rpc/scoring_service.go:249.2,249.25 1 1
github.com/capiscio/capiscio-core/internal/rpc/scoring_service.go:249.25,253.3 1 1
github.com/capiscio/capiscio-core/internal/rpc/scoring_service.go:255.2,263.8 1 1
github.com/capiscio/capiscio-core/internal/rpc/scoring_service.go:267.55,334.2 1 1
github.com/capiscio/capiscio-core/internal/rpc/scoring_service.go:337.132,338.27 1 1
github.com/capiscio/capiscio-core/internal/rpc/scoring_service.go:338.27,343.3 1 1
github.com/capiscio/capiscio-core/internal/rpc/scoring_service.go:346.2,350.37 4 1
github.com/capiscio/capiscio-core/internal/rpc/scoring_service.go:350.37,353.41 2 1
github.com/capiscio/capiscio-core/internal/rpc/scoring_service.go:353.41,357.4 3 0
github.com/capiscio/capiscio-core/internal/rpc/scoring_service.go:361.2,362.31 2 1
github.com/capiscio/capiscio-core/internal/rpc/scoring_service.go:363.13,365.37 2 1
github.com/capiscio/capiscio-core/internal/rpc/scoring_service.go:365.37,366.33 1 1
github.com/capiscio/capiscio-core/internal/rpc/scoring_service.go:366.33,368.5 1 1
github.com/capiscio/capiscio-core/internal/rpc/scoring_service.go:370.3,370.28 1 1
github.com/capiscio/capiscio-core/internal/rpc/scoring_service.go:371.13,373.37 2 1
github.com/capiscio/capiscio-core/internal/rpc/scoring_service.go:373.37,374.33 1 1
github.com/capiscio/capiscio-core/internal/rpc/scoring_service.go:374.33,376.5 1 1
github.com/capiscio/capiscio-core/internal/rpc/scoring_service.go:378.3,378.28 1 1
github.com/capiscio/capiscio-core/internal/rpc/scoring_service.go:379.10,380.42 1 1
github.com/capiscio/capiscio-core/internal/rpc/scoring_service.go:384.2,385.41 2 1
github.com/capiscio/capiscio-core/internal/rpc/scoring_service.go:385.41,387.3 1 0
github.com/capiscio/capiscio-core/internal/rpc/scoring_service.go:389.2,393.8 1 1
github.com/capiscio/capiscio-core/internal/rpc/server.go:16.44,31.16 8 0
github.com/capiscio/capiscio-core/internal/rpc/server.go:31.16,33.3 1 0
github.com/capiscio/capiscio-core/internal/rpc/server.go:33.8,35.3 1 0
github.com/capiscio/capiscio-core/internal/rpc/server.go:37.2,40.64 4 0
github.com/capiscio/capiscio-core/internal/rpc/simpleguard_service.go:41.50,45.2 1 0
github.com/capiscio/capiscio-core/internal/rpc/simpleguard_service.go:48.103,53.13 4 0
github.com/capiscio/capiscio-core/internal/rpc/simpleguard_service.go:53.13,57.3 1 0
github.com/capiscio/capiscio-core/internal/rpc/simpleguard_service.go:59.2,59.29 1 0
github.com/capiscio/capiscio-core/internal/rpc/simpleguard_service.go:59.29,63.3 1 0
github.com/capiscio/capiscio-core/internal/rpc/simpleguard_service.go:66.2,71.8 2 0
github.com/capiscio/capiscio-core/internal/rpc/simpleguard_service.go:75.109,78.48 2 0
github.com/capiscio/capiscio-core/internal/rpc/simpleguard_service.go:78.48,81.17 3 0
github.com/capiscio/capiscio-core/internal/rpc/simpleguard_service.go:81.17,86.4 1 0
github.com/capiscio/capiscio-core/internal/rpc/simpleguard_service.go:90.2,93.35 3 0
github.com/capiscio/capiscio-core/internal/rpc/simpleguard_service.go:93.35,94.62 1 0
github.com/capiscio/capiscio-core/internal/rpc/simpleguard_service.go:94.62,95.12 1 0
github.com/capiscio/capiscio-core/internal/rpc/simpleguard_service.go:98.3,98.56 1 0
github.com/capiscio/capiscio-core/internal/rpc/simpleguard_service.go:98.56,104.4 1 0
github.com/capiscio/capiscio-core/internal/rpc/simpleguard_service.go:107.2,110.8 1 0
github.com/capiscio/capiscio-core/internal/rpc/simpleguard_service.go:114.127,119.13 4 0
github.com/capiscio/capiscio-core/internal/rpc/simpleguard_service.go:119.13,123.3 1 0
github.com/capiscio/capiscio-core/internal/rpc/simpleguard_service.go:125.2,125.29 1 0
github.com/capiscio/capiscio-core/internal/rpc/simpleguard_service.go:125.29,129.3 1 0
github.com/capiscio/capiscio-core/internal/rpc/simpleguard_service.go:132.2,137.32 4 0
github.com/capiscio/capiscio-core/internal/rpc/simpleguard_service.go:137.32,139.3 1 0
github.com/capiscio/capiscio-core/internal/rpc/simpleguard_service.go:141.2,142.16 2 0
github.com/capiscio/capiscio-core/internal/rpc/simpleguard_service.go:142.16,146.3 1 0
github.com/capiscio/capiscio-core/internal/rpc/simpleguard_service.go:149.2,156.26 3 0
github.com/capiscio/capiscio-core/internal/rpc/simpleguard_service.go:156.26,159.3 2 0
github.com/capiscio/capiscio-core/internal/rpc/simpleguard_service.go:162.2,163.16 2 0
github.com/capiscio/capiscio-core/internal/rpc/simpleguard_service.go:163.16,167.3 1 0
github.com/capiscio/capiscio-core/internal/rpc/simpleguard_service.go:170.2,171.16 2 0
github.com/capiscio/capiscio-core/internal/rpc/simpleguard_service.go:171.16,175.3 1 0
github.com/capiscio/capiscio-core/internal/rpc/simpleguard_service.go:177.2,178.16 2 0
github.com/capiscio/capiscio-core/internal/rpc/simpleguard_service.go:178.16,182.3 1 0
github.com/capiscio/capiscio-core/internal/rpc/simpleguard_service.go:184.2,186.8 1 0
github.com/capiscio/capiscio-core/internal/rpc/simpleguard_service.go:190.133,193.16 2 0
github.com/capiscio/capiscio-core/internal/rpc/simpleguard_service.go:193.16,198.3 1 0
github.com/capiscio/capiscio-core/internal/rpc/simpleguard_service.go:201.2,202.32 2 0
github.com/capiscio/capiscio-core/internal/rpc/simpleguard_service.go:202.32,204.3 1 0
github.com/capiscio/capiscio-core/internal/rpc/simpleguard_service.go:207.2,211.13 4 0
github.com/capiscio/capiscio-core/internal/rpc/simpleguard_service.go:211.13,216.3 1 0
github.com/capiscio/capiscio-core/internal/rpc/simpleguard_service.go:219.2,220.16 2 0
github.com/capiscio/capiscio-core/internal/rpc/simpleguard_service.go:220.16,225.3 1 0
github.com/capiscio/capiscio-core/internal/rpc/simpleguard_service.go:228.2,229.57 2 0
github.com/capiscio/capiscio-core/internal/rpc/simpleguard_service.go:229.57,234.3 1 0
github.com/capiscio/capiscio-core/internal/rpc/simpleguard_service.go:237.2,238.44 2 0
github.com/capiscio/capiscio-core/internal/rpc/simpleguard_service.go:238.44,239.24 1 0
github.com/capiscio/capiscio-core/internal/rpc/simpleguard_service.go:239.24,244.4 1 0
github.com/capiscio/capiscio-core/internal/rpc/simpleguard_service.go:248.2,248.41 1 0
github.com/capiscio/capiscio-core/internal/rpc/simpleguard_service.go:248.41,250.21 2 0
github.com/capiscio/capiscio-core/internal/rpc/simpleguard_service.go:250.21,255.4 1 0
github.com/capiscio/capiscio-core/internal/rpc/simpleguard_service.go:257.3,259.23 3 0
github.com/capiscio/capiscio-core/internal/rpc/simpleguard_service.go:259.23,264.4 1 0
github.com/capiscio/capiscio-core/internal/rpc/simpleguard_service.go:267.2,271.8 1 0
github.com/capiscio/capiscio-core/internal/rpc/simpleguard_service.go:275.136,277.122 1 0
github.com/capiscio/capiscio-core/internal/rpc/simpleguard_service.go:277.122,281.3 1 0
github.com/capiscio/capiscio-core/internal/rpc/simpleguard_service.go:284.2,285.16 2 0
github.com/capiscio/capiscio-core/internal/rpc/simpleguard_service.go:285.16,289.3 1 0
github.com/capiscio/capiscio-core/internal/rpc/simpleguard_service.go:292.2,293.17 2 0
github.com/capiscio/capiscio-core/internal/rpc/simpleguard_service.go:293.17,297.3 2 0
github.com/capiscio/capiscio-core/internal/rpc/simpleguard_service.go:300.2,332.8 8 0
github.com/capiscio/capiscio-core/internal/rpc/simpleguard_service.go:336.112,339.16 2 0
github.com/capiscio/capiscio-core/internal/rpc/simpleguard_service.go:339.16,343.3 1 0
github.com/capiscio/capiscio-core/internal/rpc/simpleguard_service.go:346.2,347.18 2 0
github.com/capiscio/capiscio-core/internal/rpc/simpleguard_service.go:347.18,351.3 1 0
github.com/capiscio/capiscio-core/internal/rpc/simpleguard_service.go:353.2,357.20 3 0
github.com/capiscio/capiscio-core/internal/rpc/simpleguard_service.go:358.21,360.17 2 0
github.com/capiscio/capiscio-core/internal/rpc/simpleguard_service.go:360.17,364.4 1 0
github.com/capiscio/capiscio-core/internal/rpc/simpleguard_service.go:365.3,366.10 2 0
github.com/capiscio/capiscio-core/internal/rpc/simpleguard_service.go:366.10,370.4 1 0
github.com/capiscio/capiscio-core/internal/rpc/simpleguard_service.go:371.3,373.58 3 0
github.com/capiscio/capiscio-core/internal/rpc/simpleguard_service.go:375.20,377.17 2 0
github.com/capiscio/capiscio-core/internal/rpc/simpleguard_service.go:377.17,381.4 1 0
github.com/capiscio/capiscio-core/internal/rpc/simpleguard_service.go:382.3,383.10 2 0
github.com/capiscio/capiscio-core/internal/rpc/simpleguard_service.go:383.10,387.4 1 0
github.com/capiscio/capiscio-core/internal/rpc/simpleguard_service.go:388.3,389.58 2 0
github.com/capiscio/capiscio-core/internal/rpc/simpleguard_service.go:391.10,394.9 1 0
github.com/capiscio/capiscio-core/internal/rpc/simpleguard_service.go:398.2,409.8 6 0
github.com/capiscio/capiscio-core/internal/rpc/simpleguard_service.go:413.118,418.13 4 0
github.com/capiscio/capiscio-core/internal/rpc/simpleguard_service.go:418.13,422.3 1 0
github.com/capiscio/capiscio-core/internal/rpc/simpleguard_service.go:424.2,426.24 2 0
github.com/capiscio/capiscio-core/internal/rpc/simpleguard_service.go:426.24,427.30 1 0
github.com/capiscio/capiscio-core/internal/rpc/simpleguard_service.go:427.30,431.4 1 0
github.com/capiscio/capiscio-core/internal/rpc/simpleguard_service.go:432.3,435.5 1 0
github.com/capiscio/capiscio-core/internal/rpc/simpleguard_service.go:436.8,442.3 2 0
github.com/capiscio/capiscio-core/internal/rpc/simpleguard_service.go:444.2,444.66 1 0
github.com/capiscio/capiscio-core/internal/rpc/simpleguard_service.go:444.66,448.3 1 0
github.com/capiscio/capiscio-core/internal/rpc/simpleguard_service.go:450.2,452.8 1 0
github.com/capiscio/capiscio-core/internal/rpc/simpleguard_service.go:456.121,461.13 4 0
github.com/capiscio/capiscio-core/internal/rpc/simpleguard_service.go:461.13,465.3 1 0
github.com/capiscio/capiscio-core/internal/rpc/simpleguard_service.go:467.2,481.8 3 0
github.com/capiscio/capiscio-core/internal/rpc/simpleguard_service.go:484.54,486.16 2 0
github.com/capiscio/capiscio-core/internal/rpc/simpleguard_service.go:486.16,487.13 1 0
github.com/capiscio/capiscio-core/internal/rpc/simpleguard_service.go:489.2,489.13 1 0
github.com/capiscio/capiscio-core/internal/rpc/trust_service.go:27.57,29.16 2 0
github.com/capiscio/capiscio-core/internal/rpc/trust_service.go:29.16,31.3 1 0
github.com/capiscio/capiscio-core/internal/rpc/trust_service.go:32.2,32.46 1 0
github.com/capiscio/capiscio-core/internal/rpc/trust_service.go:36.108,39.20 2 0
github.com/capiscio/capiscio-core/internal/rpc/trust_service.go:40.35,41.61 1 0
github.com/capiscio/capiscio-core/internal/rpc/trust_service.go:41.61,45.4 1 0
github.com/capiscio/capiscio-core/internal/rpc/trust_service.go:46.35,49.19 2 0
github.com/capiscio/capiscio-core/internal/rpc/trust_service.go:49.19,53.4 1 0
github.com/capiscio/capiscio-core/internal/rpc/trust_service.go:54.3,55.17 2 0
github.com/capiscio/capiscio-core/internal/rpc/trust_service.go:55.17,59.4 1 0
github.com/capiscio/capiscio-core/internal/rpc/trust_service.go:61.3,66.4 1 0
github.com/capiscio/capiscio-core/internal/rpc/trust_service.go:67.10,70.9 1 0
github.com/capiscio/capiscio-core/internal/rpc/trust_service.go:74.2,74.21 1 0
github.com/capiscio/capiscio-core/internal/rpc/trust_service.go:74.21,76.3 1 0
github.com/capiscio/capiscio-core/internal/rpc/trust_service.go:78.2,78.41 1 0
github.com/capiscio/capiscio-core/internal/rpc/trust_service.go:78.41,82.3 1 0
github.com/capiscio/capiscio-core/internal/rpc/trust_service.go:84.2,86.8 1 0
github.com/capiscio/capiscio-core/internal/rpc/trust_service.go:90.117,91.48 1 0
github.com/capiscio/capiscio-core/internal/rpc/trust_service.go:91.48,95.3 1 0
github.com/capiscio/capiscio-core/internal/rpc/trust_service.go:96.2,96.37 1 0
github.com/capiscio/capiscio-core/internal/rpc/trust_service.go:100.108,102.16 2 0
github.com/capiscio/capiscio-core/internal/rpc/trust_service.go:102.16,106.3 1 0
github.com/capiscio/capiscio-core/internal/rpc/trust_service.go:109.2,118.8 2 0
github.com/capiscio/capiscio-core/internal/rpc/trust_service.go:122.114,124.16 2 0
github.com/capiscio/capiscio-core/internal/rpc/trust_service.go:124.16,126.3 1 0
github.com/capiscio/capiscio-core/internal/rpc/trust_service.go:128.2,129.27 2 0
github.com/capiscio/capiscio-core/internal/rpc/trust_service.go:129.27,137.3 2 0
github.com/capiscio/capiscio-core/internal/rpc/trust_service.go:139.2,141.8 1 0
github.com/capiscio/capiscio-core/internal/rpc/trust_service.go:145.117,150.2 2 0
github.com/capiscio/capiscio-core/internal/rpc/trust_service.go:153.147,155.16 2 0
github.com/capiscio/capiscio-core/internal/rpc/trust_service.go:155.16,159.3 1 0
github.com/capiscio/capiscio-core/internal/rpc/trust_service.go:161.2,164.32 3 0
github.com/capiscio/capiscio-core/internal/rpc/trust_service.go:164.32,165.20 1 0
github.com/capiscio/capiscio-core/internal/rpc/trust_service.go:165.20,166.12 1 0
github.com/capiscio/capiscio-core/internal/rpc/trust_service.go:169.3,170.37 2 0
github.com/capiscio/capiscio-core/internal/rpc/trust_service.go:170.37,171.12 1 0
github.com/capiscio/capiscio-core/internal/rpc/trust_service.go:174.3,176.17 3 0
github.com/capiscio/capiscio-core/internal/rpc/trust_service.go:176.17,178.12 2 0
github.com/capiscio/capiscio-core/internal/rpc/trust_service.go:181.3,183.20 2 0
github.com/capiscio/capiscio-core/internal/rpc/trust_service.go:183.20,184.53 1 0
github.com/capiscio/capiscio-core/internal/rpc/trust_service.go:184.53,186.13 2 0
github.com/capiscio/capiscio-core/internal/rpc/trust_service.go:188.9,188.27 1 0
github.com/capiscio/capiscio-core/internal/rpc/trust_service.go:188.27,190.20 2 0
github.com/capiscio/capiscio-core/internal/rpc/trust_service.go:190.20,192.13 2 0
github.com/capiscio/capiscio-core/internal/rpc/trust_service.go:194.4,195.18 2 0
github.com/capiscio/capiscio-core/internal/rpc/trust_service.go:195.18,197.13 2 0
github.com/capiscio/capiscio-core/internal/rpc/trust_service.go:200.4,206.44 3 0
github.com/capiscio/capiscio-core/internal/rpc/trust_service.go:206.44,208.5 1 0
github.com/capiscio/capiscio-core/internal/rpc/trust_service.go:211.3,211.22 1 0
github.com/capiscio/capiscio-core/internal/rpc/trust_service.go:211.22,213.12 2 0
github.com/capiscio/capiscio-core/internal/rpc/trust_service.go:216.3,216.42 1 0
github.com/capiscio/capiscio-core/internal/rpc/trust_service.go:216.42,218.12 2 0
github.com/capiscio/capiscio-core/internal/rpc/trust_service.go:221.3,221.13 1 0
github.com/capiscio/capiscio-core/internal/rpc/trust_service.go:224.2,227.8 1 0
github.com/capiscio/capiscio-core/internal/rpc/trust_service.go:231.141,233.16 2 0
github.com/capiscio/capiscio-core/internal/rpc/trust_service.go:233.16,237.3 1 0
github.com/capiscio/capiscio-core/internal/rpc/trust_service.go:240.2,240.61 1 0
github.com/capiscio/capiscio-core/internal/rpc/trust_service.go:240.61,244.3 1 0
github.com/capiscio/capiscio-core/internal/rpc/trust_service.go:246.2,247.27 2 0
github.com/capiscio/capiscio-core/internal/rpc/trust_service.go:247.27,251.21 3 0
github.com/capiscio/capiscio-core/internal/rpc/trust_service.go:252.36,254.16 2 0
github.com/capiscio/capiscio-core/internal/rpc/trust_service.go:255.36,257.11 2 0
github.com/capiscio/capiscio-core/internal/rpc/trust_service.go:257.11,258.13 1 0
github.com/capiscio/capiscio-core/internal/rpc/trust_service.go:260.4,265.16 3 0
github.com/capiscio/capiscio-core/internal/rpc/trust_service.go:266.11,268.16 2 0
github.com/capiscio/capiscio-core/internal/rpc/trust_service.go:271.3,272.56 2 0
github.com/capiscio/capiscio-core/internal/rpc/trust_service.go:272.56,273.12 1 0
github.com/capiscio/capiscio-core/internal/rpc/trust_service.go:275.3,275.13 1 0
github.com/capiscio/capiscio-core/internal/rpc/trust_service.go:278.2,280.8 1 0
github.com/capiscio/capiscio-core/internal/rpc/trust_service.go:284.113,286.16 2 0
github.com/capiscio/capiscio-core/internal/rpc/trust_service.go:286.16,288.3 1 0
github.com/capiscio/capiscio-core/internal/rpc/trust_service.go:290.2,291.27 2 0
github.com/capiscio/capiscio-core/internal/rpc/trust_service.go:291.27,292.51 1 0
github.com/capiscio/capiscio-core/internal/rpc/trust_service.go:292.51,294.4 1 0
github.com/capiscio/capiscio-core/internal/rpc/trust_service.go:297.2,299.8 1 0
github.com/capiscio/capiscio-core/internal/rpc/trust_service.go:303.102,311.2 1 0
github.com/capiscio/capiscio-core/internal/rpc/trust_service.go:314.51,315.13 1 0
github.com/capiscio/capiscio-core/internal/rpc/trust_service.go:316.15,317.47 1 0
github.com/capiscio/capiscio-core/internal/rpc/trust_service.go:318.15,319.50 1 0
github.com/capiscio/capiscio-core/internal/rpc/trust_service.go:320.15,321.50 1 0
github.com/capiscio/capiscio-core/internal/rpc/trust_service.go:322.33,323.48 1 0
github.com/capiscio/capiscio-core/internal/rpc/trust_service.go:324.10,325.51 1 0
github.com/capiscio/capiscio-core/internal/rpc/trust_service.go:330.40,332.30 2 0
github.com/capiscio/capiscio-core/internal/rpc/trust_service.go:332.30,333.12 1 0
github.com/capiscio/capiscio-core/internal/rpc/trust_service.go:334.53,335.28 1 0
github.com/capiscio/capiscio-core/internal/rpc/trust_service.go:336.11,337.26 1 0
github.com/capiscio/capiscio-core/internal/rpc/trust_service.go:340.2,340.21 1 0
