mode: set
github.com/capiscio/capiscio-core/v2/pkg/pop/primitives.go:80.46,81.15 1 1
github.com/capiscio/capiscio-core/v2/pkg/pop/primitives.go:81.15,83.3 1 1
github.com/capiscio/capiscio-core/v2/pkg/pop/primitives.go:85.2,86.44 2 1
github.com/capiscio/capiscio-core/v2/pkg/pop/primitives.go:86.44,88.3 1 0
github.com/capiscio/capiscio-core/v2/pkg/pop/primitives.go:90.2,90.57 1 1
github.com/capiscio/capiscio-core/v2/pkg/pop/primitives.go:94.77,96.16 2 1
github.com/capiscio/capiscio-core/v2/pkg/pop/primitives.go:96.16,98.3 1 0
github.com/capiscio/capiscio-core/v2/pkg/pop/primitives.go:100.2,106.8 2 1
github.com/capiscio/capiscio-core/v2/pkg/pop/primitives.go:110.38,112.2 1 1
github.com/capiscio/capiscio-core/v2/pkg/pop/primitives.go:124.91,125.47 1 1
github.com/capiscio/capiscio-core/v2/pkg/pop/primitives.go:125.47,127.3 1 1
github.com/capiscio/capiscio-core/v2/pkg/pop/primitives.go:129.2,135.16 2 1
github.com/capiscio/capiscio-core/v2/pkg/pop/primitives.go:135.16,137.3 1 0
github.com/capiscio/capiscio-core/v2/pkg/pop/primitives.go:139.2,140.16 2 1
github.com/capiscio/capiscio-core/v2/pkg/pop/primitives.go:140.16,142.3 1 0
github.com/capiscio/capiscio-core/v2/pkg/pop/primitives.go:144.2,144.31 1 1
github.com/capiscio/capiscio-core/v2/pkg/pop/primitives.go:148.107,150.16 2 1
github.com/capiscio/capiscio-core/v2/pkg/pop/primitives.go:150.16,152.3 1 0
github.com/capiscio/capiscio-core/v2/pkg/pop/primitives.go:154.2,158.8 1 1
github.com/capiscio/capiscio-core/v2/pkg/pop/primitives.go:170.100,172.16 2 1
github.com/capiscio/capiscio-core/v2/pkg/pop/primitives.go:172.16,174.3 1 1
github.com/capiscio/capiscio-core/v2/pkg/pop/primitives.go:176.2,177.16 2 1
github.com/capiscio/capiscio-core/v2/pkg/pop/primitives.go:177.16,179.3 1 1
github.com/capiscio/capiscio-core/v2/pkg/pop/primitives.go:181.2,181.38 1 1
github.com/capiscio/capiscio-core/v2/pkg/pop/primitives.go:181.38,183.3 1 1
github.com/capiscio/capiscio-core/v2/pkg/pop/primitives.go:185.2,185.12 1 1
github.com/capiscio/capiscio-core/v2/pkg/pop/primitives.go:189.98,191.27 1 1
github.com/capiscio/capiscio-core/v2/pkg/pop/primitives.go:191.27,193.3 1 1
github.com/capiscio/capiscio-core/v2/pkg/pop/primitives.go:196.2,196.39 1 1
github.com/capiscio/capiscio-core/v2/pkg/pop/primitives.go:196.39,198.3 1 1
github.com/capiscio/capiscio-core/v2/pkg/pop/primitives.go:201.2,201.72 1 1
github.com/capiscio/capiscio-core/v2/pkg/pop/primitives.go:217.62,218.46 1 1
github.com/capiscio/capiscio-core/v2/pkg/pop/primitives.go:218.46,220.3 1 1
github.com/capiscio/capiscio-core/v2/pkg/pop/primitives.go:222.2,223.16 2 1
github.com/capiscio/capiscio-core/v2/pkg/pop/primitives.go:223.16,225.3 1 1
github.com/capiscio/capiscio-core/v2/pkg/pop/primitives.go:227.2,227.43 1 1
github.com/capiscio/capiscio-core/v2/pkg/pop/primitives.go:227.43,229.3 1 1
github.com/capiscio/capiscio-core/v2/pkg/pop/primitives.go:231.2,231.40 1 1
github.com/capiscio/capiscio-core/v2/pkg/pop/primitives.go:235.73,242.2 1 1
github.com/capiscio/capiscio-core/v2/pkg/pop/primitives.go:246.70,247.25 1 1
github.com/capiscio/capiscio-core/v2/pkg/pop/primitives.go:247.25,249.3 1 1
github.com/capiscio/capiscio-core/v2/pkg/pop/primitives.go:252.2,252.25 1 1
github.com/capiscio/capiscio-core/v2/pkg/pop/primitives.go:252.25,254.3 1 1
github.com/capiscio/capiscio-core/v2/pkg/pop/primitives.go:256.2,257.16 2 1
github.com/capiscio/capiscio-core/v2/pkg/pop/primitives.go:257.16,259.3 1 1
github.com/capiscio/capiscio-core/v2/pkg/pop/primitives.go:262.2,262.67 1 1
github.com/capiscio/capiscio-core/v2/pkg/pop/primitives.go:262.67,264.3 1 1
github.com/capiscio/capiscio-core/v2/pkg/pop/primitives.go:267.2,267.43 1 1
github.com/capiscio/capiscio-core/v2/pkg/pop/primitives.go:267.43,269.3 1 1
github.com/capiscio/capiscio-core/v2/pkg/pop/primitives.go:271.2,271.67 1 0
github.com/capiscio/capiscio-core/v2/pkg/pop/primitives.go:299.49,301.16 2 1
github.com/capiscio/capiscio-core/v2/pkg/pop/primitives.go:301.16,303.3 1 0
github.com/capiscio/capiscio-core/v2/pkg/pop/primitives.go:305.2,308.8 1 1
github.com/capiscio/capiscio-core/v2/pkg/pop/primitives.go:313.117,315.16 2 1
github.com/capiscio/capiscio-core/v2/pkg/pop/primitives.go:315.16,317.3 1 0
github.com/capiscio/capiscio-core/v2/pkg/pop/primitives.go:319.2,322.8 1 1
github.com/capiscio/capiscio-core/v2/pkg/pop/primitives.go:327.134,329.58 1 1
github.com/capiscio/capiscio-core/v2/pkg/pop/primitives.go:329.58,331.3 1 1
github.com/capiscio/capiscio-core/v2/pkg/pop/primitives.go:334.2,334.81 1 1
github.com/capiscio/capiscio-core/v2/pkg/pop/primitives.go:341.49,344.21 2 1
github.com/capiscio/capiscio-core/v2/pkg/pop/primitives.go:344.21,346.3 1 0
github.com/capiscio/capiscio-core/v2/pkg/pop/primitives.go:348.2,349.35 2 1
github.com/capiscio/capiscio-core/v2/pkg/pop/primitives.go:349.35,351.3 1 1
github.com/capiscio/capiscio-core/v2/pkg/pop/primitives.go:353.2,354.26 2 1
github.com/capiscio/capiscio-core/v2/pkg/pop/primitives.go:354.26,355.15 1 1
github.com/capiscio/capiscio-core/v2/pkg/pop/primitives.go:355.15,356.9 1 1
github.com/capiscio/capiscio-core/v2/pkg/pop/primitives.go:358.3,358.16 1 0
github.com/capiscio/capiscio-core/v2/pkg/pop/primitives.go:361.2,365.26 4 1
github.com/capiscio/capiscio-core/v2/pkg/pop/primitives.go:365.26,367.10 2 1
github.com/capiscio/capiscio-core/v2/pkg/pop/primitives.go:367.10,369.4 1 1
github.com/capiscio/capiscio-core/v2/pkg/pop/primitives.go:371.3,372.45 2 1
github.com/capiscio/capiscio-core/v2/pkg/pop/primitives.go:372.45,373.18 1 1
github.com/capiscio/capiscio-core/v2/pkg/pop/primitives.go:373.18,375.5 1 1
github.com/capiscio/capiscio-core/v2/pkg/pop/primitives.go:376.4,378.19 3 1
github.com/capiscio/capiscio-core/v2/pkg/pop/primitives.go:378.19,380.5 1 1
github.com/capiscio/capiscio-core/v2/pkg/pop/primitives.go:384.2,385.35 2 1
github.com/capiscio/capiscio-core/v2/pkg/pop/primitives.go:385.35,387.3 1 0
github.com/capiscio/capiscio-core/v2/pkg/pop/primitives.go:388.2,388.30 1 1
github.com/capiscio/capiscio-core/v2/pkg/pop/primitives.go:388.30,390.3 1 1
github.com/capiscio/capiscio-core/v2/pkg/pop/primitives.go:392.2,392.20 1 1
github.com/capiscio/capiscio-core/v2/pkg/pop/primitives.go:400.57,405.2 1 1
github.com/capiscio/capiscio-core/v2/pkg/pop/primitives.go:408.77,409.17 1 1
github.com/capiscio/capiscio-core/v2/pkg/pop/primitives.go:409.17,411.3 1 1
github.com/capiscio/capiscio-core/v2/pkg/pop/primitives.go:413.2,414.24 2 1
github.com/capiscio/capiscio-core/v2/pkg/pop/primitives.go:414.24,416.3 1 1
github.com/capiscio/capiscio-core/v2/pkg/pop/primitives.go:418.2,423.61 2 1
github.com/capiscio/capiscio-core/v2/pkg/pop/primitives.go:423.61,425.3 1 1
github.com/capiscio/capiscio-core/v2/pkg/pop/primitives.go:427.2,427.12 1 1
github.com/capiscio/capiscio-core/v2/pkg/pop/primitives.go:431.58,436.2 1 1
github.com/capiscio/capiscio-core/v2/pkg/pop/primitives.go:439.79,440.17 1 1
github.com/capiscio/capiscio-core/v2/pkg/pop/primitives.go:440.17,442.3 1 1
github.com/capiscio/capiscio-core/v2/pkg/pop/primitives.go:444.2,445.22 2 1
github.com/capiscio/capiscio-core/v2/pkg/pop/primitives.go:445.22,447.3 1 1
github.com/capiscio/capiscio-core/v2/pkg/pop/primitives.go:449.2,454.60 2 1
github.com/capiscio/capiscio-core/v2/pkg/pop/primitives.go:454.60,456.3 1 1
github.com/capiscio/capiscio-core/v2/pkg/pop/primitives.go:458.2,458.13 1 1
github.com/capiscio/capiscio-core/v2/pkg/pop/primitives.go:466.51,469.2 2 0
github.com/capiscio/capiscio-core/v2/pkg/pop/primitives.go:472.54,475.2 2 0
github.com/capiscio/capiscio-core/v2/pkg/pop/session_cache.go:41.40,47.2 1 1
github.com/capiscio/capiscio-core/v2/pkg/pop/session_cache.go:74.57,75.19 1 1
github.com/capiscio/capiscio-core/v2/pkg/pop/session_cache.go:75.19,77.3 1 1
github.com/capiscio/capiscio-core/v2/pkg/pop/session_cache.go:79.2,85.32 2 1
github.com/capiscio/capiscio-core/v2/pkg/pop/session_cache.go:85.32,87.3 1 1
github.com/capiscio/capiscio-core/v2/pkg/pop/session_cache.go:89.2,89.14 1 1
github.com/capiscio/capiscio-core/v2/pkg/pop/session_cache.go:94.61,99.30 3 1
github.com/capiscio/capiscio-core/v2/pkg/pop/session_cache.go:99.30,102.79 2 1
github.com/capiscio/capiscio-core/v2/pkg/pop/session_cache.go:102.79,104.4 1 1
github.com/capiscio/capiscio-core/v2/pkg/pop/session_cache.go:105.3,105.30 1 1
github.com/capiscio/capiscio-core/v2/pkg/pop/session_cache.go:109.2,109.70 1 1
github.com/capiscio/capiscio-core/v2/pkg/pop/session_cache.go:109.70,112.31 3 0
github.com/capiscio/capiscio-core/v2/pkg/pop/session_cache.go:112.31,113.58 1 0
github.com/capiscio/capiscio-core/v2/pkg/pop/session_cache.go:113.58,116.5 2 0
github.com/capiscio/capiscio-core/v2/pkg/pop/session_cache.go:118.3,118.22 1 0
github.com/capiscio/capiscio-core/v2/pkg/pop/session_cache.go:118.22,120.4 1 0
github.com/capiscio/capiscio-core/v2/pkg/pop/session_cache.go:123.2,123.24 1 1
github.com/capiscio/capiscio-core/v2/pkg/pop/session_cache.go:128.52,133.9 4 1
github.com/capiscio/capiscio-core/v2/pkg/pop/session_cache.go:133.9,135.3 1 1
github.com/capiscio/capiscio-core/v2/pkg/pop/session_cache.go:138.2,138.39 1 1
github.com/capiscio/capiscio-core/v2/pkg/pop/session_cache.go:138.39,141.3 2 1
github.com/capiscio/capiscio-core/v2/pkg/pop/session_cache.go:144.2,144.78 1 1
github.com/capiscio/capiscio-core/v2/pkg/pop/session_cache.go:144.78,147.3 2 0
github.com/capiscio/capiscio-core/v2/pkg/pop/session_cache.go:149.2,149.14 1 1
github.com/capiscio/capiscio-core/v2/pkg/pop/session_cache.go:153.43,157.2 3 1
github.com/capiscio/capiscio-core/v2/pkg/pop/session_cache.go:160.62,164.36 3 1
github.com/capiscio/capiscio-core/v2/pkg/pop/session_cache.go:164.36,165.35 1 1
github.com/capiscio/capiscio-core/v2/pkg/pop/session_cache.go:165.35,167.4 1 1
github.com/capiscio/capiscio-core/v2/pkg/pop/session_cache.go:174.67,178.36 3 1
github.com/capiscio/capiscio-core/v2/pkg/pop/session_cache.go:178.36,180.40 1 1
github.com/capiscio/capiscio-core/v2/pkg/pop/session_cache.go:180.40,182.4 1 1
github.com/capiscio/capiscio-core/v2/pkg/pop/session_cache.go:187.32,191.2 3 1
github.com/capiscio/capiscio-core/v2/pkg/pop/session_cache.go:194.35,198.2 3 1
github.com/capiscio/capiscio-core/v2/pkg/pop/session_cache.go:201.38,205.21 3 1
github.com/capiscio/capiscio-core/v2/pkg/pop/session_cache.go:205.21,207.3 1 0
github.com/capiscio/capiscio-core/v2/pkg/pop/session_cache.go:211.34,216.36 4 0
github.com/capiscio/capiscio-core/v2/pkg/pop/session_cache.go:216.36,217.33 1 0
github.com/capiscio/capiscio-core/v2/pkg/pop/session_cache.go:217.33,219.4 1 0
github.com/capiscio/capiscio-core/v2/pkg/pop/session_cache.go:219.9,219.79 1 0
github.com/capiscio/capiscio-core/v2/pkg/pop/session_cache.go:219.79,221.4 1 0
