mode: set
github.com/capiscio/capiscio-core/pkg/crypto/canonical.go:14.69,18.16 2 1
github.com/capiscio/capiscio-core/pkg/crypto/canonical.go:18.16,20.3 1 0
github.com/capiscio/capiscio-core/pkg/crypto/canonical.go:23.2,24.54 2 1
github.com/capiscio/capiscio-core/pkg/crypto/canonical.go:24.54,26.3 1 0
github.com/capiscio/capiscio-core/pkg/crypto/canonical.go:29.2,34.16 3 1
github.com/capiscio/capiscio-core/pkg/crypto/canonical.go:34.16,36.3 1 0
github.com/capiscio/capiscio-core/pkg/crypto/canonical.go:38.2,38.23 1 1
github.com/capiscio/capiscio-core/pkg/crypto/jwks.go:33.50,41.2 1 1
github.com/capiscio/capiscio-core/pkg/crypto/jwks.go:44.56,48.2 3 1
github.com/capiscio/capiscio-core/pkg/crypto/jwks.go:51.43,55.2 3 1
github.com/capiscio/capiscio-core/pkg/crypto/jwks.go:58.98,64.49 4 1
github.com/capiscio/capiscio-core/pkg/crypto/jwks.go:64.49,66.3 1 1
github.com/capiscio/capiscio-core/pkg/crypto/jwks.go:69.2,70.16 2 1
github.com/capiscio/capiscio-core/pkg/crypto/jwks.go:70.16,72.3 1 0
github.com/capiscio/capiscio-core/pkg/crypto/jwks.go:74.2,75.16 2 1
github.com/capiscio/capiscio-core/pkg/crypto/jwks.go:75.16,77.3 1 1
github.com/capiscio/capiscio-core/pkg/crypto/jwks.go:78.2,78.15 1 1
github.com/capiscio/capiscio-core/pkg/crypto/jwks.go:78.15,78.40 1 1
github.com/capiscio/capiscio-core/pkg/crypto/jwks.go:80.2,80.38 1 1
github.com/capiscio/capiscio-core/pkg/crypto/jwks.go:80.38,82.3 1 1
github.com/capiscio/capiscio-core/pkg/crypto/jwks.go:84.2,85.65 2 1
github.com/capiscio/capiscio-core/pkg/crypto/jwks.go:85.65,87.3 1 1
github.com/capiscio/capiscio-core/pkg/crypto/jwks.go:90.2,97.19 4 1
github.com/capiscio/capiscio-core/pkg/crypto/verifier.go:53.30,57.2 1 1
github.com/capiscio/capiscio-core/pkg/crypto/verifier.go:60.60,64.2 1 1
github.com/capiscio/capiscio-core/pkg/crypto/verifier.go:67.132,68.31 1 1
github.com/capiscio/capiscio-core/pkg/crypto/verifier.go:68.31,75.3 1 1
github.com/capiscio/capiscio-core/pkg/crypto/verifier.go:78.2,79.16 2 1
github.com/capiscio/capiscio-core/pkg/crypto/verifier.go:79.16,81.3 1 0
github.com/capiscio/capiscio-core/pkg/crypto/verifier.go:83.2,87.38 4 1
github.com/capiscio/capiscio-core/pkg/crypto/verifier.go:87.38,90.16 3 1
github.com/capiscio/capiscio-core/pkg/crypto/verifier.go:90.16,92.4 1 1
github.com/capiscio/capiscio-core/pkg/crypto/verifier.go:92.9,94.4 1 1
github.com/capiscio/capiscio-core/pkg/crypto/verifier.go:97.2,106.8 1 1
github.com/capiscio/capiscio-core/pkg/crypto/verifier.go:109.131,114.16 3 1
github.com/capiscio/capiscio-core/pkg/crypto/verifier.go:114.16,117.3 2 1
github.com/capiscio/capiscio-core/pkg/crypto/verifier.go:119.2,124.16 4 1
github.com/capiscio/capiscio-core/pkg/crypto/verifier.go:124.16,127.3 2 0
github.com/capiscio/capiscio-core/pkg/crypto/verifier.go:128.2,136.16 5 1
github.com/capiscio/capiscio-core/pkg/crypto/verifier.go:136.16,139.3 2 0
github.com/capiscio/capiscio-core/pkg/crypto/verifier.go:142.2,143.16 2 1
github.com/capiscio/capiscio-core/pkg/crypto/verifier.go:143.16,146.3 2 0
github.com/capiscio/capiscio-core/pkg/crypto/verifier.go:149.2,149.62 1 1
github.com/capiscio/capiscio-core/pkg/crypto/verifier.go:149.62,152.3 2 1
github.com/capiscio/capiscio-core/pkg/crypto/verifier.go:154.2,155.12 2 1
github.com/capiscio/capiscio-core/pkg/crypto/verifier.go:158.82,160.16 2 1
github.com/capiscio/capiscio-core/pkg/crypto/verifier.go:160.16,162.3 1 0
github.com/capiscio/capiscio-core/pkg/crypto/verifier.go:164.2,165.61 2 1
github.com/capiscio/capiscio-core/pkg/crypto/verifier.go:165.61,167.3 1 1
github.com/capiscio/capiscio-core/pkg/crypto/verifier.go:168.2,168.20 1 1
github.com/capiscio/capiscio-core/pkg/crypto/verifier.go:171.75,172.46 1 1
github.com/capiscio/capiscio-core/pkg/crypto/verifier.go:172.46,174.3 1 0
github.com/capiscio/capiscio-core/pkg/crypto/verifier.go:176.2,177.19 2 1
github.com/capiscio/capiscio-core/pkg/crypto/verifier.go:177.19,179.3 1 0
github.com/capiscio/capiscio-core/pkg/crypto/verifier.go:180.2,180.19 1 1
github.com/capiscio/capiscio-core/pkg/crypto/verifier.go:180.19,182.3 1 0
github.com/capiscio/capiscio-core/pkg/crypto/verifier.go:184.2,185.39 2 1
github.com/capiscio/capiscio-core/pkg/crypto/verifier.go:185.39,187.3 1 0
github.com/capiscio/capiscio-core/pkg/crypto/verifier.go:188.2,188.21 1 1
github.com/capiscio/capiscio-core/pkg/crypto/verifier.go:191.105,193.20 2 1
github.com/capiscio/capiscio-core/pkg/crypto/verifier.go:193.20,195.3 1 0
github.com/capiscio/capiscio-core/pkg/crypto/verifier.go:197.2,197.27 1 1
github.com/capiscio/capiscio-core/pkg/crypto/verifier.go:197.27,198.36 1 1
github.com/capiscio/capiscio-core/pkg/crypto/verifier.go:198.36,199.12 1 0
github.com/capiscio/capiscio-core/pkg/crypto/verifier.go:202.3,203.17 2 1
github.com/capiscio/capiscio-core/pkg/crypto/verifier.go:203.17,205.4 1 1
github.com/capiscio/capiscio-core/pkg/crypto/verifier.go:208.2,208.52 1 1
github.com/capiscio/capiscio-core/bindings/python/main.go:24.64,28.61 3 0
github.com/capiscio/capiscio-core/bindings/python/main.go:28.61,30.3 1 0
github.com/capiscio/capiscio-core/bindings/python/main.go:33.2,40.16 5 0
github.com/capiscio/capiscio-core/bindings/python/main.go:40.16,42.3 1 0
github.com/capiscio/capiscio-core/bindings/python/main.go:44.2,45.16 2 0
github.com/capiscio/capiscio-core/bindings/python/main.go:45.16,47.3 1 0
github.com/capiscio/capiscio-core/bindings/python/main.go:49.2,49.36 1 0
github.com/capiscio/capiscio-core/bindings/python/main.go:55.30,57.2 1 0
github.com/capiscio/capiscio-core/bindings/python/main.go:59.40,72.2 3 0
github.com/capiscio/capiscio-core/bindings/python/main.go:74.14,74.15 0 0
github.com/capiscio/capiscio-core/pkg/protocol/http.go:18.44,25.2 1 1
github.com/capiscio/capiscio-core/pkg/protocol/http.go:29.71,34.40 3 1
github.com/capiscio/capiscio-core/pkg/protocol/http.go:34.40,36.3 1 1
github.com/capiscio/capiscio-core/pkg/protocol/http.go:37.2,40.16 3 1
github.com/capiscio/capiscio-core/pkg/protocol/http.go:40.16,42.3 1 0
github.com/capiscio/capiscio-core/pkg/protocol/http.go:44.2,45.16 2 1
github.com/capiscio/capiscio-core/pkg/protocol/http.go:45.16,47.3 1 1
github.com/capiscio/capiscio-core/pkg/protocol/http.go:48.2,48.15 1 1
github.com/capiscio/capiscio-core/pkg/protocol/http.go:48.15,48.40 1 1
github.com/capiscio/capiscio-core/pkg/protocol/http.go:53.2,53.28 1 1
github.com/capiscio/capiscio-core/pkg/protocol/http.go:53.28,55.3 1 1
github.com/capiscio/capiscio-core/pkg/protocol/http.go:57.2,57.31 1 1
github.com/capiscio/capiscio-core/pkg/protocol/http.go:61.36,63.2 1 1
github.com/capiscio/capiscio-core/pkg/protocol/jsonrpc.go:19.50,26.2 1 1
github.com/capiscio/capiscio-core/pkg/protocol/jsonrpc.go:50.74,61.16 4 1
github.com/capiscio/capiscio-core/pkg/protocol/jsonrpc.go:61.16,63.3 1 0
github.com/capiscio/capiscio-core/pkg/protocol/jsonrpc.go:65.2,66.16 2 1
github.com/capiscio/capiscio-core/pkg/protocol/jsonrpc.go:66.16,68.3 1 0
github.com/capiscio/capiscio-core/pkg/protocol/jsonrpc.go:69.2,72.16 3 1
github.com/capiscio/capiscio-core/pkg/protocol/jsonrpc.go:72.16,74.3 1 0
github.com/capiscio/capiscio-core/pkg/protocol/jsonrpc.go:75.2,75.15 1 1
github.com/capiscio/capiscio-core/pkg/protocol/jsonrpc.go:75.15,75.40 1 1
github.com/capiscio/capiscio-core/pkg/protocol/jsonrpc.go:77.2,77.38 1 1
github.com/capiscio/capiscio-core/pkg/protocol/jsonrpc.go:77.38,79.3 1 1
github.com/capiscio/capiscio-core/pkg/protocol/jsonrpc.go:81.2,82.68 2 1
github.com/capiscio/capiscio-core/pkg/protocol/jsonrpc.go:82.68,84.3 1 1
github.com/capiscio/capiscio-core/pkg/protocol/jsonrpc.go:89.2,89.31 1 1
github.com/capiscio/capiscio-core/pkg/protocol/jsonrpc.go:93.39,95.2 1 1
github.com/capiscio/capiscio-core/examples/secure_ping_pong/server/main.go:14.13,18.16 2 0
github.com/capiscio/capiscio-core/examples/secure_ping_pong/server/main.go:18.16,20.3 1 0
github.com/capiscio/capiscio-core/examples/secure_ping_pong/server/main.go:21.2,22.16 2 0
github.com/capiscio/capiscio-core/examples/secure_ping_pong/server/main.go:22.16,24.3 1 0
github.com/capiscio/capiscio-core/examples/secure_ping_pong/server/main.go:27.2,37.16 4 0
github.com/capiscio/capiscio-core/examples/secure_ping_pong/server/main.go:37.16,39.3 1 0
github.com/capiscio/capiscio-core/examples/secure_ping_pong/server/main.go:42.2,42.79 1 0
github.com/capiscio/capiscio-core/examples/secure_ping_pong/server/main.go:42.79,49.17 3 0
github.com/capiscio/capiscio-core/examples/secure_ping_pong/server/main.go:49.17,52.4 2 0
github.com/capiscio/capiscio-core/examples/secure_ping_pong/server/main.go:54.3,64.61 5 0
github.com/capiscio/capiscio-core/examples/secure_ping_pong/server/main.go:64.61,66.4 1 0
github.com/capiscio/capiscio-core/examples/secure_ping_pong/server/main.go:71.2,76.58 5 0
github.com/capiscio/capiscio-core/examples/secure_ping_pong/server/main.go:76.58,78.3 1 0
github.com/capiscio/capiscio-core/examples/secure_ping_pong/client/main.go:18.13,21.16 2 0
github.com/capiscio/capiscio-core/examples/secure_ping_pong/client/main.go:21.16,23.3 1 0
github.com/capiscio/capiscio-core/examples/secure_ping_pong/client/main.go:24.2,25.16 2 0
github.com/capiscio/capiscio-core/examples/secure_ping_pong/client/main.go:25.16,27.3 1 0
github.com/capiscio/capiscio-core/examples/secure_ping_pong/client/main.go:29.2,39.16 4 0
github.com/capiscio/capiscio-core/examples/secure_ping_pong/client/main.go:39.16,41.3 1 0
github.com/capiscio/capiscio-core/examples/secure_ping_pong/client/main.go:43.2,56.44 8 0
github.com/capiscio/capiscio-core/examples/secure_ping_pong/client/main.go:59.114,63.16 3 0
github.com/capiscio/capiscio-core/examples/secure_ping_pong/client/main.go:63.16,66.3 2 0
github.com/capiscio/capiscio-core/examples/secure_ping_pong/client/main.go:69.2,73.16 3 0
github.com/capiscio/capiscio-core/examples/secure_ping_pong/client/main.go:73.16,75.3 1 0
github.com/capiscio/capiscio-core/examples/secure_ping_pong/client/main.go:78.2,79.16 2 0
github.com/capiscio/capiscio-core/examples/secure_ping_pong/client/main.go:79.16,82.3 2 0
github.com/capiscio/capiscio-core/examples/secure_ping_pong/client/main.go:83.2,88.16 5 0
github.com/capiscio/capiscio-core/examples/secure_ping_pong/client/main.go:88.16,91.3 2 0
github.com/capiscio/capiscio-core/examples/secure_ping_pong/client/main.go:92.2,96.16 4 0
github.com/capiscio/capiscio-core/examples/secure_ping_pong/client/main.go:96.16,99.3 2 0
github.com/capiscio/capiscio-core/examples/secure_ping_pong/client/main.go:101.2,101.28 1 0
github.com/capiscio/capiscio-core/examples/secure_ping_pong/client/main.go:101.28,105.3 3 0
github.com/capiscio/capiscio-core/examples/secure_ping_pong/client/main.go:105.8,107.3 1 0
github.com/capiscio/capiscio-core/examples/secure_ping_pong/client/main.go:110.89,115.16 4 0
github.com/capiscio/capiscio-core/examples/secure_ping_pong/client/main.go:115.16,118.3 2 0
github.com/capiscio/capiscio-core/examples/secure_ping_pong/client/main.go:121.2,124.16 3 0
github.com/capiscio/capiscio-core/examples/secure_ping_pong/client/main.go:124.16,127.3 2 0
github.com/capiscio/capiscio-core/examples/secure_ping_pong/client/main.go:128.2,132.16 4 0
github.com/capiscio/capiscio-core/examples/secure_ping_pong/client/main.go:132.16,135.3 2 0
github.com/capiscio/capiscio-core/examples/secure_ping_pong/client/main.go:136.2,138.28 2 0
github.com/capiscio/capiscio-core/examples/secure_ping_pong/client/main.go:138.28,140.3 1 0
github.com/capiscio/capiscio-core/examples/secure_ping_pong/client/main.go:140.8,142.3 1 0
github.com/capiscio/capiscio-core/examples/secure_ping_pong/client/main.go:145.88,154.16 5 0
github.com/capiscio/capiscio-core/examples/secure_ping_pong/client/main.go:154.16,156.3 1 0
github.com/capiscio/capiscio-core/examples/secure_ping_pong/client/main.go:158.2,167.16 4 0
github.com/capiscio/capiscio-core/examples/secure_ping_pong/client/main.go:167.16,169.3 1 0
github.com/capiscio/capiscio-core/examples/secure_ping_pong/client/main.go:170.2,171.16 2 0
github.com/capiscio/capiscio-core/examples/secure_ping_pong/client/main.go:171.16,173.3 1 0
github.com/capiscio/capiscio-core/examples/secure_ping_pong/client/main.go:175.2,176.16 2 0
github.com/capiscio/capiscio-core/examples/secure_ping_pong/client/main.go:176.16,178.3 1 0
github.com/capiscio/capiscio-core/examples/secure_ping_pong/client/main.go:181.2,182.16 2 0
github.com/capiscio/capiscio-core/examples/secure_ping_pong/client/main.go:182.16,185.3 2 0
github.com/capiscio/capiscio-core/examples/secure_ping_pong/client/main.go:186.2,190.16 4 0
github.com/capiscio/capiscio-core/examples/secure_ping_pong/client/main.go:190.16,193.3 2 0
github.com/capiscio/capiscio-core/examples/secure_ping_pong/client/main.go:194.2,196.28 2 0
github.com/capiscio/capiscio-core/examples/secure_ping_pong/client/main.go:196.28,198.3 1 0
github.com/capiscio/capiscio-core/examples/secure_ping_pong/client/main.go:198.8,200.3 1 0
github.com/capiscio/capiscio-core/cmd/capiscio/badge.go:66.81,68.16 2 0
github.com/capiscio/capiscio-core/cmd/capiscio/badge.go:68.16,70.3 1 0
github.com/capiscio/capiscio-core/cmd/capiscio/badge.go:72.2,73.54 2 0
github.com/capiscio/capiscio-core/cmd/capiscio/badge.go:73.54,75.3 1 0
github.com/capiscio/capiscio-core/cmd/capiscio/badge.go:77.2,78.9 2 0
github.com/capiscio/capiscio-core/cmd/capiscio/badge.go:78.9,80.3 1 0
github.com/capiscio/capiscio-core/cmd/capiscio/badge.go:81.2,82.23 2 0
github.com/capiscio/capiscio-core/cmd/capiscio/badge.go:106.49,108.20 1 0
github.com/capiscio/capiscio-core/cmd/capiscio/badge.go:108.20,110.25 1 0
github.com/capiscio/capiscio-core/cmd/capiscio/badge.go:110.25,112.5 1 0
github.com/capiscio/capiscio-core/cmd/capiscio/badge.go:112.10,112.32 1 0
github.com/capiscio/capiscio-core/cmd/capiscio/badge.go:112.32,114.5 1 0
github.com/capiscio/capiscio-core/cmd/capiscio/badge.go:118.3,119.31 2 0
github.com/capiscio/capiscio-core/cmd/capiscio/badge.go:119.31,121.4 1 0
github.com/capiscio/capiscio-core/cmd/capiscio/badge.go:124.3,124.42 1 0
github.com/capiscio/capiscio-core/cmd/capiscio/badge.go:124.42,126.4 1 0
github.com/capiscio/capiscio-core/cmd/capiscio/badge.go:129.3,132.20 3 0
github.com/capiscio/capiscio-core/cmd/capiscio/badge.go:132.20,135.18 3 0
github.com/capiscio/capiscio-core/cmd/capiscio/badge.go:135.18,137.5 1 0
github.com/capiscio/capiscio-core/cmd/capiscio/badge.go:138.9,142.18 3 0
github.com/capiscio/capiscio-core/cmd/capiscio/badge.go:142.18,144.5 1 0
github.com/capiscio/capiscio-core/cmd/capiscio/badge.go:148.3,149.41 2 0
github.com/capiscio/capiscio-core/cmd/capiscio/badge.go:149.41,154.4 4 0
github.com/capiscio/capiscio-core/cmd/capiscio/badge.go:154.9,154.27 1 0
github.com/capiscio/capiscio-core/cmd/capiscio/badge.go:154.27,159.4 3 0
github.com/capiscio/capiscio-core/cmd/capiscio/badge.go:162.3,162.72 1 0
github.com/capiscio/capiscio-core/cmd/capiscio/badge.go:162.72,164.4 1 0
github.com/capiscio/capiscio-core/cmd/capiscio/badge.go:167.3,168.26 2 0
github.com/capiscio/capiscio-core/cmd/capiscio/badge.go:168.26,170.31 2 0
github.com/capiscio/capiscio-core/cmd/capiscio/badge.go:170.31,172.5 1 0
github.com/capiscio/capiscio-core/cmd/capiscio/badge.go:176.3,206.41 5 0
github.com/capiscio/capiscio-core/cmd/capiscio/badge.go:206.41,208.4 1 0
github.com/capiscio/capiscio-core/cmd/capiscio/badge.go:208.9,208.48 1 0
github.com/capiscio/capiscio-core/cmd/capiscio/badge.go:208.48,210.4 1 0
github.com/capiscio/capiscio-core/cmd/capiscio/badge.go:212.3,213.17 2 0
github.com/capiscio/capiscio-core/cmd/capiscio/badge.go:213.17,215.4 1 0
github.com/capiscio/capiscio-core/cmd/capiscio/badge.go:218.3,227.24 8 0
github.com/capiscio/capiscio-core/cmd/capiscio/badge.go:227.24,229.4 1 0
github.com/capiscio/capiscio-core/cmd/capiscio/badge.go:231.3,231.13 1 0
github.com/capiscio/capiscio-core/cmd/capiscio/badge.go:260.51,262.23 1 0
github.com/capiscio/capiscio-core/cmd/capiscio/badge.go:262.23,264.4 1 0
github.com/capiscio/capiscio-core/cmd/capiscio/badge.go:267.3,267.61 1 0
github.com/capiscio/capiscio-core/cmd/capiscio/badge.go:267.61,268.58 1 0
github.com/capiscio/capiscio-core/cmd/capiscio/badge.go:268.58,270.5 1 0
github.com/capiscio/capiscio-core/cmd/capiscio/badge.go:274.3,274.19 1 0
github.com/capiscio/capiscio-core/cmd/capiscio/badge.go:274.19,276.4 1 0
github.com/capiscio/capiscio-core/cmd/capiscio/badge.go:279.3,279.23 1 0
github.com/capiscio/capiscio-core/cmd/capiscio/badge.go:279.23,297.4 1 0
github.com/capiscio/capiscio-core/cmd/capiscio/badge.go:299.3,299.24 1 0
github.com/capiscio/capiscio-core/cmd/capiscio/badge.go:299.24,309.4 1 0
github.com/capiscio/capiscio-core/cmd/capiscio/badge.go:311.3,311.36 1 0
github.com/capiscio/capiscio-core/cmd/capiscio/badge.go:322.44,324.2 1 0
github.com/capiscio/capiscio-core/cmd/capiscio/badge.go:327.51,328.19 1 0
github.com/capiscio/capiscio-core/cmd/capiscio/badge.go:328.19,330.3 1 0
github.com/capiscio/capiscio-core/cmd/capiscio/badge.go:333.2,334.16 2 0
github.com/capiscio/capiscio-core/cmd/capiscio/badge.go:334.16,336.3 1 0
github.com/capiscio/capiscio-core/cmd/capiscio/badge.go:339.2,377.24 12 0
github.com/capiscio/capiscio-core/cmd/capiscio/badge.go:381.45,390.45 7 0
github.com/capiscio/capiscio-core/cmd/capiscio/badge.go:390.45,392.3 1 0
github.com/capiscio/capiscio-core/cmd/capiscio/badge.go:395.2,398.6 3 0
github.com/capiscio/capiscio-core/cmd/capiscio/badge.go:398.6,399.10 1 0
github.com/capiscio/capiscio-core/cmd/capiscio/badge.go:400.21,402.14 2 0
github.com/capiscio/capiscio-core/cmd/capiscio/badge.go:403.19,406.18 2 0
github.com/capiscio/capiscio-core/cmd/capiscio/badge.go:406.18,408.13 2 0
github.com/capiscio/capiscio-core/cmd/capiscio/badge.go:411.4,411.20 1 0
github.com/capiscio/capiscio-core/cmd/capiscio/badge.go:411.20,413.48 2 0
github.com/capiscio/capiscio-core/cmd/capiscio/badge.go:413.48,415.6 1 0
github.com/capiscio/capiscio-core/cmd/capiscio/badge.go:422.33,429.21 2 0
github.com/capiscio/capiscio-core/cmd/capiscio/badge.go:429.21,431.3 1 0
github.com/capiscio/capiscio-core/cmd/capiscio/badge.go:433.2,434.16 2 0
github.com/capiscio/capiscio-core/cmd/capiscio/badge.go:434.16,436.3 1 0
github.com/capiscio/capiscio-core/cmd/capiscio/badge.go:439.2,443.16 3 0
github.com/capiscio/capiscio-core/cmd/capiscio/badge.go:443.16,445.3 1 0
github.com/capiscio/capiscio-core/cmd/capiscio/badge.go:447.2,454.16 6 0
github.com/capiscio/capiscio-core/cmd/capiscio/badge.go:454.16,456.3 1 0
github.com/capiscio/capiscio-core/cmd/capiscio/badge.go:457.2,461.16 3 0
github.com/capiscio/capiscio-core/cmd/capiscio/badge.go:461.16,463.3 1 0
github.com/capiscio/capiscio-core/cmd/capiscio/badge.go:466.2,466.48 1 0
github.com/capiscio/capiscio-core/cmd/capiscio/badge.go:466.48,478.3 1 0
github.com/capiscio/capiscio-core/cmd/capiscio/badge.go:480.2,480.45 1 0
github.com/capiscio/capiscio-core/cmd/capiscio/badge.go:480.45,482.3 1 0
github.com/capiscio/capiscio-core/cmd/capiscio/badge.go:484.2,484.44 1 0
github.com/capiscio/capiscio-core/cmd/capiscio/badge.go:484.44,486.3 1 0
github.com/capiscio/capiscio-core/cmd/capiscio/badge.go:488.2,488.38 1 0
github.com/capiscio/capiscio-core/cmd/capiscio/badge.go:488.38,490.3 1 0
github.com/capiscio/capiscio-core/cmd/capiscio/badge.go:493.2,505.58 2 0
github.com/capiscio/capiscio-core/cmd/capiscio/badge.go:505.58,507.3 1 0
github.com/capiscio/capiscio-core/cmd/capiscio/badge.go:509.2,509.21 1 0
github.com/capiscio/capiscio-core/cmd/capiscio/badge.go:509.21,511.3 1 0
github.com/capiscio/capiscio-core/cmd/capiscio/badge.go:514.2,514.83 1 0
github.com/capiscio/capiscio-core/cmd/capiscio/badge.go:514.83,516.3 1 0
github.com/capiscio/capiscio-core/cmd/capiscio/badge.go:518.2,523.12 5 0
github.com/capiscio/capiscio-core/cmd/capiscio/badge.go:527.45,530.16 2 0
github.com/capiscio/capiscio-core/cmd/capiscio/badge.go:530.16,531.25 1 0
github.com/capiscio/capiscio-core/cmd/capiscio/badge.go:531.25,533.4 1 0
github.com/capiscio/capiscio-core/cmd/capiscio/badge.go:534.3,534.20 1 0
github.com/capiscio/capiscio-core/cmd/capiscio/badge.go:538.2,540.16 3 0
github.com/capiscio/capiscio-core/cmd/capiscio/badge.go:540.16,542.3 1 0
github.com/capiscio/capiscio-core/cmd/capiscio/badge.go:545.2,546.91 2 0
github.com/capiscio/capiscio-core/cmd/capiscio/badge.go:546.91,548.3 1 0
github.com/capiscio/capiscio-core/cmd/capiscio/badge.go:551.2,554.39 3 0
github.com/capiscio/capiscio-core/cmd/capiscio/badge.go:589.54,600.20 3 0
github.com/capiscio/capiscio-core/cmd/capiscio/badge.go:600.20,602.4 1 0
github.com/capiscio/capiscio-core/cmd/capiscio/badge.go:604.3,604.27 1 0
github.com/capiscio/capiscio-core/cmd/capiscio/badge.go:604.27,606.4 1 0
github.com/capiscio/capiscio-core/cmd/capiscio/badge.go:608.3,608.33 1 0
github.com/capiscio/capiscio-core/cmd/capiscio/badge.go:608.33,610.44 2 0
github.com/capiscio/capiscio-core/cmd/capiscio/badge.go:610.44,612.5 1 0
github.com/capiscio/capiscio-core/cmd/capiscio/badge.go:616.3,616.20 1 0
github.com/capiscio/capiscio-core/cmd/capiscio/badge.go:616.20,618.18 2 0
github.com/capiscio/capiscio-core/cmd/capiscio/badge.go:618.18,620.5 1 0
github.com/capiscio/capiscio-core/cmd/capiscio/badge.go:624.3,626.20 2 0
github.com/capiscio/capiscio-core/cmd/capiscio/badge.go:626.20,629.18 2 0
github.com/capiscio/capiscio-core/cmd/capiscio/badge.go:629.18,631.5 1 0
github.com/capiscio/capiscio-core/cmd/capiscio/badge.go:633.4,634.56 2 0
github.com/capiscio/capiscio-core/cmd/capiscio/badge.go:634.56,636.5 1 0
github.com/capiscio/capiscio-core/cmd/capiscio/badge.go:638.4,638.39 1 0
github.com/capiscio/capiscio-core/cmd/capiscio/badge.go:639.9,639.36 1 0
github.com/capiscio/capiscio-core/cmd/capiscio/badge.go:639.36,643.4 1 0
github.com/capiscio/capiscio-core/cmd/capiscio/badge.go:643.9,643.27 1 0
github.com/capiscio/capiscio-core/cmd/capiscio/badge.go:643.27,646.18 2 0
github.com/capiscio/capiscio-core/cmd/capiscio/badge.go:646.18,648.5 1 0
github.com/capiscio/capiscio-core/cmd/capiscio/badge.go:649.4,649.43 1 0
github.com/capiscio/capiscio-core/cmd/capiscio/badge.go:650.9,652.4 1 0
github.com/capiscio/capiscio-core/cmd/capiscio/badge.go:655.3,657.17 3 0
github.com/capiscio/capiscio-core/cmd/capiscio/badge.go:657.17,659.46 1 0
github.com/capiscio/capiscio-core/cmd/capiscio/badge.go:659.46,663.30 4 0
github.com/capiscio/capiscio-core/cmd/capiscio/badge.go:663.30,665.6 1 0
github.com/capiscio/capiscio-core/cmd/capiscio/badge.go:666.5,666.64 1 0
github.com/capiscio/capiscio-core/cmd/capiscio/badge.go:668.4,668.53 1 0
github.com/capiscio/capiscio-core/cmd/capiscio/badge.go:671.3,678.49 6 0
github.com/capiscio/capiscio-core/cmd/capiscio/badge.go:678.49,680.4 1 0
github.com/capiscio/capiscio-core/cmd/capiscio/badge.go:681.3,684.31 4 0
github.com/capiscio/capiscio-core/cmd/capiscio/badge.go:684.31,686.4 1 0
github.com/capiscio/capiscio-core/cmd/capiscio/badge.go:687.3,693.31 5 0
github.com/capiscio/capiscio-core/cmd/capiscio/badge.go:693.31,695.38 2 0
github.com/capiscio/capiscio-core/cmd/capiscio/badge.go:695.38,697.5 1 0
github.com/capiscio/capiscio-core/cmd/capiscio/badge.go:701.3,708.13 3 0
github.com/capiscio/capiscio-core/cmd/capiscio/badge.go:717.94,719.2 1 0
github.com/capiscio/capiscio-core/cmd/capiscio/badge.go:721.79,723.2 1 0
github.com/capiscio/capiscio-core/cmd/capiscio/badge.go:725.111,727.2 1 0
github.com/capiscio/capiscio-core/cmd/capiscio/badge.go:729.111,731.2 1 0
github.com/capiscio/capiscio-core/cmd/capiscio/badge.go:733.115,735.2 1 0
github.com/capiscio/capiscio-core/cmd/capiscio/badge.go:742.103,744.16 2 0
github.com/capiscio/capiscio-core/cmd/capiscio/badge.go:744.16,746.3 1 0
github.com/capiscio/capiscio-core/cmd/capiscio/badge.go:747.2,747.20 1 0
github.com/capiscio/capiscio-core/cmd/capiscio/badge.go:747.20,749.3 1 0
github.com/capiscio/capiscio-core/cmd/capiscio/badge.go:751.2,751.25 1 0
github.com/capiscio/capiscio-core/cmd/capiscio/badge.go:754.83,756.2 1 0
github.com/capiscio/capiscio-core/cmd/capiscio/badge.go:758.115,760.2 1 0
github.com/capiscio/capiscio-core/cmd/capiscio/badge.go:762.115,764.2 1 0
github.com/capiscio/capiscio-core/cmd/capiscio/badge.go:766.119,768.2 1 0
github.com/capiscio/capiscio-core/cmd/capiscio/badge.go:774.103,776.43 1 0
github.com/capiscio/capiscio-core/cmd/capiscio/badge.go:776.43,778.17 2 0
github.com/capiscio/capiscio-core/cmd/capiscio/badge.go:778.17,780.4 1 0
github.com/capiscio/capiscio-core/cmd/capiscio/badge.go:781.3,781.18 1 0
github.com/capiscio/capiscio-core/cmd/capiscio/badge.go:783.2,783.100 1 0
github.com/capiscio/capiscio-core/cmd/capiscio/badge.go:786.83,789.2 1 0
github.com/capiscio/capiscio-core/cmd/capiscio/badge.go:791.115,793.2 1 0
github.com/capiscio/capiscio-core/cmd/capiscio/badge.go:795.115,797.2 1 0
github.com/capiscio/capiscio-core/cmd/capiscio/badge.go:799.119,801.2 1 0
github.com/capiscio/capiscio-core/cmd/capiscio/badge.go:803.13,840.2 30 0
github.com/capiscio/capiscio-core/cmd/capiscio/gateway.go:31.49,34.28 2 0
github.com/capiscio/capiscio-core/cmd/capiscio/gateway.go:34.28,37.4 2 0
github.com/capiscio/capiscio-core/cmd/capiscio/gateway.go:37.9,37.38 1 0
github.com/capiscio/capiscio-core/cmd/capiscio/gateway.go:37.38,40.4 2 0
github.com/capiscio/capiscio-core/cmd/capiscio/gateway.go:40.9,42.4 1 0
github.com/capiscio/capiscio-core/cmd/capiscio/gateway.go:45.3,49.17 3 0
github.com/capiscio/capiscio-core/cmd/capiscio/gateway.go:49.17,51.4 1 0
github.com/capiscio/capiscio-core/cmd/capiscio/gateway.go:52.3,60.44 5 0
github.com/capiscio/capiscio-core/cmd/capiscio/gateway.go:64.13,72.2 6 0
github.com/capiscio/capiscio-core/cmd/capiscio/key.go:48.49,51.17 2 0
github.com/capiscio/capiscio-core/cmd/capiscio/key.go:51.17,53.4 1 0
github.com/capiscio/capiscio-core/cmd/capiscio/key.go:56.3,78.17 6 0
github.com/capiscio/capiscio-core/cmd/capiscio/key.go:78.17,80.4 1 0
github.com/capiscio/capiscio-core/cmd/capiscio/key.go:81.3,81.70 1 0
github.com/capiscio/capiscio-core/cmd/capiscio/key.go:81.70,83.4 1 0
github.com/capiscio/capiscio-core/cmd/capiscio/key.go:84.3,88.17 3 0
github.com/capiscio/capiscio-core/cmd/capiscio/key.go:88.17,90.4 1 0
github.com/capiscio/capiscio-core/cmd/capiscio/key.go:91.3,91.68 1 0
github.com/capiscio/capiscio-core/cmd/capiscio/key.go:91.68,93.4 1 0
github.com/capiscio/capiscio-core/cmd/capiscio/key.go:94.3,97.22 2 0
github.com/capiscio/capiscio-core/cmd/capiscio/key.go:97.22,98.77 1 0
github.com/capiscio/capiscio-core/cmd/capiscio/key.go:98.77,100.5 1 0
github.com/capiscio/capiscio-core/cmd/capiscio/key.go:101.4,101.54 1 0
github.com/capiscio/capiscio-core/cmd/capiscio/key.go:105.3,105.17 1 0
github.com/capiscio/capiscio-core/cmd/capiscio/key.go:105.17,107.4 1 0
github.com/capiscio/capiscio-core/cmd/capiscio/key.go:107.9,109.4 1 0
github.com/capiscio/capiscio-core/cmd/capiscio/key.go:111.3,111.13 1 0
github.com/capiscio/capiscio-core/cmd/capiscio/key.go:115.13,123.2 6 0
github.com/capiscio/capiscio-core/cmd/capiscio/main.go:21.13,22.42 1 0
github.com/capiscio/capiscio-core/cmd/capiscio/main.go:22.42,25.3 2 0
github.com/capiscio/capiscio-core/cmd/capiscio/rpc.go:31.13,35.2 3 0
github.com/capiscio/capiscio-core/cmd/capiscio/rpc.go:37.55,42.22 3 0
github.com/capiscio/capiscio-core/cmd/capiscio/rpc.go:42.22,45.17 2 0
github.com/capiscio/capiscio-core/cmd/capiscio/rpc.go:45.17,47.4 1 0
github.com/capiscio/capiscio-core/cmd/capiscio/rpc.go:48.3,48.64 1 0
github.com/capiscio/capiscio-core/cmd/capiscio/rpc.go:49.8,52.23 2 0
github.com/capiscio/capiscio-core/cmd/capiscio/rpc.go:52.23,54.18 2 0
github.com/capiscio/capiscio-core/cmd/capiscio/rpc.go:54.18,56.5 1 0
github.com/capiscio/capiscio-core/cmd/capiscio/rpc.go:57.4,58.55 2 0
github.com/capiscio/capiscio-core/cmd/capiscio/rpc.go:58.55,60.5 1 0
github.com/capiscio/capiscio-core/cmd/capiscio/rpc.go:61.4,61.40 1 0
github.com/capiscio/capiscio-core/cmd/capiscio/rpc.go:65.3,65.50 1 0
github.com/capiscio/capiscio-core/cmd/capiscio/rpc.go:65.50,67.4 1 0
github.com/capiscio/capiscio-core/cmd/capiscio/rpc.go:69.3,70.17 2 0
github.com/capiscio/capiscio-core/cmd/capiscio/rpc.go:70.17,72.4 1 0
github.com/capiscio/capiscio-core/cmd/capiscio/rpc.go:73.3,76.16 2 0
github.com/capiscio/capiscio-core/cmd/capiscio/rpc.go:76.16,76.48 1 0
github.com/capiscio/capiscio-core/cmd/capiscio/rpc.go:80.2,87.12 5 0
github.com/capiscio/capiscio-core/cmd/capiscio/rpc.go:87.12,91.3 3 0
github.com/capiscio/capiscio-core/cmd/capiscio/rpc.go:94.2,94.47 1 0
github.com/capiscio/capiscio-core/cmd/capiscio/rpc.go:94.47,96.3 1 0
github.com/capiscio/capiscio-core/cmd/capiscio/rpc.go:98.2,98.12 1 0
github.com/capiscio/capiscio-core/cmd/capiscio/trust.go:48.52,50.17 2 0
github.com/capiscio/capiscio-core/cmd/capiscio/trust.go:50.17,52.4 1 0
github.com/capiscio/capiscio-core/cmd/capiscio/trust.go:54.3,54.26 1 0
github.com/capiscio/capiscio-core/cmd/capiscio/trust.go:54.26,56.4 1 0
github.com/capiscio/capiscio-core/cmd/capiscio/trust.go:58.3,58.21 1 0
github.com/capiscio/capiscio-core/cmd/capiscio/trust.go:58.21,60.4 1 0
github.com/capiscio/capiscio-core/cmd/capiscio/trust.go:62.3,62.40 1 0
github.com/capiscio/capiscio-core/cmd/capiscio/trust.go:66.64,68.16 2 0
github.com/capiscio/capiscio-core/cmd/capiscio/trust.go:68.16,70.3 1 0
github.com/capiscio/capiscio-core/cmd/capiscio/trust.go:72.2,73.51 2 0
github.com/capiscio/capiscio-core/cmd/capiscio/trust.go:73.51,75.3 1 0
github.com/capiscio/capiscio-core/cmd/capiscio/trust.go:77.2,77.21 1 0
github.com/capiscio/capiscio-core/cmd/capiscio/trust.go:77.21,79.3 1 0
github.com/capiscio/capiscio-core/cmd/capiscio/trust.go:81.2,81.39 1 0
github.com/capiscio/capiscio-core/cmd/capiscio/trust.go:81.39,83.3 1 0
github.com/capiscio/capiscio-core/cmd/capiscio/trust.go:85.2,87.12 3 0
github.com/capiscio/capiscio-core/cmd/capiscio/trust.go:90.63,95.19 4 0
github.com/capiscio/capiscio-core/cmd/capiscio/trust.go:95.19,98.17 2 0
github.com/capiscio/capiscio-core/cmd/capiscio/trust.go:98.17,100.4 1 0
github.com/capiscio/capiscio-core/cmd/capiscio/trust.go:101.8,105.87 2 0
github.com/capiscio/capiscio-core/cmd/capiscio/trust.go:105.87,107.4 1 0
github.com/capiscio/capiscio-core/cmd/capiscio/trust.go:109.3,111.17 3 0
github.com/capiscio/capiscio-core/cmd/capiscio/trust.go:111.17,113.4 1 0
github.com/capiscio/capiscio-core/cmd/capiscio/trust.go:114.3,116.39 2 0
github.com/capiscio/capiscio-core/cmd/capiscio/trust.go:116.39,118.4 1 0
github.com/capiscio/capiscio-core/cmd/capiscio/trust.go:120.3,121.17 2 0
github.com/capiscio/capiscio-core/cmd/capiscio/trust.go:121.17,123.4 1 0
github.com/capiscio/capiscio-core/cmd/capiscio/trust.go:126.2,127.52 2 0
github.com/capiscio/capiscio-core/cmd/capiscio/trust.go:127.52,129.3 1 0
github.com/capiscio/capiscio-core/cmd/capiscio/trust.go:131.2,131.25 1 0
github.com/capiscio/capiscio-core/cmd/capiscio/trust.go:131.25,133.3 1 0
github.com/capiscio/capiscio-core/cmd/capiscio/trust.go:135.2,135.60 1 0
github.com/capiscio/capiscio-core/cmd/capiscio/trust.go:135.60,137.3 1 0
github.com/capiscio/capiscio-core/cmd/capiscio/trust.go:139.2,140.32 2 0
github.com/capiscio/capiscio-core/cmd/capiscio/trust.go:140.32,142.3 1 0
github.com/capiscio/capiscio-core/cmd/capiscio/trust.go:143.2,143.21 1 0
github.com/capiscio/capiscio-core/cmd/capiscio/trust.go:143.21,145.3 1 0
github.com/capiscio/capiscio-core/cmd/capiscio/trust.go:147.2,147.12 1 0
github.com/capiscio/capiscio-core/cmd/capiscio/trust.go:153.49,155.17 2 0
github.com/capiscio/capiscio-core/cmd/capiscio/trust.go:155.17,157.4 1 0
github.com/capiscio/capiscio-core/cmd/capiscio/trust.go:159.3,160.17 2 0
github.com/capiscio/capiscio-core/cmd/capiscio/trust.go:160.17,162.4 1 0
github.com/capiscio/capiscio-core/cmd/capiscio/trust.go:164.3,164.21 1 0
github.com/capiscio/capiscio-core/cmd/capiscio/trust.go:164.21,169.4 4 0
github.com/capiscio/capiscio-core/cmd/capiscio/trust.go:171.3,172.28 2 0
github.com/capiscio/capiscio-core/cmd/capiscio/trust.go:172.28,177.4 4 0
github.com/capiscio/capiscio-core/cmd/capiscio/trust.go:179.3,180.13 2 0
github.com/capiscio/capiscio-core/cmd/capiscio/trust.go:188.52,192.17 3 0
github.com/capiscio/capiscio-core/cmd/capiscio/trust.go:192.17,194.4 1 0
github.com/capiscio/capiscio-core/cmd/capiscio/trust.go:196.3,196.43 1 0
github.com/capiscio/capiscio-core/cmd/capiscio/trust.go:196.43,197.35 1 0
github.com/capiscio/capiscio-core/cmd/capiscio/trust.go:197.35,199.5 1 0
github.com/capiscio/capiscio-core/cmd/capiscio/trust.go:200.4,200.54 1 0
github.com/capiscio/capiscio-core/cmd/capiscio/trust.go:203.3,204.13 2 0
github.com/capiscio/capiscio-core/cmd/capiscio/trust.go:208.13,215.2 5 0
github.com/capiscio/capiscio-core/cmd/capiscio/validate.go:31.13,44.2 11 0
github.com/capiscio/capiscio-core/cmd/capiscio/validate.go:51.52,52.15 1 0
github.com/capiscio/capiscio-core/cmd/capiscio/validate.go:52.15,54.4 1 0
github.com/capiscio/capiscio-core/cmd/capiscio/validate.go:56.3,61.82 4 0
github.com/capiscio/capiscio-core/cmd/capiscio/validate.go:61.82,63.18 2 0
github.com/capiscio/capiscio-core/cmd/capiscio/validate.go:63.18,65.5 1 0
github.com/capiscio/capiscio-core/cmd/capiscio/validate.go:66.4,66.17 1 0
github.com/capiscio/capiscio-core/cmd/capiscio/validate.go:66.17,66.42 1 0
github.com/capiscio/capiscio-core/cmd/capiscio/validate.go:67.4,68.18 2 0
github.com/capiscio/capiscio-core/cmd/capiscio/validate.go:68.18,70.5 1 0
github.com/capiscio/capiscio-core/cmd/capiscio/validate.go:71.9,73.18 2 0
github.com/capiscio/capiscio-core/cmd/capiscio/validate.go:73.18,75.5 1 0
github.com/capiscio/capiscio-core/cmd/capiscio/validate.go:79.3,80.57 2 0
github.com/capiscio/capiscio-core/cmd/capiscio/validate.go:80.57,82.4 1 0
github.com/capiscio/capiscio-core/cmd/capiscio/validate.go:85.3,86.38 2 0
github.com/capiscio/capiscio-core/cmd/capiscio/validate.go:86.38,88.4 1 0
github.com/capiscio/capiscio-core/cmd/capiscio/validate.go:90.3,106.17 6 0
github.com/capiscio/capiscio-core/cmd/capiscio/validate.go:106.17,108.4 1 0
github.com/capiscio/capiscio-core/cmd/capiscio/validate.go:111.3,111.15 1 0
github.com/capiscio/capiscio-core/cmd/capiscio/validate.go:111.15,116.18 5 0
github.com/capiscio/capiscio-core/cmd/capiscio/validate.go:116.18,118.5 1 0
github.com/capiscio/capiscio-core/cmd/capiscio/validate.go:119.4,119.23 1 0
github.com/capiscio/capiscio-core/cmd/capiscio/validate.go:119.23,121.5 1 0
github.com/capiscio/capiscio-core/cmd/capiscio/validate.go:122.4,122.14 1 0
github.com/capiscio/capiscio-core/cmd/capiscio/validate.go:126.3,126.68 1 0
github.com/capiscio/capiscio-core/cmd/capiscio/validate.go:126.68,127.22 1 0
github.com/capiscio/capiscio-core/cmd/capiscio/validate.go:127.22,129.5 1 0
github.com/capiscio/capiscio-core/cmd/capiscio/validate.go:129.10,131.5 1 0
github.com/capiscio/capiscio-core/cmd/capiscio/validate.go:133.4,133.23 1 0
github.com/capiscio/capiscio-core/cmd/capiscio/validate.go:133.23,137.50 3 0
github.com/capiscio/capiscio-core/cmd/capiscio/validate.go:137.50,139.6 1 0
github.com/capiscio/capiscio-core/cmd/capiscio/validate.go:139.11,139.30 1 0
github.com/capiscio/capiscio-core/cmd/capiscio/validate.go:139.30,141.6 1 0
github.com/capiscio/capiscio-core/cmd/capiscio/validate.go:145.3,145.29 1 0
github.com/capiscio/capiscio-core/cmd/capiscio/validate.go:145.29,146.23 1 0
github.com/capiscio/capiscio-core/cmd/capiscio/validate.go:146.23,148.5 1 0
github.com/capiscio/capiscio-core/cmd/capiscio/validate.go:148.10,151.5 1 0
github.com/capiscio/capiscio-core/cmd/capiscio/validate.go:152.4,152.40 1 0
github.com/capiscio/capiscio-core/cmd/capiscio/validate.go:152.40,165.34 2 0
github.com/capiscio/capiscio-core/cmd/capiscio/validate.go:165.34,167.6 1 0
github.com/capiscio/capiscio-core/cmd/capiscio/validate.go:168.5,168.84 1 0
github.com/capiscio/capiscio-core/cmd/capiscio/validate.go:172.3,172.22 1 0
github.com/capiscio/capiscio-core/cmd/capiscio/validate.go:172.22,174.4 1 0
github.com/capiscio/capiscio-core/cmd/capiscio/validate.go:176.3,176.13 1 0
github.com/capiscio/capiscio-core/cmd/capiscio/validate.go:197.88,201.33 3 0
github.com/capiscio/capiscio-core/cmd/capiscio/validate.go:201.33,202.25 1 0
github.com/capiscio/capiscio-core/cmd/capiscio/validate.go:203.16,204.34 1 0
github.com/capiscio/capiscio-core/cmd/capiscio/validate.go:205.18,206.38 1 0
github.com/capiscio/capiscio-core/cmd/capiscio/validate.go:210.2,219.27 2 0
github.com/capiscio/capiscio-core/cmd/capiscio/validate.go:219.27,226.33 2 0
github.com/capiscio/capiscio-core/cmd/capiscio/validate.go:226.33,228.4 1 0
github.com/capiscio/capiscio-core/cmd/capiscio/validate.go:231.2,231.12 1 0
github.com/capiscio/capiscio-core/pkg/registry/cloud.go:28.50,35.2 1 1
github.com/capiscio/capiscio-core/pkg/registry/cloud.go:39.100,46.37 5 1
github.com/capiscio/capiscio-core/pkg/registry/cloud.go:46.37,48.3 1 1
github.com/capiscio/capiscio-core/pkg/registry/cloud.go:51.2,52.16 2 1
github.com/capiscio/capiscio-core/pkg/registry/cloud.go:52.16,54.3 1 0
github.com/capiscio/capiscio-core/pkg/registry/cloud.go:56.2,57.16 2 1
github.com/capiscio/capiscio-core/pkg/registry/cloud.go:57.16,59.3 1 0
github.com/capiscio/capiscio-core/pkg/registry/cloud.go:60.2,60.15 1 1
github.com/capiscio/capiscio-core/pkg/registry/cloud.go:60.15,60.40 1 1
github.com/capiscio/capiscio-core/pkg/registry/cloud.go:62.2,62.38 1 1
github.com/capiscio/capiscio-core/pkg/registry/cloud.go:62.38,64.3 1 0
github.com/capiscio/capiscio-core/pkg/registry/cloud.go:67.2,68.64 2 1
github.com/capiscio/capiscio-core/pkg/registry/cloud.go:68.64,70.3 1 0
github.com/capiscio/capiscio-core/pkg/registry/cloud.go:72.2,77.21 5 1
github.com/capiscio/capiscio-core/pkg/registry/cloud.go:82.78,84.2 1 0
github.com/capiscio/capiscio-core/pkg/registry/cloud.go:88.113,92.16 3 0
github.com/capiscio/capiscio-core/pkg/registry/cloud.go:92.16,94.3 1 0
github.com/capiscio/capiscio-core/pkg/registry/cloud.go:96.2,97.16 2 0
github.com/capiscio/capiscio-core/pkg/registry/cloud.go:97.16,99.3 1 0
github.com/capiscio/capiscio-core/pkg/registry/cloud.go:100.2,100.15 1 0
github.com/capiscio/capiscio-core/pkg/registry/cloud.go:100.15,100.40 1 0
github.com/capiscio/capiscio-core/pkg/registry/cloud.go:102.2,102.44 1 0
github.com/capiscio/capiscio-core/pkg/registry/cloud.go:102.44,104.3 1 0
github.com/capiscio/capiscio-core/pkg/registry/cloud.go:106.2,106.38 1 0
github.com/capiscio/capiscio-core/pkg/registry/cloud.go:106.38,108.3 1 0
github.com/capiscio/capiscio-core/pkg/registry/cloud.go:110.2,111.67 2 0
github.com/capiscio/capiscio-core/pkg/registry/cloud.go:111.67,113.3 1 0
github.com/capiscio/capiscio-core/pkg/registry/cloud.go:115.2,115.21 1 0
github.com/capiscio/capiscio-core/pkg/registry/cloud.go:120.117,124.16 3 0
github.com/capiscio/capiscio-core/pkg/registry/cloud.go:124.16,126.3 1 0
github.com/capiscio/capiscio-core/pkg/registry/cloud.go:128.2,129.16 2 0
github.com/capiscio/capiscio-core/pkg/registry/cloud.go:129.16,131.3 1 0
github.com/capiscio/capiscio-core/pkg/registry/cloud.go:132.2,132.15 1 0
github.com/capiscio/capiscio-core/pkg/registry/cloud.go:132.15,132.40 1 0
github.com/capiscio/capiscio-core/pkg/registry/cloud.go:134.2,134.44 1 0
github.com/capiscio/capiscio-core/pkg/registry/cloud.go:134.44,136.3 1 0
github.com/capiscio/capiscio-core/pkg/registry/cloud.go:138.2,138.38 1 0
github.com/capiscio/capiscio-core/pkg/registry/cloud.go:138.38,140.3 1 0
github.com/capiscio/capiscio-core/pkg/registry/cloud.go:142.2,143.67 2 0
github.com/capiscio/capiscio-core/pkg/registry/cloud.go:143.67,145.3 1 0
github.com/capiscio/capiscio-core/pkg/registry/cloud.go:147.2,147.21 1 0
github.com/capiscio/capiscio-core/pkg/registry/cloud.go:152.119,156.16 3 0
github.com/capiscio/capiscio-core/pkg/registry/cloud.go:156.16,158.3 1 0
github.com/capiscio/capiscio-core/pkg/registry/cloud.go:160.2,161.16 2 0
github.com/capiscio/capiscio-core/pkg/registry/cloud.go:161.16,163.3 1 0
github.com/capiscio/capiscio-core/pkg/registry/cloud.go:164.2,164.15 1 0
github.com/capiscio/capiscio-core/pkg/registry/cloud.go:164.15,164.40 1 0
github.com/capiscio/capiscio-core/pkg/registry/cloud.go:166.2,166.38 1 0
github.com/capiscio/capiscio-core/pkg/registry/cloud.go:166.38,168.3 1 0
github.com/capiscio/capiscio-core/pkg/registry/cloud.go:170.2,173.69 2 0
github.com/capiscio/capiscio-core/pkg/registry/cloud.go:173.69,175.3 1 0
github.com/capiscio/capiscio-core/pkg/registry/cloud.go:177.2,177.34 1 0
github.com/capiscio/capiscio-core/pkg/registry/interface.go:81.39,83.2 1 0
github.com/capiscio/capiscio-core/pkg/registry/local.go:24.51,26.2 1 1
github.com/capiscio/capiscio-core/pkg/registry/local.go:30.93,32.24 2 1
github.com/capiscio/capiscio-core/pkg/registry/local.go:32.24,35.3 2 0
github.com/capiscio/capiscio-core/pkg/registry/local.go:36.2,42.24 4 1
github.com/capiscio/capiscio-core/pkg/registry/local.go:42.24,44.3 1 0
github.com/capiscio/capiscio-core/pkg/registry/local.go:46.2,47.16 2 1
github.com/capiscio/capiscio-core/pkg/registry/local.go:47.16,49.3 1 0
github.com/capiscio/capiscio-core/pkg/registry/local.go:52.2,53.51 2 1
github.com/capiscio/capiscio-core/pkg/registry/local.go:53.51,55.3 1 0
github.com/capiscio/capiscio-core/pkg/registry/local.go:57.2,58.21 2 1
github.com/capiscio/capiscio-core/pkg/registry/local.go:63.78,65.2 1 0
github.com/capiscio/capiscio-core/pkg/registry/local.go:69.101,71.2 1 0
github.com/capiscio/capiscio-core/pkg/registry/local.go:75.101,77.2 1 0
github.com/capiscio/capiscio-core/pkg/registry/local.go:81.105,83.2 1 0
github.com/capiscio/capiscio-core/pkg/report/types.go:36.66,44.2 2 1
github.com/capiscio/capiscio-core/pkg/report/types.go:47.68,54.2 1 1
github.com/capiscio/capiscio-core/pkg/trust/store.go:53.31,54.64 1 1
github.com/capiscio/capiscio-core/pkg/trust/store.go:54.64,56.3 1 1
github.com/capiscio/capiscio-core/pkg/trust/store.go:57.2,58.16 2 1
github.com/capiscio/capiscio-core/pkg/trust/store.go:58.16,60.3 1 0
github.com/capiscio/capiscio-core/pkg/trust/store.go:61.2,61.50 1 1
github.com/capiscio/capiscio-core/pkg/trust/store.go:65.51,66.15 1 1
github.com/capiscio/capiscio-core/pkg/trust/store.go:66.15,68.3 1 0
github.com/capiscio/capiscio-core/pkg/trust/store.go:71.2,71.47 1 1
github.com/capiscio/capiscio-core/pkg/trust/store.go:71.47,73.3 1 0
github.com/capiscio/capiscio-core/pkg/trust/store.go:75.2,75.34 1 1
github.com/capiscio/capiscio-core/pkg/trust/store.go:79.48,83.2 2 1
github.com/capiscio/capiscio-core/pkg/trust/store.go:86.42,88.2 1 1
github.com/capiscio/capiscio-core/pkg/trust/store.go:91.52,95.21 3 1
github.com/capiscio/capiscio-core/pkg/trust/store.go:95.21,97.3 1 1
github.com/capiscio/capiscio-core/pkg/trust/store.go:100.2,101.16 2 1
github.com/capiscio/capiscio-core/pkg/trust/store.go:101.16,103.3 1 0
github.com/capiscio/capiscio-core/pkg/trust/store.go:106.2,107.55 2 1
github.com/capiscio/capiscio-core/pkg/trust/store.go:107.55,109.3 1 0
github.com/capiscio/capiscio-core/pkg/trust/store.go:111.2,111.12 1 1
github.com/capiscio/capiscio-core/pkg/trust/store.go:115.63,121.24 5 1
github.com/capiscio/capiscio-core/pkg/trust/store.go:121.24,123.3 1 1
github.com/capiscio/capiscio-core/pkg/trust/store.go:124.2,124.16 1 1
github.com/capiscio/capiscio-core/pkg/trust/store.go:124.16,126.3 1 0
github.com/capiscio/capiscio-core/pkg/trust/store.go:128.2,129.51 2 1
github.com/capiscio/capiscio-core/pkg/trust/store.go:129.51,131.3 1 0
github.com/capiscio/capiscio-core/pkg/trust/store.go:133.2,133.18 1 1
github.com/capiscio/capiscio-core/pkg/trust/store.go:137.78,143.16 4 1
github.com/capiscio/capiscio-core/pkg/trust/store.go:143.16,145.3 1 0
github.com/capiscio/capiscio-core/pkg/trust/store.go:147.2,148.27 2 1
github.com/capiscio/capiscio-core/pkg/trust/store.go:148.27,150.3 1 1
github.com/capiscio/capiscio-core/pkg/trust/store.go:152.2,153.27 2 1
github.com/capiscio/capiscio-core/pkg/trust/store.go:153.27,156.17 3 1
github.com/capiscio/capiscio-core/pkg/trust/store.go:156.17,157.12 1 0
github.com/capiscio/capiscio-core/pkg/trust/store.go:160.3,161.52 2 1
github.com/capiscio/capiscio-core/pkg/trust/store.go:161.52,162.12 1 0
github.com/capiscio/capiscio-core/pkg/trust/store.go:164.3,164.27 1 1
github.com/capiscio/capiscio-core/pkg/trust/store.go:167.2,167.20 1 1
github.com/capiscio/capiscio-core/pkg/trust/store.go:167.20,169.3 1 0
github.com/capiscio/capiscio-core/pkg/trust/store.go:171.2,171.18 1 1
github.com/capiscio/capiscio-core/pkg/trust/store.go:175.55,180.16 4 1
github.com/capiscio/capiscio-core/pkg/trust/store.go:180.16,182.3 1 0
github.com/capiscio/capiscio-core/pkg/trust/store.go:184.2,185.32 2 1
github.com/capiscio/capiscio-core/pkg/trust/store.go:185.32,186.60 1 1
github.com/capiscio/capiscio-core/pkg/trust/store.go:186.60,187.12 1 0
github.com/capiscio/capiscio-core/pkg/trust/store.go:190.3,192.17 3 1
github.com/capiscio/capiscio-core/pkg/trust/store.go:192.17,193.12 1 0
github.com/capiscio/capiscio-core/pkg/trust/store.go:196.3,197.52 2 1
github.com/capiscio/capiscio-core/pkg/trust/store.go:197.52,198.12 1 0
github.com/capiscio/capiscio-core/pkg/trust/store.go:200.3,200.27 1 1
github.com/capiscio/capiscio-core/pkg/trust/store.go:203.2,203.18 1 1
github.com/capiscio/capiscio-core/pkg/trust/store.go:207.46,212.49 4 1
github.com/capiscio/capiscio-core/pkg/trust/store.go:212.49,214.3 1 1
github.com/capiscio/capiscio-core/pkg/trust/store.go:216.2,216.40 1 1
github.com/capiscio/capiscio-core/pkg/trust/store.go:216.40,218.3 1 0
github.com/capiscio/capiscio-core/pkg/trust/store.go:221.2,222.16 2 1
github.com/capiscio/capiscio-core/pkg/trust/store.go:222.16,223.37 1 1
github.com/capiscio/capiscio-core/pkg/trust/store.go:223.37,224.27 1 1
github.com/capiscio/capiscio-core/pkg/trust/store.go:224.27,225.17 1 1
github.com/capiscio/capiscio-core/pkg/trust/store.go:225.17,227.11 2 1
github.com/capiscio/capiscio-core/pkg/trust/store.go:231.3,231.29 1 1
github.com/capiscio/capiscio-core/pkg/trust/store.go:234.2,234.12 1 1
github.com/capiscio/capiscio-core/pkg/trust/store.go:238.67,243.39 4 1
github.com/capiscio/capiscio-core/pkg/trust/store.go:243.39,245.3 1 0
github.com/capiscio/capiscio-core/pkg/trust/store.go:246.2,246.20 1 1
github.com/capiscio/capiscio-core/pkg/trust/store.go:246.20,248.3 1 1
github.com/capiscio/capiscio-core/pkg/trust/store.go:251.2,252.25 2 1
github.com/capiscio/capiscio-core/pkg/trust/store.go:252.25,253.15 1 0
github.com/capiscio/capiscio-core/pkg/trust/store.go:253.15,255.4 1 0
github.com/capiscio/capiscio-core/pkg/trust/store.go:258.2,259.31 2 1
github.com/capiscio/capiscio-core/pkg/trust/store.go:263.64,265.16 2 1
github.com/capiscio/capiscio-core/pkg/trust/store.go:265.16,267.3 1 1
github.com/capiscio/capiscio-core/pkg/trust/store.go:269.2,270.55 2 1
github.com/capiscio/capiscio-core/pkg/trust/store.go:270.55,272.3 1 0
github.com/capiscio/capiscio-core/pkg/trust/store.go:274.2,274.21 1 1
github.com/capiscio/capiscio-core/pkg/trust/store.go:278.68,280.16 2 1
github.com/capiscio/capiscio-core/pkg/trust/store.go:280.16,282.3 1 0
github.com/capiscio/capiscio-core/pkg/trust/store.go:284.2,284.66 1 1
github.com/capiscio/capiscio-core/pkg/trust/store.go:284.66,286.3 1 0
github.com/capiscio/capiscio-core/pkg/trust/store.go:288.2,288.12 1 1
github.com/capiscio/capiscio-core/pkg/trust/store.go:292.42,295.32 2 1
github.com/capiscio/capiscio-core/pkg/trust/store.go:295.32,296.12 1 1
github.com/capiscio/capiscio-core/pkg/trust/store.go:297.53,298.28 1 1
github.com/capiscio/capiscio-core/pkg/trust/store.go:299.11,300.26 1 1
github.com/capiscio/capiscio-core/pkg/trust/store.go:303.2,303.21 1 1
github.com/capiscio/capiscio-core/pkg/trust/store.go:307.83,308.32 1 0
github.com/capiscio/capiscio-core/pkg/trust/store.go:308.32,309.36 1 0
github.com/capiscio/capiscio-core/pkg/trust/store.go:309.36,311.4 1 0
github.com/capiscio/capiscio-core/pkg/trust/store.go:312.3,312.22 1 0
github.com/capiscio/capiscio-core/pkg/trust/store.go:312.22,313.67 1 0
github.com/capiscio/capiscio-core/pkg/trust/store.go:313.67,315.5 1 0
github.com/capiscio/capiscio-core/pkg/trust/store.go:318.2,318.12 1 0
github.com/capiscio/capiscio-core/pkg/rpc/gen/capiscio/v1/badge.pb.go:58.40,62.2 3 0
github.com/capiscio/capiscio-core/pkg/rpc/gen/capiscio/v1/badge.pb.go:64.37,66.2 1 0
github.com/capiscio/capiscio-core/pkg/rpc/gen/capiscio/v1/badge.pb.go:68.60,70.2 1 0
github.com/capiscio/capiscio-core/pkg/rpc/gen/capiscio/v1/badge.pb.go:72.48,74.2 1 0
github.com/capiscio/capiscio-core/pkg/rpc/gen/capiscio/v1/badge.pb.go:76.54,78.2 1 0
github.com/capiscio/capiscio-core/pkg/rpc/gen/capiscio/v1/badge.pb.go:81.52,83.2 1 0
github.com/capiscio/capiscio-core/pkg/rpc/gen/capiscio/v1/badge.pb.go:111.40,115.2 3 0
github.com/capiscio/capiscio-core/pkg/rpc/gen/capiscio/v1/badge.pb.go:117.37,119.2 1 0
github.com/capiscio/capiscio-core/pkg/rpc/gen/capiscio/v1/badge.pb.go:121.60,123.2 1 0
github.com/capiscio/capiscio-core/pkg/rpc/gen/capiscio/v1/badge.pb.go:125.48,127.2 1 0
github.com/capiscio/capiscio-core/pkg/rpc/gen/capiscio/v1/badge.pb.go:129.54,131.2 1 0
github.com/capiscio/capiscio-core/pkg/rpc/gen/capiscio/v1/badge.pb.go:134.52,136.2 1 0
github.com/capiscio/capiscio-core/pkg/rpc/gen/capiscio/v1/badge.pb.go:161.40,165.2 3 0
github.com/capiscio/capiscio-core/pkg/rpc/gen/capiscio/v1/badge.pb.go:167.37,169.2 1 0
github.com/capiscio/capiscio-core/pkg/rpc/gen/capiscio/v1/badge.pb.go:171.60,173.2 1 0
github.com/capiscio/capiscio-core/pkg/rpc/gen/capiscio/v1/badge.pb.go:175.48,177.2 1 0
github.com/capiscio/capiscio-core/pkg/rpc/gen/capiscio/v1/badge.pb.go:179.54,181.2 1 0
github.com/capiscio/capiscio-core/pkg/rpc/gen/capiscio/v1/badge.pb.go:184.52,186.2 1 0
github.com/capiscio/capiscio-core/pkg/rpc/gen/capiscio/v1/badge.pb.go:217.50,221.2 3 0
github.com/capiscio/capiscio-core/pkg/rpc/gen/capiscio/v1/badge.pb.go:223.42,225.2 1 0
github.com/capiscio/capiscio-core/pkg/rpc/gen/capiscio/v1/badge.pb.go:227.65,229.2 1 0
github.com/capiscio/capiscio-core/pkg/rpc/gen/capiscio/v1/badge.pb.go:231.53,233.2 1 0
github.com/capiscio/capiscio-core/pkg/rpc/gen/capiscio/v1/badge.pb.go:235.59,237.2 1 0
github.com/capiscio/capiscio-core/pkg/rpc/gen/capiscio/v1/badge.pb.go:240.57,242.2 1 0
github.com/capiscio/capiscio-core/pkg/rpc/gen/capiscio/v1/badge.pb.go:262.31,267.2 4 0
github.com/capiscio/capiscio-core/pkg/rpc/gen/capiscio/v1/badge.pb.go:269.39,271.2 1 0
github.com/capiscio/capiscio-core/pkg/rpc/gen/capiscio/v1/badge.pb.go:273.37,273.38 0 0
github.com/capiscio/capiscio-core/pkg/rpc/gen/capiscio/v1/badge.pb.go:275.59,277.14 2 0
github.com/capiscio/capiscio-core/pkg/rpc/gen/capiscio/v1/badge.pb.go:277.14,279.34 2 0
github.com/capiscio/capiscio-core/pkg/rpc/gen/capiscio/v1/badge.pb.go:279.34,281.4 1 0
github.com/capiscio/capiscio-core/pkg/rpc/gen/capiscio/v1/badge.pb.go:282.3,282.12 1 0
github.com/capiscio/capiscio-core/pkg/rpc/gen/capiscio/v1/badge.pb.go:284.2,284.24 1 0
github.com/capiscio/capiscio-core/pkg/rpc/gen/capiscio/v1/badge.pb.go:288.50,290.2 1 0
github.com/capiscio/capiscio-core/pkg/rpc/gen/capiscio/v1/badge.pb.go:292.39,293.14 1 0
github.com/capiscio/capiscio-core/pkg/rpc/gen/capiscio/v1/badge.pb.go:293.14,295.3 1 0
github.com/capiscio/capiscio-core/pkg/rpc/gen/capiscio/v1/badge.pb.go:296.2,296.11 1 0
github.com/capiscio/capiscio-core/pkg/rpc/gen/capiscio/v1/badge.pb.go:299.39,300.14 1 0
github.com/capiscio/capiscio-core/pkg/rpc/gen/capiscio/v1/badge.pb.go:300.14,302.3 1 0
github.com/capiscio/capiscio-core/pkg/rpc/gen/capiscio/v1/badge.pb.go:303.2,303.11 1 0
github.com/capiscio/capiscio-core/pkg/rpc/gen/capiscio/v1/badge.pb.go:306.39,307.14 1 0
github.com/capiscio/capiscio-core/pkg/rpc/gen/capiscio/v1/badge.pb.go:307.14,309.3 1 0
github.com/capiscio/capiscio-core/pkg/rpc/gen/capiscio/v1/badge.pb.go:310.2,310.11 1 0
github.com/capiscio/capiscio-core/pkg/rpc/gen/capiscio/v1/badge.pb.go:313.38,314.14 1 0
github.com/capiscio/capiscio-core/pkg/rpc/gen/capiscio/v1/badge.pb.go:314.14,316.3 1 0
github.com/capiscio/capiscio-core/pkg/rpc/gen/capiscio/v1/badge.pb.go:317.2,317.10 1 0
github.com/capiscio/capiscio-core/pkg/rpc/gen/capiscio/v1/badge.pb.go:320.38,321.14 1 0
github.com/capiscio/capiscio-core/pkg/rpc/gen/capiscio/v1/badge.pb.go:321.14,323.3 1 0
github.com/capiscio/capiscio-core/pkg/rpc/gen/capiscio/v1/badge.pb.go:324.2,324.10 1 0
github.com/capiscio/capiscio-core/pkg/rpc/gen/capiscio/v1/badge.pb.go:327.38,328.14 1 0
github.com/capiscio/capiscio-core/pkg/rpc/gen/capiscio/v1/badge.pb.go:328.14,330.3 1 0
github.com/capiscio/capiscio-core/pkg/rpc/gen/capiscio/v1/badge.pb.go:331.2,331.10 1 0
github.com/capiscio/capiscio-core/pkg/rpc/gen/capiscio/v1/badge.pb.go:334.41,335.14 1 0
github.com/capiscio/capiscio-core/pkg/rpc/gen/capiscio/v1/badge.pb.go:335.14,337.3 1 0
github.com/capiscio/capiscio-core/pkg/rpc/gen/capiscio/v1/badge.pb.go:338.2,338.12 1 0
github.com/capiscio/capiscio-core/pkg/rpc/gen/capiscio/v1/badge.pb.go:341.50,342.14 1 0
github.com/capiscio/capiscio-core/pkg/rpc/gen/capiscio/v1/badge.pb.go:342.14,344.3 1 0
github.com/capiscio/capiscio-core/pkg/rpc/gen/capiscio/v1/badge.pb.go:345.2,345.43 1 0
github.com/capiscio/capiscio-core/pkg/rpc/gen/capiscio/v1/badge.pb.go:348.42,349.14 1 0
github.com/capiscio/capiscio-core/pkg/rpc/gen/capiscio/v1/badge.pb.go:349.14,351.3 1 0
github.com/capiscio/capiscio-core/pkg/rpc/gen/capiscio/v1/badge.pb.go:352.2,352.11 1 0
github.com/capiscio/capiscio-core/pkg/rpc/gen/capiscio/v1/badge.pb.go:355.45,356.14 1 0
github.com/capiscio/capiscio-core/pkg/rpc/gen/capiscio/v1/badge.pb.go:356.14,358.3 1 0
github.com/capiscio/capiscio-core/pkg/rpc/gen/capiscio/v1/badge.pb.go:359.2,359.11 1 0
github.com/capiscio/capiscio-core/pkg/rpc/gen/capiscio/v1/badge.pb.go:362.41,363.14 1 0
github.com/capiscio/capiscio-core/pkg/rpc/gen/capiscio/v1/badge.pb.go:363.14,365.3 1 0
github.com/capiscio/capiscio-core/pkg/rpc/gen/capiscio/v1/badge.pb.go:366.2,366.11 1 0
github.com/capiscio/capiscio-core/pkg/rpc/gen/capiscio/v1/badge.pb.go:381.36,386.2 4 0
github.com/capiscio/capiscio-core/pkg/rpc/gen/capiscio/v1/badge.pb.go:388.44,390.2 1 0
github.com/capiscio/capiscio-core/pkg/rpc/gen/capiscio/v1/badge.pb.go:392.42,392.43 0 0
github.com/capiscio/capiscio-core/pkg/rpc/gen/capiscio/v1/badge.pb.go:394.64,396.14 2 0
github.com/capiscio/capiscio-core/pkg/rpc/gen/capiscio/v1/badge.pb.go:396.14,398.34 2 0
github.com/capiscio/capiscio-core/pkg/rpc/gen/capiscio/v1/badge.pb.go:398.34,400.4 1 0
github.com/capiscio/capiscio-core/pkg/rpc/gen/capiscio/v1/badge.pb.go:401.3,401.12 1 0
github.com/capiscio/capiscio-core/pkg/rpc/gen/capiscio/v1/badge.pb.go:403.2,403.24 1 0
github.com/capiscio/capiscio-core/pkg/rpc/gen/capiscio/v1/badge.pb.go:407.55,409.2 1 0
github.com/capiscio/capiscio-core/pkg/rpc/gen/capiscio/v1/badge.pb.go:411.53,412.14 1 0
github.com/capiscio/capiscio-core/pkg/rpc/gen/capiscio/v1/badge.pb.go:412.14,414.3 1 0
github.com/capiscio/capiscio-core/pkg/rpc/gen/capiscio/v1/badge.pb.go:415.2,415.12 1 0
github.com/capiscio/capiscio-core/pkg/rpc/gen/capiscio/v1/badge.pb.go:418.54,419.14 1 0
github.com/capiscio/capiscio-core/pkg/rpc/gen/capiscio/v1/badge.pb.go:419.14,421.3 1 0
github.com/capiscio/capiscio-core/pkg/rpc/gen/capiscio/v1/badge.pb.go:422.2,422.11 1 0
github.com/capiscio/capiscio-core/pkg/rpc/gen/capiscio/v1/badge.pb.go:425.46,426.14 1 0
github.com/capiscio/capiscio-core/pkg/rpc/gen/capiscio/v1/badge.pb.go:426.14,428.3 1 0
github.com/capiscio/capiscio-core/pkg/rpc/gen/capiscio/v1/badge.pb.go:429.2,429.11 1 0
github.com/capiscio/capiscio-core/pkg/rpc/gen/capiscio/v1/badge.pb.go:441.37,446.2 4 0
github.com/capiscio/capiscio-core/pkg/rpc/gen/capiscio/v1/badge.pb.go:448.45,450.2 1 0
github.com/capiscio/capiscio-core/pkg/rpc/gen/capiscio/v1/badge.pb.go:452.43,452.44 0 0
github.com/capiscio/capiscio-core/pkg/rpc/gen/capiscio/v1/badge.pb.go:454.65,456.14 2 0
github.com/capiscio/capiscio-core/pkg/rpc/gen/capiscio/v1/badge.pb.go:456.14,458.34 2 0
github.com/capiscio/capiscio-core/pkg/rpc/gen/capiscio/v1/badge.pb.go:458.34,460.4 1 0
github.com/capiscio/capiscio-core/pkg/rpc/gen/capiscio/v1/badge.pb.go:461.3,461.12 1 0
github.com/capiscio/capiscio-core/pkg/rpc/gen/capiscio/v1/badge.pb.go:463.2,463.24 1 0
github.com/capiscio/capiscio-core/pkg/rpc/gen/capiscio/v1/badge.pb.go:467.56,469.2 1 0
github.com/capiscio/capiscio-core/pkg/rpc/gen/capiscio/v1/badge.pb.go:471.47,472.14 1 0
github.com/capiscio/capiscio-core/pkg/rpc/gen/capiscio/v1/badge.pb.go:472.14,474.3 1 0
github.com/capiscio/capiscio-core/pkg/rpc/gen/capiscio/v1/badge.pb.go:475.2,475.11 1 0
github.com/capiscio/capiscio-core/pkg/rpc/gen/capiscio/v1/badge.pb.go:478.54,479.14 1 0
github.com/capiscio/capiscio-core/pkg/rpc/gen/capiscio/v1/badge.pb.go:479.14,481.3 1 0
github.com/capiscio/capiscio-core/pkg/rpc/gen/capiscio/v1/badge.pb.go:482.2,482.12 1 0
github.com/capiscio/capiscio-core/pkg/rpc/gen/capiscio/v1/badge.pb.go:495.38,500.2 4 0
github.com/capiscio/capiscio-core/pkg/rpc/gen/capiscio/v1/badge.pb.go:502.46,504.2 1 0
github.com/capiscio/capiscio-core/pkg/rpc/gen/capiscio/v1/badge.pb.go:506.44,506.45 0 0
github.com/capiscio/capiscio-core/pkg/rpc/gen/capiscio/v1/badge.pb.go:508.66,510.14 2 0
github.com/capiscio/capiscio-core/pkg/rpc/gen/capiscio/v1/badge.pb.go:510.14,512.34 2 0
github.com/capiscio/capiscio-core/pkg/rpc/gen/capiscio/v1/badge.pb.go:512.34,514.4 1 0
github.com/capiscio/capiscio-core/pkg/rpc/gen/capiscio/v1/badge.pb.go:515.3,515.12 1 0
github.com/capiscio/capiscio-core/pkg/rpc/gen/capiscio/v1/badge.pb.go:517.2,517.24 1 0
github.com/capiscio/capiscio-core/pkg/rpc/gen/capiscio/v1/badge.pb.go:521.57,523.2 1 0
github.com/capiscio/capiscio-core/pkg/rpc/gen/capiscio/v1/badge.pb.go:525.48,526.14 1 0
github.com/capiscio/capiscio-core/pkg/rpc/gen/capiscio/v1/badge.pb.go:526.14,528.3 1 0
github.com/capiscio/capiscio-core/pkg/rpc/gen/capiscio/v1/badge.pb.go:529.2,529.11 1 0
github.com/capiscio/capiscio-core/pkg/rpc/gen/capiscio/v1/badge.pb.go:532.55,533.14 1 0
github.com/capiscio/capiscio-core/pkg/rpc/gen/capiscio/v1/badge.pb.go:533.14,535.3 1 0
github.com/capiscio/capiscio-core/pkg/rpc/gen/capiscio/v1/badge.pb.go:536.2,536.11 1 0
github.com/capiscio/capiscio-core/pkg/rpc/gen/capiscio/v1/badge.pb.go:554.33,559.2 4 0
github.com/capiscio/capiscio-core/pkg/rpc/gen/capiscio/v1/badge.pb.go:561.41,563.2 1 0
github.com/capiscio/capiscio-core/pkg/rpc/gen/capiscio/v1/badge.pb.go:565.39,565.40 0 0
github.com/capiscio/capiscio-core/pkg/rpc/gen/capiscio/v1/badge.pb.go:567.61,569.14 2 0
github.com/capiscio/capiscio-core/pkg/rpc/gen/capiscio/v1/badge.pb.go:569.14,571.34 2 0
github.com/capiscio/capiscio-core/pkg/rpc/gen/capiscio/v1/badge.pb.go:571.34,573.4 1 0
github.com/capiscio/capiscio-core/pkg/rpc/gen/capiscio/v1/badge.pb.go:574.3,574.12 1 0
github.com/capiscio/capiscio-core/pkg/rpc/gen/capiscio/v1/badge.pb.go:576.2,576.24 1 0
github.com/capiscio/capiscio-core/pkg/rpc/gen/capiscio/v1/badge.pb.go:580.52,582.2 1 0
github.com/capiscio/capiscio-core/pkg/rpc/gen/capiscio/v1/badge.pb.go:584.46,585.14 1 0
github.com/capiscio/capiscio-core/pkg/rpc/gen/capiscio/v1/badge.pb.go:585.14,587.3 1 0
github.com/capiscio/capiscio-core/pkg/rpc/gen/capiscio/v1/badge.pb.go:588.2,588.43 1 0
github.com/capiscio/capiscio-core/pkg/rpc/gen/capiscio/v1/badge.pb.go:591.54,592.14 1 0
github.com/capiscio/capiscio-core/pkg/rpc/gen/capiscio/v1/badge.pb.go:592.14,594.3 1 0
github.com/capiscio/capiscio-core/pkg/rpc/gen/capiscio/v1/badge.pb.go:595.2,595.12 1 0
github.com/capiscio/capiscio-core/pkg/rpc/gen/capiscio/v1/badge.pb.go:598.46,599.14 1 0
github.com/capiscio/capiscio-core/pkg/rpc/gen/capiscio/v1/badge.pb.go:599.14,601.3 1 0
github.com/capiscio/capiscio-core/pkg/rpc/gen/capiscio/v1/badge.pb.go:602.2,602.11 1 0
github.com/capiscio/capiscio-core/pkg/rpc/gen/capiscio/v1/badge.pb.go:605.50,606.14 1 0
github.com/capiscio/capiscio-core/pkg/rpc/gen/capiscio/v1/badge.pb.go:606.14,608.3 1 0
github.com/capiscio/capiscio-core/pkg/rpc/gen/capiscio/v1/badge.pb.go:609.2,609.14 1 0
github.com/capiscio/capiscio-core/pkg/rpc/gen/capiscio/v1/badge.pb.go:612.51,613.14 1 0
github.com/capiscio/capiscio-core/pkg/rpc/gen/capiscio/v1/badge.pb.go:613.14,615.3 1 0
github.com/capiscio/capiscio-core/pkg/rpc/gen/capiscio/v1/badge.pb.go:616.2,616.14 1 0
github.com/capiscio/capiscio-core/pkg/rpc/gen/capiscio/v1/badge.pb.go:619.58,620.14 1 0
github.com/capiscio/capiscio-core/pkg/rpc/gen/capiscio/v1/badge.pb.go:620.14,622.3 1 0
github.com/capiscio/capiscio-core/pkg/rpc/gen/capiscio/v1/badge.pb.go:623.2,623.10 1 0
github.com/capiscio/capiscio-core/pkg/rpc/gen/capiscio/v1/badge.pb.go:626.49,627.14 1 0
github.com/capiscio/capiscio-core/pkg/rpc/gen/capiscio/v1/badge.pb.go:627.14,629.3 1 0
github.com/capiscio/capiscio-core/pkg/rpc/gen/capiscio/v1/badge.pb.go:630.2,630.11 1 0
github.com/capiscio/capiscio-core/pkg/rpc/gen/capiscio/v1/badge.pb.go:633.52,634.14 1 0
github.com/capiscio/capiscio-core/pkg/rpc/gen/capiscio/v1/badge.pb.go:634.14,636.3 1 0
github.com/capiscio/capiscio-core/pkg/rpc/gen/capiscio/v1/badge.pb.go:637.2,637.14 1 0
github.com/capiscio/capiscio-core/pkg/rpc/gen/capiscio/v1/badge.pb.go:649.49,654.2 4 0
github.com/capiscio/capiscio-core/pkg/rpc/gen/capiscio/v1/badge.pb.go:656.57,658.2 1 0
github.com/capiscio/capiscio-core/pkg/rpc/gen/capiscio/v1/badge.pb.go:660.55,660.56 0 0
github.com/capiscio/capiscio-core/pkg/rpc/gen/capiscio/v1/badge.pb.go:662.77,664.14 2 0
github.com/capiscio/capiscio-core/pkg/rpc/gen/capiscio/v1/badge.pb.go:664.14,666.34 2 0
github.com/capiscio/capiscio-core/pkg/rpc/gen/capiscio/v1/badge.pb.go:666.34,668.4 1 0
github.com/capiscio/capiscio-core/pkg/rpc/gen/capiscio/v1/badge.pb.go:669.3,669.12 1 0
github.com/capiscio/capiscio-core/pkg/rpc/gen/capiscio/v1/badge.pb.go:671.2,671.24 1 0
github.com/capiscio/capiscio-core/pkg/rpc/gen/capiscio/v1/badge.pb.go:675.68,677.2 1 0
github.com/capiscio/capiscio-core/pkg/rpc/gen/capiscio/v1/badge.pb.go:679.59,680.14 1 0
github.com/capiscio/capiscio-core/pkg/rpc/gen/capiscio/v1/badge.pb.go:680.14,682.3 1 0
github.com/capiscio/capiscio-core/pkg/rpc/gen/capiscio/v1/badge.pb.go:683.2,683.11 1 0
github.com/capiscio/capiscio-core/pkg/rpc/gen/capiscio/v1/badge.pb.go:686.69,687.14 1 0
github.com/capiscio/capiscio-core/pkg/rpc/gen/capiscio/v1/badge.pb.go:687.14,689.3 1 0
github.com/capiscio/capiscio-core/pkg/rpc/gen/capiscio/v1/badge.pb.go:690.2,690.12 1 0
github.com/capiscio/capiscio-core/pkg/rpc/gen/capiscio/v1/badge.pb.go:706.39,711.2 4 0
github.com/capiscio/capiscio-core/pkg/rpc/gen/capiscio/v1/badge.pb.go:713.47,715.2 1 0
github.com/capiscio/capiscio-core/pkg/rpc/gen/capiscio/v1/badge.pb.go:717.45,717.46 0 0
github.com/capiscio/capiscio-core/pkg/rpc/gen/capiscio/v1/badge.pb.go:719.67,721.14 2 0
github.com/capiscio/capiscio-core/pkg/rpc/gen/capiscio/v1/badge.pb.go:721.14,723.34 2 0
github.com/capiscio/capiscio-core/pkg/rpc/gen/capiscio/v1/badge.pb.go:723.34,725.4 1 0
github.com/capiscio/capiscio-core/pkg/rpc/gen/capiscio/v1/badge.pb.go:726.3,726.12 1 0
github.com/capiscio/capiscio-core/pkg/rpc/gen/capiscio/v1/badge.pb.go:728.2,728.24 1 0
github.com/capiscio/capiscio-core/pkg/rpc/gen/capiscio/v1/badge.pb.go:732.58,734.2 1 0
github.com/capiscio/capiscio-core/pkg/rpc/gen/capiscio/v1/badge.pb.go:736.47,737.14 1 0
github.com/capiscio/capiscio-core/pkg/rpc/gen/capiscio/v1/badge.pb.go:737.14,739.3 1 0
github.com/capiscio/capiscio-core/pkg/rpc/gen/capiscio/v1/badge.pb.go:740.2,740.14 1 0
github.com/capiscio/capiscio-core/pkg/rpc/gen/capiscio/v1/badge.pb.go:743.56,744.14 1 0
github.com/capiscio/capiscio-core/pkg/rpc/gen/capiscio/v1/badge.pb.go:744.14,746.3 1 0
github.com/capiscio/capiscio-core/pkg/rpc/gen/capiscio/v1/badge.pb.go:747.2,747.12 1 0
github.com/capiscio/capiscio-core/pkg/rpc/gen/capiscio/v1/badge.pb.go:750.56,751.14 1 0
github.com/capiscio/capiscio-core/pkg/rpc/gen/capiscio/v1/badge.pb.go:751.14,753.3 1 0
github.com/capiscio/capiscio-core/pkg/rpc/gen/capiscio/v1/badge.pb.go:754.2,754.43 1 0
github.com/capiscio/capiscio-core/pkg/rpc/gen/capiscio/v1/badge.pb.go:757.54,758.14 1 0
github.com/capiscio/capiscio-core/pkg/rpc/gen/capiscio/v1/badge.pb.go:758.14,760.3 1 0
github.com/capiscio/capiscio-core/pkg/rpc/gen/capiscio/v1/badge.pb.go:761.2,761.12 1 0
github.com/capiscio/capiscio-core/pkg/rpc/gen/capiscio/v1/badge.pb.go:764.53,765.14 1 0
github.com/capiscio/capiscio-core/pkg/rpc/gen/capiscio/v1/badge.pb.go:765.14,767.3 1 0
github.com/capiscio/capiscio-core/pkg/rpc/gen/capiscio/v1/badge.pb.go:768.2,768.11 1 0
github.com/capiscio/capiscio-core/pkg/rpc/gen/capiscio/v1/badge.pb.go:771.56,772.14 1 0
github.com/capiscio/capiscio-core/pkg/rpc/gen/capiscio/v1/badge.pb.go:772.14,774.3 1 0
github.com/capiscio/capiscio-core/pkg/rpc/gen/capiscio/v1/badge.pb.go:775.2,775.11 1 0
github.com/capiscio/capiscio-core/pkg/rpc/gen/capiscio/v1/badge.pb.go:786.37,791.2 4 0
github.com/capiscio/capiscio-core/pkg/rpc/gen/capiscio/v1/badge.pb.go:793.45,795.2 1 0
github.com/capiscio/capiscio-core/pkg/rpc/gen/capiscio/v1/badge.pb.go:797.43,797.44 0 0
github.com/capiscio/capiscio-core/pkg/rpc/gen/capiscio/v1/badge.pb.go:799.65,801.14 2 0
github.com/capiscio/capiscio-core/pkg/rpc/gen/capiscio/v1/badge.pb.go:801.14,803.34 2 0
github.com/capiscio/capiscio-core/pkg/rpc/gen/capiscio/v1/badge.pb.go:803.34,805.4 1 0
github.com/capiscio/capiscio-core/pkg/rpc/gen/capiscio/v1/badge.pb.go:806.3,806.12 1 0
github.com/capiscio/capiscio-core/pkg/rpc/gen/capiscio/v1/badge.pb.go:808.2,808.24 1 0
github.com/capiscio/capiscio-core/pkg/rpc/gen/capiscio/v1/badge.pb.go:812.56,814.2 1 0
github.com/capiscio/capiscio-core/pkg/rpc/gen/capiscio/v1/badge.pb.go:816.47,817.14 1 0
github.com/capiscio/capiscio-core/pkg/rpc/gen/capiscio/v1/badge.pb.go:817.14,819.3 1 0
github.com/capiscio/capiscio-core/pkg/rpc/gen/capiscio/v1/badge.pb.go:820.2,820.11 1 0
github.com/capiscio/capiscio-core/pkg/rpc/gen/capiscio/v1/badge.pb.go:832.38,837.2 4 0
github.com/capiscio/capiscio-core/pkg/rpc/gen/capiscio/v1/badge.pb.go:839.46,841.2 1 0
github.com/capiscio/capiscio-core/pkg/rpc/gen/capiscio/v1/badge.pb.go:843.44,843.45 0 0
github.com/capiscio/capiscio-core/pkg/rpc/gen/capiscio/v1/badge.pb.go:845.66,847.14 2 0
github.com/capiscio/capiscio-core/pkg/rpc/gen/capiscio/v1/badge.pb.go:847.14,849.34 2 0
github.com/capiscio/capiscio-core/pkg/rpc/gen/capiscio/v1/badge.pb.go:849.34,851.4 1 0
github.com/capiscio/capiscio-core/pkg/rpc/gen/capiscio/v1/badge.pb.go:852.3,852.12 1 0
github.com/capiscio/capiscio-core/pkg/rpc/gen/capiscio/v1/badge.pb.go:854.2,854.24 1 0
github.com/capiscio/capiscio-core/pkg/rpc/gen/capiscio/v1/badge.pb.go:858.57,860.2 1 0
github.com/capiscio/capiscio-core/pkg/rpc/gen/capiscio/v1/badge.pb.go:862.55,863.14 1 0
github.com/capiscio/capiscio-core/pkg/rpc/gen/capiscio/v1/badge.pb.go:863.14,865.3 1 0
github.com/capiscio/capiscio-core/pkg/rpc/gen/capiscio/v1/badge.pb.go:866.2,866.12 1 0
github.com/capiscio/capiscio-core/pkg/rpc/gen/capiscio/v1/badge.pb.go:869.55,870.14 1 0
github.com/capiscio/capiscio-core/pkg/rpc/gen/capiscio/v1/badge.pb.go:870.14,872.3 1 0
github.com/capiscio/capiscio-core/pkg/rpc/gen/capiscio/v1/badge.pb.go:873.2,873.11 1 0
github.com/capiscio/capiscio-core/pkg/rpc/gen/capiscio/v1/badge.pb.go:897.39,902.2 4 0
github.com/capiscio/capiscio-core/pkg/rpc/gen/capiscio/v1/badge.pb.go:904.47,906.2 1 0
github.com/capiscio/capiscio-core/pkg/rpc/gen/capiscio/v1/badge.pb.go:908.45,908.46 0 0
github.com/capiscio/capiscio-core/pkg/rpc/gen/capiscio/v1/badge.pb.go:910.67,912.14 2 0
github.com/capiscio/capiscio-core/pkg/rpc/gen/capiscio/v1/badge.pb.go:912.14,914.34 2 0
github.com/capiscio/capiscio-core/pkg/rpc/gen/capiscio/v1/badge.pb.go:914.34,916.4 1 0
github.com/capiscio/capiscio-core/pkg/rpc/gen/capiscio/v1/badge.pb.go:917.3,917.12 1 0
github.com/capiscio/capiscio-core/pkg/rpc/gen/capiscio/v1/badge.pb.go:919.2,919.24 1 0
github.com/capiscio/capiscio-core/pkg/rpc/gen/capiscio/v1/badge.pb.go:923.58,925.2 1 0
github.com/capiscio/capiscio-core/pkg/rpc/gen/capiscio/v1/badge.pb.go:927.51,928.14 1 0
github.com/capiscio/capiscio-core/pkg/rpc/gen/capiscio/v1/badge.pb.go:928.14,930.3 1 0
github.com/capiscio/capiscio-core/pkg/rpc/gen/capiscio/v1/badge.pb.go:931.2,931.11 1 0
github.com/capiscio/capiscio-core/pkg/rpc/gen/capiscio/v1/badge.pb.go:934.49,935.14 1 0
github.com/capiscio/capiscio-core/pkg/rpc/gen/capiscio/v1/badge.pb.go:935.14,937.3 1 0
github.com/capiscio/capiscio-core/pkg/rpc/gen/capiscio/v1/badge.pb.go:938.2,938.11 1 0
github.com/capiscio/capiscio-core/pkg/rpc/gen/capiscio/v1/badge.pb.go:941.50,942.14 1 0
github.com/capiscio/capiscio-core/pkg/rpc/gen/capiscio/v1/badge.pb.go:942.14,944.3 1 0
github.com/capiscio/capiscio-core/pkg/rpc/gen/capiscio/v1/badge.pb.go:945.2,945.11 1 0
github.com/capiscio/capiscio-core/pkg/rpc/gen/capiscio/v1/badge.pb.go:948.50,949.14 1 0
github.com/capiscio/capiscio-core/pkg/rpc/gen/capiscio/v1/badge.pb.go:949.14,951.3 1 0
github.com/capiscio/capiscio-core/pkg/rpc/gen/capiscio/v1/badge.pb.go:952.2,952.11 1 0
github.com/capiscio/capiscio-core/pkg/rpc/gen/capiscio/v1/badge.pb.go:955.53,956.14 1 0
github.com/capiscio/capiscio-core/pkg/rpc/gen/capiscio/v1/badge.pb.go:956.14,958.3 1 0
github.com/capiscio/capiscio-core/pkg/rpc/gen/capiscio/v1/badge.pb.go:959.2,959.10 1 0
github.com/capiscio/capiscio-core/pkg/rpc/gen/capiscio/v1/badge.pb.go:962.58,963.14 1 0
github.com/capiscio/capiscio-core/pkg/rpc/gen/capiscio/v1/badge.pb.go:963.14,965.3 1 0
github.com/capiscio/capiscio-core/pkg/rpc/gen/capiscio/v1/badge.pb.go:966.2,966.43 1 0
github.com/capiscio/capiscio-core/pkg/rpc/gen/capiscio/v1/badge.pb.go:969.54,970.14 1 0
github.com/capiscio/capiscio-core/pkg/rpc/gen/capiscio/v1/badge.pb.go:970.14,972.3 1 0
github.com/capiscio/capiscio-core/pkg/rpc/gen/capiscio/v1/badge.pb.go:973.2,973.12 1 0
github.com/capiscio/capiscio-core/pkg/rpc/gen/capiscio/v1/badge.pb.go:999.40,1004.2 4 0
github.com/capiscio/capiscio-core/pkg/rpc/gen/capiscio/v1/badge.pb.go:1006.48,1008.2 1 0
github.com/capiscio/capiscio-core/pkg/rpc/gen/capiscio/v1/badge.pb.go:1010.46,1010.47 0 0
github.com/capiscio/capiscio-core/pkg/rpc/gen/capiscio/v1/badge.pb.go:1012.68,1014.14 2 0
github.com/capiscio/capiscio-core/pkg/rpc/gen/capiscio/v1/badge.pb.go:1014.14,1016.34 2 0
github.com/capiscio/capiscio-core/pkg/rpc/gen/capiscio/v1/badge.pb.go:1016.34,1018.4 1 0
github.com/capiscio/capiscio-core/pkg/rpc/gen/capiscio/v1/badge.pb.go:1019.3,1019.12 1 0
github.com/capiscio/capiscio-core/pkg/rpc/gen/capiscio/v1/badge.pb.go:1021.2,1021.24 1 0
github.com/capiscio/capiscio-core/pkg/rpc/gen/capiscio/v1/badge.pb.go:1025.59,1027.2 1 0
github.com/capiscio/capiscio-core/pkg/rpc/gen/capiscio/v1/badge.pb.go:1029.50,1030.14 1 0
github.com/capiscio/capiscio-core/pkg/rpc/gen/capiscio/v1/badge.pb.go:1030.14,1032.3 1 0
github.com/capiscio/capiscio-core/pkg/rpc/gen/capiscio/v1/badge.pb.go:1033.2,1033.14 1 0
github.com/capiscio/capiscio-core/pkg/rpc/gen/capiscio/v1/badge.pb.go:1036.50,1037.14 1 0
github.com/capiscio/capiscio-core/pkg/rpc/gen/capiscio/v1/badge.pb.go:1037.14,1039.3 1 0
github.com/capiscio/capiscio-core/pkg/rpc/gen/capiscio/v1/badge.pb.go:1040.2,1040.11 1 0
github.com/capiscio/capiscio-core/pkg/rpc/gen/capiscio/v1/badge.pb.go:1043.48,1044.14 1 0
github.com/capiscio/capiscio-core/pkg/rpc/gen/capiscio/v1/badge.pb.go:1044.14,1046.3 1 0
github.com/capiscio/capiscio-core/pkg/rpc/gen/capiscio/v1/badge.pb.go:1047.2,1047.11 1 0
github.com/capiscio/capiscio-core/pkg/rpc/gen/capiscio/v1/badge.pb.go:1050.52,1051.14 1 0
github.com/capiscio/capiscio-core/pkg/rpc/gen/capiscio/v1/badge.pb.go:1051.14,1053.3 1 0
github.com/capiscio/capiscio-core/pkg/rpc/gen/capiscio/v1/badge.pb.go:1054.2,1054.11 1 0
github.com/capiscio/capiscio-core/pkg/rpc/gen/capiscio/v1/badge.pb.go:1057.59,1058.14 1 0
github.com/capiscio/capiscio-core/pkg/rpc/gen/capiscio/v1/badge.pb.go:1058.14,1060.3 1 0
github.com/capiscio/capiscio-core/pkg/rpc/gen/capiscio/v1/badge.pb.go:1061.2,1061.43 1 0
github.com/capiscio/capiscio-core/pkg/rpc/gen/capiscio/v1/badge.pb.go:1064.53,1065.14 1 0
github.com/capiscio/capiscio-core/pkg/rpc/gen/capiscio/v1/badge.pb.go:1065.14,1067.3 1 0
github.com/capiscio/capiscio-core/pkg/rpc/gen/capiscio/v1/badge.pb.go:1068.2,1068.10 1 0
github.com/capiscio/capiscio-core/pkg/rpc/gen/capiscio/v1/badge.pb.go:1071.50,1072.14 1 0
github.com/capiscio/capiscio-core/pkg/rpc/gen/capiscio/v1/badge.pb.go:1072.14,1074.3 1 0
github.com/capiscio/capiscio-core/pkg/rpc/gen/capiscio/v1/badge.pb.go:1075.2,1075.11 1 0
github.com/capiscio/capiscio-core/pkg/rpc/gen/capiscio/v1/badge.pb.go:1078.54,1079.14 1 0
github.com/capiscio/capiscio-core/pkg/rpc/gen/capiscio/v1/badge.pb.go:1079.14,1081.3 1 0
github.com/capiscio/capiscio-core/pkg/rpc/gen/capiscio/v1/badge.pb.go:1082.2,1082.11 1 0
github.com/capiscio/capiscio-core/pkg/rpc/gen/capiscio/v1/badge.pb.go:1114.38,1119.2 4 0
github.com/capiscio/capiscio-core/pkg/rpc/gen/capiscio/v1/badge.pb.go:1121.46,1123.2 1 0
github.com/capiscio/capiscio-core/pkg/rpc/gen/capiscio/v1/badge.pb.go:1125.44,1125.45 0 0
github.com/capiscio/capiscio-core/pkg/rpc/gen/capiscio/v1/badge.pb.go:1127.66,1129.14 2 0
github.com/capiscio/capiscio-core/pkg/rpc/gen/capiscio/v1/badge.pb.go:1129.14,1131.34 2 0
github.com/capiscio/capiscio-core/pkg/rpc/gen/capiscio/v1/badge.pb.go:1131.34,1133.4 1 0
github.com/capiscio/capiscio-core/pkg/rpc/gen/capiscio/v1/badge.pb.go:1134.3,1134.12 1 0
github.com/capiscio/capiscio-core/pkg/rpc/gen/capiscio/v1/badge.pb.go:1136.2,1136.24 1 0
github.com/capiscio/capiscio-core/pkg/rpc/gen/capiscio/v1/badge.pb.go:1140.57,1142.2 1 0
github.com/capiscio/capiscio-core/pkg/rpc/gen/capiscio/v1/badge.pb.go:1144.51,1145.14 1 0
github.com/capiscio/capiscio-core/pkg/rpc/gen/capiscio/v1/badge.pb.go:1145.14,1147.3 1 0
github.com/capiscio/capiscio-core/pkg/rpc/gen/capiscio/v1/badge.pb.go:1148.2,1148.43 1 0
github.com/capiscio/capiscio-core/pkg/rpc/gen/capiscio/v1/badge.pb.go:1151.50,1152.14 1 0
github.com/capiscio/capiscio-core/pkg/rpc/gen/capiscio/v1/badge.pb.go:1152.14,1154.3 1 0
github.com/capiscio/capiscio-core/pkg/rpc/gen/capiscio/v1/badge.pb.go:1155.2,1155.11 1 0
github.com/capiscio/capiscio-core/pkg/rpc/gen/capiscio/v1/badge.pb.go:1158.48,1159.14 1 0
github.com/capiscio/capiscio-core/pkg/rpc/gen/capiscio/v1/badge.pb.go:1159.14,1161.3 1 0
github.com/capiscio/capiscio-core/pkg/rpc/gen/capiscio/v1/badge.pb.go:1162.2,1162.11 1 0
github.com/capiscio/capiscio-core/pkg/rpc/gen/capiscio/v1/badge.pb.go:1165.49,1166.14 1 0
github.com/capiscio/capiscio-core/pkg/rpc/gen/capiscio/v1/badge.pb.go:1166.14,1168.3 1 0
github.com/capiscio/capiscio-core/pkg/rpc/gen/capiscio/v1/badge.pb.go:1169.2,1169.11 1 0
github.com/capiscio/capiscio-core/pkg/rpc/gen/capiscio/v1/badge.pb.go:1172.53,1173.14 1 0
github.com/capiscio/capiscio-core/pkg/rpc/gen/capiscio/v1/badge.pb.go:1173.14,1175.3 1 0
github.com/capiscio/capiscio-core/pkg/rpc/gen/capiscio/v1/badge.pb.go:1176.2,1176.11 1 0
github.com/capiscio/capiscio-core/pkg/rpc/gen/capiscio/v1/badge.pb.go:1179.52,1180.14 1 0
github.com/capiscio/capiscio-core/pkg/rpc/gen/capiscio/v1/badge.pb.go:1180.14,1182.3 1 0
github.com/capiscio/capiscio-core/pkg/rpc/gen/capiscio/v1/badge.pb.go:1183.2,1183.10 1 0
github.com/capiscio/capiscio-core/pkg/rpc/gen/capiscio/v1/badge.pb.go:1186.60,1187.14 1 0
github.com/capiscio/capiscio-core/pkg/rpc/gen/capiscio/v1/badge.pb.go:1187.14,1189.3 1 0
github.com/capiscio/capiscio-core/pkg/rpc/gen/capiscio/v1/badge.pb.go:1190.2,1190.10 1 0
github.com/capiscio/capiscio-core/pkg/rpc/gen/capiscio/v1/badge.pb.go:1193.62,1194.14 1 0
github.com/capiscio/capiscio-core/pkg/rpc/gen/capiscio/v1/badge.pb.go:1194.14,1196.3 1 0
github.com/capiscio/capiscio-core/pkg/rpc/gen/capiscio/v1/badge.pb.go:1197.2,1197.10 1 0
github.com/capiscio/capiscio-core/pkg/rpc/gen/capiscio/v1/badge.pb.go:1200.57,1201.14 1 0
github.com/capiscio/capiscio-core/pkg/rpc/gen/capiscio/v1/badge.pb.go:1201.14,1203.3 1 0
github.com/capiscio/capiscio-core/pkg/rpc/gen/capiscio/v1/badge.pb.go:1204.2,1204.11 1 0
github.com/capiscio/capiscio-core/pkg/rpc/gen/capiscio/v1/badge.pb.go:1207.49,1208.14 1 0
github.com/capiscio/capiscio-core/pkg/rpc/gen/capiscio/v1/badge.pb.go:1208.14,1210.3 1 0
github.com/capiscio/capiscio-core/pkg/rpc/gen/capiscio/v1/badge.pb.go:1211.2,1211.11 1 0
github.com/capiscio/capiscio-core/pkg/rpc/gen/capiscio/v1/badge.pb.go:1214.57,1215.14 1 0
github.com/capiscio/capiscio-core/pkg/rpc/gen/capiscio/v1/badge.pb.go:1215.14,1217.3 1 0
github.com/capiscio/capiscio-core/pkg/rpc/gen/capiscio/v1/badge.pb.go:1218.2,1218.43 1 0
github.com/capiscio/capiscio-core/pkg/rpc/gen/capiscio/v1/badge.pb.go:1246.31,1251.2 4 0
github.com/capiscio/capiscio-core/pkg/rpc/gen/capiscio/v1/badge.pb.go:1253.39,1255.2 1 0
github.com/capiscio/capiscio-core/pkg/rpc/gen/capiscio/v1/badge.pb.go:1257.37,1257.38 0 0
github.com/capiscio/capiscio-core/pkg/rpc/gen/capiscio/v1/badge.pb.go:1259.59,1261.14 2 0
github.com/capiscio/capiscio-core/pkg/rpc/gen/capiscio/v1/badge.pb.go:1261.14,1263.34 2 0
github.com/capiscio/capiscio-core/pkg/rpc/gen/capiscio/v1/badge.pb.go:1263.34,1265.4 1 0
github.com/capiscio/capiscio-core/pkg/rpc/gen/capiscio/v1/badge.pb.go:1266.3,1266.12 1 0
github.com/capiscio/capiscio-core/pkg/rpc/gen/capiscio/v1/badge.pb.go:1268.2,1268.24 1 0
github.com/capiscio/capiscio-core/pkg/rpc/gen/capiscio/v1/badge.pb.go:1272.50,1274.2 1 0
github.com/capiscio/capiscio-core/pkg/rpc/gen/capiscio/v1/badge.pb.go:1276.49,1277.14 1 0
github.com/capiscio/capiscio-core/pkg/rpc/gen/capiscio/v1/badge.pb.go:1277.14,1279.3 1 0
github.com/capiscio/capiscio-core/pkg/rpc/gen/capiscio/v1/badge.pb.go:1280.2,1280.49 1 0
github.com/capiscio/capiscio-core/pkg/rpc/gen/capiscio/v1/badge.pb.go:1283.44,1284.14 1 0
github.com/capiscio/capiscio-core/pkg/rpc/gen/capiscio/v1/badge.pb.go:1284.14,1286.3 1 0
github.com/capiscio/capiscio-core/pkg/rpc/gen/capiscio/v1/badge.pb.go:1287.2,1287.11 1 0
github.com/capiscio/capiscio-core/pkg/rpc/gen/capiscio/v1/badge.pb.go:1290.43,1291.14 1 0
github.com/capiscio/capiscio-core/pkg/rpc/gen/capiscio/v1/badge.pb.go:1291.14,1293.3 1 0
github.com/capiscio/capiscio-core/pkg/rpc/gen/capiscio/v1/badge.pb.go:1294.2,1294.11 1 0
github.com/capiscio/capiscio-core/pkg/rpc/gen/capiscio/v1/badge.pb.go:1297.50,1298.14 1 0
github.com/capiscio/capiscio-core/pkg/rpc/gen/capiscio/v1/badge.pb.go:1298.14,1300.3 1 0
github.com/capiscio/capiscio-core/pkg/rpc/gen/capiscio/v1/badge.pb.go:1301.2,1301.43 1 0
github.com/capiscio/capiscio-core/pkg/rpc/gen/capiscio/v1/badge.pb.go:1304.44,1305.14 1 0
github.com/capiscio/capiscio-core/pkg/rpc/gen/capiscio/v1/badge.pb.go:1305.14,1307.3 1 0
github.com/capiscio/capiscio-core/pkg/rpc/gen/capiscio/v1/badge.pb.go:1308.2,1308.10 1 0
github.com/capiscio/capiscio-core/pkg/rpc/gen/capiscio/v1/badge.pb.go:1311.41,1312.14 1 0
github.com/capiscio/capiscio-core/pkg/rpc/gen/capiscio/v1/badge.pb.go:1312.14,1314.3 1 0
github.com/capiscio/capiscio-core/pkg/rpc/gen/capiscio/v1/badge.pb.go:1315.2,1315.11 1 0
github.com/capiscio/capiscio-core/pkg/rpc/gen/capiscio/v1/badge.pb.go:1318.45,1319.14 1 0
github.com/capiscio/capiscio-core/pkg/rpc/gen/capiscio/v1/badge.pb.go:1319.14,1321.3 1 0
github.com/capiscio/capiscio-core/pkg/rpc/gen/capiscio/v1/badge.pb.go:1322.2,1322.11 1 0
github.com/capiscio/capiscio-core/pkg/rpc/gen/capiscio/v1/badge.pb.go:1325.44,1326.14 1 0
github.com/capiscio/capiscio-core/pkg/rpc/gen/capiscio/v1/badge.pb.go:1326.14,1328.3 1 0
github.com/capiscio/capiscio-core/pkg/rpc/gen/capiscio/v1/badge.pb.go:1329.2,1329.10 1 0
github.com/capiscio/capiscio-core/pkg/rpc/gen/capiscio/v1/badge.pb.go:1332.41,1333.14 1 0
github.com/capiscio/capiscio-core/pkg/rpc/gen/capiscio/v1/badge.pb.go:1333.14,1335.3 1 0
github.com/capiscio/capiscio-core/pkg/rpc/gen/capiscio/v1/badge.pb.go:1336.2,1336.11 1 0
github.com/capiscio/capiscio-core/pkg/rpc/gen/capiscio/v1/badge.pb.go:1486.56,1487.53 1 0
github.com/capiscio/capiscio-core/pkg/rpc/gen/capiscio/v1/badge.pb.go:1487.53,1489.3 1 0
github.com/capiscio/capiscio-core/pkg/rpc/gen/capiscio/v1/badge.pb.go:1490.2,1490.49 1 0
github.com/capiscio/capiscio-core/pkg/rpc/gen/capiscio/v1/badge.pb.go:1548.13,1548.52 1 0
github.com/capiscio/capiscio-core/pkg/rpc/gen/capiscio/v1/badge.pb.go:1549.42,1550.41 1 0
github.com/capiscio/capiscio-core/pkg/rpc/gen/capiscio/v1/badge.pb.go:1550.41,1552.3 1 0
github.com/capiscio/capiscio-core/pkg/rpc/gen/capiscio/v1/badge.pb.go:1553.2,1570.44 5 0
github.com/capiscio/capiscio-core/pkg/rpc/gen/capiscio/v1/badge_grpc.pb.go:58.76,60.2 1 0
github.com/capiscio/capiscio-core/pkg/rpc/gen/capiscio/v1/badge_grpc.pb.go:62.136,66.16 4 0
github.com/capiscio/capiscio-core/pkg/rpc/gen/capiscio/v1/badge_grpc.pb.go:66.16,68.3 1 0
github.com/capiscio/capiscio-core/pkg/rpc/gen/capiscio/v1/badge_grpc.pb.go:69.2,69.17 1 0
[...]
github.com/capiscio/capiscio-core/pkg/badge/schema.go:53.2,53.11 1 0
github.com/capiscio/capiscio-core/pkg/badge/schema.go:57.35,59.2 1 1
github.com/capiscio/capiscio-core/pkg/badge/schema.go:62.39,64.2 1 1
github.com/capiscio/capiscio-core/pkg/badge/schema.go:67.40,69.2 1 0
github.com/capiscio/capiscio-core/pkg/badge/schema.go:72.43,74.2 1 0
github.com/capiscio/capiscio-core/pkg/badge/schema.go:78.38,80.2 1 1
github.com/capiscio/capiscio-core/pkg/badge/schema.go:83.34,85.2 1 1
github.com/capiscio/capiscio-core/pkg/badge/verifier.go:92.51,96.2 1 1
github.com/capiscio/capiscio-core/pkg/badge/verifier.go:100.79,104.16 2 1
github.com/capiscio/capiscio-core/pkg/badge/verifier.go:104.16,106.3 1 1
github.com/capiscio/capiscio-core/pkg/badge/verifier.go:107.2,107.27 1 1
github.com/capiscio/capiscio-core/pkg/badge/verifier.go:111.93,113.16 2 1
github.com/capiscio/capiscio-core/pkg/badge/verifier.go:113.16,115.3 1 0
github.com/capiscio/capiscio-core/pkg/badge/verifier.go:117.2,119.63 3 1
github.com/capiscio/capiscio-core/pkg/badge/verifier.go:119.63,121.3 1 0
github.com/capiscio/capiscio-core/pkg/badge/verifier.go:123.2,123.29 1 1
github.com/capiscio/capiscio-core/pkg/badge/verifier.go:127.134,128.18 1 1
github.com/capiscio/capiscio-core/pkg/badge/verifier.go:128.18,130.3 1 1
github.com/capiscio/capiscio-core/pkg/badge/verifier.go:132.2,133.16 2 1
github.com/capiscio/capiscio-core/pkg/badge/verifier.go:133.16,135.3 1 0
github.com/capiscio/capiscio-core/pkg/badge/verifier.go:136.2,136.20 1 1
github.com/capiscio/capiscio-core/pkg/badge/verifier.go:140.109,142.16 2 1
github.com/capiscio/capiscio-core/pkg/badge/verifier.go:142.16,144.3 1 1
github.com/capiscio/capiscio-core/pkg/badge/verifier.go:146.2,147.65 2 1
github.com/capiscio/capiscio-core/pkg/badge/verifier.go:147.65,149.3 1 0
github.com/capiscio/capiscio-core/pkg/badge/verifier.go:150.2,150.29 1 1
github.com/capiscio/capiscio-core/pkg/badge/verifier.go:154.153,156.18 1 1
github.com/capiscio/capiscio-core/pkg/badge/verifier.go:156.18,158.3 1 1
github.com/capiscio/capiscio-core/pkg/badge/verifier.go:158.8,158.38 1 1
github.com/capiscio/capiscio-core/pkg/badge/verifier.go:158.38,159.62 1 1
github.com/capiscio/capiscio-core/pkg/badge/verifier.go:159.62,161.4 1 1
github.com/capiscio/capiscio-core/pkg/badge/verifier.go:165.2,165.18 1 1
github.com/capiscio/capiscio-core/pkg/badge/verifier.go:165.18,167.3 1 1
github.com/capiscio/capiscio-core/pkg/badge/verifier.go:167.8,167.39 1 1
github.com/capiscio/capiscio-core/pkg/badge/verifier.go:167.39,168.71 1 1
github.com/capiscio/capiscio-core/pkg/badge/verifier.go:168.71,170.4 1 1
github.com/capiscio/capiscio-core/pkg/badge/verifier.go:173.2,173.12 1 1
github.com/capiscio/capiscio-core/pkg/badge/verifier.go:184.116,186.21 2 1
github.com/capiscio/capiscio-core/pkg/badge/verifier.go:186.21,188.3 1 0
github.com/capiscio/capiscio-core/pkg/badge/verifier.go:190.2,194.16 3 1
github.com/capiscio/capiscio-core/pkg/badge/verifier.go:194.16,196.3 1 0
github.com/capiscio/capiscio-core/pkg/badge/verifier.go:199.2,199.60 1 1
github.com/capiscio/capiscio-core/pkg/badge/verifier.go:199.60,201.3 1 0
github.com/capiscio/capiscio-core/pkg/badge/verifier.go:204.2,205.16 2 1
github.com/capiscio/capiscio-core/pkg/badge/verifier.go:205.16,207.3 1 0
github.com/capiscio/capiscio-core/pkg/badge/verifier.go:208.2,211.18 2 1
github.com/capiscio/capiscio-core/pkg/badge/verifier.go:211.18,212.60 1 1
github.com/capiscio/capiscio-core/pkg/badge/verifier.go:212.60,214.4 1 1
github.com/capiscio/capiscio-core/pkg/badge/verifier.go:218.2,219.16 2 1
github.com/capiscio/capiscio-core/pkg/badge/verifier.go:219.16,221.3 1 0
github.com/capiscio/capiscio-core/pkg/badge/verifier.go:224.2,225.16 2 1
github.com/capiscio/capiscio-core/pkg/badge/verifier.go:225.16,227.3 1 1
github.com/capiscio/capiscio-core/pkg/badge/verifier.go:230.2,230.84 1 1
github.com/capiscio/capiscio-core/pkg/badge/verifier.go:230.84,232.3 1 1
github.com/capiscio/capiscio-core/pkg/badge/verifier.go:235.2,235.104 1 1
github.com/capiscio/capiscio-core/pkg/badge/verifier.go:235.104,237.3 1 1
github.com/capiscio/capiscio-core/pkg/badge/verifier.go:239.2,240.20 2 1
github.com/capiscio/capiscio-core/pkg/badge/verifier.go:244.81,246.28 1 1
github.com/capiscio/capiscio-core/pkg/badge/verifier.go:246.28,249.43 2 1
github.com/capiscio/capiscio-core/pkg/badge/verifier.go:249.43,250.28 1 1
github.com/capiscio/capiscio-core/pkg/badge/verifier.go:250.28,252.10 2 1
github.com/capiscio/capiscio-core/pkg/badge/verifier.go:255.3,255.15 1 1
github.com/capiscio/capiscio-core/pkg/badge/verifier.go:255.15,258.4 1 1
github.com/capiscio/capiscio-core/pkg/badge/verifier.go:262.2,262.37 1 1
github.com/capiscio/capiscio-core/pkg/badge/verifier.go:262.37,265.3 1 1
github.com/capiscio/capiscio-core/pkg/badge/verifier.go:268.2,269.18 2 1
github.com/capiscio/capiscio-core/pkg/badge/verifier.go:269.18,272.3 1 1
github.com/capiscio/capiscio-core/pkg/badge/verifier.go:274.2,274.12 1 1
github.com/capiscio/capiscio-core/pkg/badge/verifier.go:278.91,280.33 1 1
github.com/capiscio/capiscio-core/pkg/badge/verifier.go:280.33,282.3 1 0
github.com/capiscio/capiscio-core/pkg/badge/verifier.go:285.2,286.94 2 1
github.com/capiscio/capiscio-core/pkg/badge/verifier.go:286.94,288.3 1 0
github.com/capiscio/capiscio-core/pkg/badge/verifier.go:291.2,291.22 1 1
github.com/capiscio/capiscio-core/pkg/badge/verifier.go:291.22,293.3 1 0
github.com/capiscio/capiscio-core/pkg/badge/verifier.go:294.2,294.25 1 1
github.com/capiscio/capiscio-core/pkg/badge/verifier.go:294.25,296.3 1 0
github.com/capiscio/capiscio-core/pkg/badge/verifier.go:297.2,297.26 1 1
github.com/capiscio/capiscio-core/pkg/badge/verifier.go:297.26,299.3 1 0
github.com/capiscio/capiscio-core/pkg/badge/verifier.go:300.2,300.26 1 1
github.com/capiscio/capiscio-core/pkg/badge/verifier.go:300.26,302.3 1 0
github.com/capiscio/capiscio-core/pkg/badge/verifier.go:303.2,303.24 1 1
github.com/capiscio/capiscio-core/pkg/badge/verifier.go:303.24,305.3 1 0
github.com/capiscio/capiscio-core/pkg/badge/verifier.go:308.2,309.16 2 1
github.com/capiscio/capiscio-core/pkg/badge/verifier.go:309.16,311.3 1 0
github.com/capiscio/capiscio-core/pkg/badge/verifier.go:315.2,320.35 4 1
github.com/capiscio/capiscio-core/pkg/badge/verifier.go:320.35,321.34 1 1
github.com/capiscio/capiscio-core/pkg/badge/verifier.go:321.34,323.4 1 1
github.com/capiscio/capiscio-core/pkg/badge/verifier.go:324.3,324.27 1 1
github.com/capiscio/capiscio-core/pkg/badge/verifier.go:324.27,326.4 1 1
github.com/capiscio/capiscio-core/pkg/badge/verifier.go:328.2,328.33 1 1
github.com/capiscio/capiscio-core/pkg/badge/verifier.go:328.33,330.3 1 0
github.com/capiscio/capiscio-core/pkg/badge/verifier.go:332.2,332.12 1 1
github.com/capiscio/capiscio-core/pkg/badge/verifier.go:336.111,340.30 2 1
github.com/capiscio/capiscio-core/pkg/badge/verifier.go:340.30,342.3 1 1
github.com/capiscio/capiscio-core/pkg/badge/verifier.go:345.2,345.31 1 1
github.com/capiscio/capiscio-core/pkg/badge/verifier.go:345.31,347.3 1 0
github.com/capiscio/capiscio-core/pkg/badge/verifier.go:350.2,350.51 1 1
github.com/capiscio/capiscio-core/pkg/badge/verifier.go:350.51,352.43 2 1
github.com/capiscio/capiscio-core/pkg/badge/verifier.go:352.43,353.28 1 1
github.com/capiscio/capiscio-core/pkg/badge/verifier.go:353.28,355.10 2 1
github.com/capiscio/capiscio-core/pkg/badge/verifier.go:358.3,358.15 1 1
github.com/capiscio/capiscio-core/pkg/badge/verifier.go:358.15,360.4 1 1
github.com/capiscio/capiscio-core/pkg/badge/verifier.go:365.2,365.53 1 1
github.com/capiscio/capiscio-core/pkg/badge/verifier.go:365.53,367.39 2 1
github.com/capiscio/capiscio-core/pkg/badge/verifier.go:367.39,368.28 1 1
github.com/capiscio/capiscio-core/pkg/badge/verifier.go:368.28,370.10 2 1
github.com/capiscio/capiscio-core/pkg/badge/verifier.go:373.3,373.18 1 1
github.com/capiscio/capiscio-core/pkg/badge/verifier.go:373.18,375.4 1 1
github.com/capiscio/capiscio-core/pkg/badge/verifier.go:379.2,381.25 3 1
github.com/capiscio/capiscio-core/pkg/badge/verifier.go:381.25,383.3 1 0
github.com/capiscio/capiscio-core/pkg/badge/verifier.go:385.2,385.12 1 1
github.com/capiscio/capiscio-core/pkg/badge/verifier.go:389.99,390.19 1 1
github.com/capiscio/capiscio-core/pkg/badge/verifier.go:391.24,394.17 2 1
github.com/capiscio/capiscio-core/pkg/badge/verifier.go:394.17,397.4 1 0
github.com/capiscio/capiscio-core/pkg/badge/verifier.go:398.3,398.21 1 1
github.com/capiscio/capiscio-core/pkg/badge/verifier.go:398.21,400.4 1 1
github.com/capiscio/capiscio-core/pkg/badge/verifier.go:402.25,404.80 1 0
github.com/capiscio/capiscio-core/pkg/badge/verifier.go:404.80,406.4 1 0
github.com/capiscio/capiscio-core/pkg/badge/verifier.go:408.24,411.17 2 0
github.com/capiscio/capiscio-core/pkg/badge/verifier.go:411.17,412.22 1 0
github.com/capiscio/capiscio-core/pkg/badge/verifier.go:412.22,414.5 1 0
github.com/capiscio/capiscio-core/pkg/badge/verifier.go:415.9,415.41 1 0
github.com/capiscio/capiscio-core/pkg/badge/verifier.go:415.41,417.50 1 0
github.com/capiscio/capiscio-core/pkg/badge/verifier.go:417.50,419.5 1 0
github.com/capiscio/capiscio-core/pkg/badge/verifier.go:423.2,423.12 1 1
github.com/capiscio/capiscio-core/pkg/badge/verifier.go:427.122,428.36 1 1
github.com/capiscio/capiscio-core/pkg/badge/verifier.go:428.36,432.3 2 0
github.com/capiscio/capiscio-core/pkg/badge/verifier.go:435.2,436.19 2 1
github.com/capiscio/capiscio-core/pkg/badge/verifier.go:436.19,440.3 2 0
github.com/capiscio/capiscio-core/pkg/badge/verifier.go:442.2,443.16 2 1
github.com/capiscio/capiscio-core/pkg/badge/verifier.go:443.16,444.36 1 0
github.com/capiscio/capiscio-core/pkg/badge/verifier.go:444.36,448.4 2 0
github.com/capiscio/capiscio-core/pkg/badge/verifier.go:449.3,449.78 1 0
github.com/capiscio/capiscio-core/pkg/badge/verifier.go:452.2,452.24 1 1
github.com/capiscio/capiscio-core/pkg/badge/verifier.go:452.24,454.3 1 1
github.com/capiscio/capiscio-core/pkg/badge/verifier.go:456.2,456.12 1 1
github.com/capiscio/capiscio-core/pkg/scoring/availability.go:19.71,20.18 1 1
github.com/capiscio/capiscio-core/pkg/scoring/availability.go:20.18,22.3 1 1
github.com/capiscio/capiscio-core/pkg/scoring/availability.go:23.2,25.3 1 1
github.com/capiscio/capiscio-core/pkg/scoring/availability.go:29.110,42.33 5 1
github.com/capiscio/capiscio-core/pkg/scoring/availability.go:43.34,44.47 1 1
github.com/capiscio/capiscio-core/pkg/scoring/availability.go:45.35,46.44 1 1
github.com/capiscio/capiscio-core/pkg/scoring/availability.go:47.31,51.13 3 1
github.com/capiscio/capiscio-core/pkg/scoring/availability.go:52.10,54.36 1 1
github.com/capiscio/capiscio-core/pkg/scoring/availability.go:54.36,56.4 1 1
github.com/capiscio/capiscio-core/pkg/scoring/availability.go:56.9,60.4 3 1
github.com/capiscio/capiscio-core/pkg/scoring/availability.go:62.2,62.15 1 1
github.com/capiscio/capiscio-core/pkg/scoring/availability.go:62.15,62.37 1 1
github.com/capiscio/capiscio-core/pkg/scoring/availability.go:64.2,65.16 2 1
github.com/capiscio/capiscio-core/pkg/scoring/availability.go:65.16,69.3 3 1
github.com/capiscio/capiscio-core/pkg/scoring/availability.go:71.2,74.36 2 1
github.com/capiscio/capiscio-core/pkg/scoring/availability.go:74.36,76.3 1 1
github.com/capiscio/capiscio-core/pkg/scoring/availability.go:76.8,76.43 1 1
github.com/capiscio/capiscio-core/pkg/scoring/availability.go:76.43,78.3 1 1
github.com/capiscio/capiscio-core/pkg/scoring/availability.go:78.8,78.44 1 1
github.com/capiscio/capiscio-core/pkg/scoring/availability.go:78.44,80.3 1 1
github.com/capiscio/capiscio-core/pkg/scoring/availability.go:80.8,82.3 1 1
github.com/capiscio/capiscio-core/pkg/scoring/availability.go:84.2,84.12 1 1
github.com/capiscio/capiscio-core/pkg/scoring/compliance.go:22.70,23.19 1 1
github.com/capiscio/capiscio-core/pkg/scoring/compliance.go:23.19,27.3 1 1
github.com/capiscio/capiscio-core/pkg/scoring/compliance.go:28.2,30.3 1 1
github.com/capiscio/capiscio-core/pkg/scoring/compliance.go:34.97,63.15 18 1
github.com/capiscio/capiscio-core/pkg/scoring/compliance.go:63.15,65.3 1 0
github.com/capiscio/capiscio-core/pkg/scoring/compliance.go:66.2,66.22 1 1
github.com/capiscio/capiscio-core/pkg/scoring/compliance.go:69.111,73.32 3 1
github.com/capiscio/capiscio-core/pkg/scoring/compliance.go:73.32,78.3 2 1
github.com/capiscio/capiscio-core/pkg/scoring/compliance.go:78.8,79.43 1 1
github.com/capiscio/capiscio-core/pkg/scoring/compliance.go:79.43,84.4 2 0
github.com/capiscio/capiscio-core/pkg/scoring/compliance.go:87.2,87.21 1 1
github.com/capiscio/capiscio-core/pkg/scoring/compliance.go:87.21,92.3 2 1
github.com/capiscio/capiscio-core/pkg/scoring/compliance.go:93.2,93.24 1 1
github.com/capiscio/capiscio-core/pkg/scoring/compliance.go:93.24,98.3 2 1
github.com/capiscio/capiscio-core/pkg/scoring/compliance.go:100.2,100.24 1 1
github.com/capiscio/capiscio-core/pkg/scoring/compliance.go:103.103,107.27 3 1
github.com/capiscio/capiscio-core/pkg/scoring/compliance.go:107.27,112.3 2 1
github.com/capiscio/capiscio-core/pkg/scoring/compliance.go:112.8,113.37 1 1
github.com/capiscio/capiscio-core/pkg/scoring/compliance.go:113.37,114.22 1 1
github.com/capiscio/capiscio-core/pkg/scoring/compliance.go:114.22,119.5 2 1
github.com/capiscio/capiscio-core/pkg/scoring/compliance.go:120.4,120.28 1 1
github.com/capiscio/capiscio-core/pkg/scoring/compliance.go:120.28,125.5 2 1
github.com/capiscio/capiscio-core/pkg/scoring/compliance.go:128.2,128.24 1 1
github.com/capiscio/capiscio-core/pkg/scoring/compliance.go:131.106,135.20 3 1
github.com/capiscio/capiscio-core/pkg/scoring/compliance.go:135.20,140.3 2 1
github.com/capiscio/capiscio-core/pkg/scoring/compliance.go:140.8,144.35 4 1
github.com/capiscio/capiscio-core/pkg/scoring/compliance.go:144.35,145.26 1 1
github.com/capiscio/capiscio-core/pkg/scoring/compliance.go:146.17,147.18 1 1
github.com/capiscio/capiscio-core/pkg/scoring/compliance.go:148.19,149.17 1 0
github.com/capiscio/capiscio-core/pkg/scoring/compliance.go:154.2,154.35 1 1
github.com/capiscio/capiscio-core/pkg/scoring/compliance.go:154.35,160.48 2 0
github.com/capiscio/capiscio-core/pkg/scoring/compliance.go:160.48,165.4 2 0
github.com/capiscio/capiscio-core/pkg/scoring/compliance.go:167.2,167.24 1 1
github.com/capiscio/capiscio-core/pkg/scoring/compliance.go:170.105,174.26 3 1
github.com/capiscio/capiscio-core/pkg/scoring/compliance.go:174.26,179.3 2 1
github.com/capiscio/capiscio-core/pkg/scoring/compliance.go:179.8,180.39 1 1
github.com/capiscio/capiscio-core/pkg/scoring/compliance.go:180.39,185.4 2 0
github.com/capiscio/capiscio-core/pkg/scoring/compliance.go:187.2,187.24 1 1
github.com/capiscio/capiscio-core/pkg/scoring/compliance.go:190.117,194.40 3 1
github.com/capiscio/capiscio-core/pkg/scoring/compliance.go:194.40,196.51 2 0
github.com/capiscio/capiscio-core/pkg/scoring/compliance.go:196.51,197.23 1 0
github.com/capiscio/capiscio-core/pkg/scoring/compliance.go:197.23,202.5 2 0
github.com/capiscio/capiscio-core/pkg/scoring/compliance.go:202.10,205.37 3 0
github.com/capiscio/capiscio-core/pkg/scoring/compliance.go:205.37,206.28 1 0
github.com/capiscio/capiscio-core/pkg/scoring/compliance.go:207.19,208.19 1 0
github.com/capiscio/capiscio-core/pkg/scoring/compliance.go:209.21,210.16 1 0
github.com/capiscio/capiscio-core/pkg/scoring/compliance.go:214.4,214.29 1 0
github.com/capiscio/capiscio-core/pkg/scoring/compliance.go:214.29,219.5 2 0
github.com/capiscio/capiscio-core/pkg/scoring/compliance.go:222.2,222.24 1 1
github.com/capiscio/capiscio-core/pkg/scoring/compliance.go:228.35,230.2 1 1
github.com/capiscio/capiscio-core/pkg/scoring/engine.go:51.42,58.2 1 1
github.com/capiscio/capiscio-core/pkg/scoring/engine.go:71.46,72.19 1 1
github.com/capiscio/capiscio-core/pkg/scoring/engine.go:72.19,74.3 1 1
github.com/capiscio/capiscio-core/pkg/scoring/engine.go:77.2,78.29 2 1
github.com/capiscio/capiscio-core/pkg/scoring/engine.go:78.29,80.3 1 1
github.com/capiscio/capiscio-core/pkg/scoring/engine.go:81.2,96.3 5 1
github.com/capiscio/capiscio-core/pkg/scoring/engine.go:100.133,106.25 2 1
github.com/capiscio/capiscio-core/pkg/scoring/engine.go:106.25,108.3 1 0
github.com/capiscio/capiscio-core/pkg/scoring/engine.go:111.2,116.65 4 1
github.com/capiscio/capiscio-core/pkg/scoring/engine.go:116.65,118.17 2 1
github.com/capiscio/capiscio-core/pkg/scoring/engine.go:118.17,121.4 1 0
github.com/capiscio/capiscio-core/pkg/scoring/engine.go:122.3,127.56 4 1
github.com/capiscio/capiscio-core/pkg/scoring/engine.go:128.8,132.3 2 0
github.com/capiscio/capiscio-core/pkg/scoring/engine.go:135.2,135.23 1 1
github.com/capiscio/capiscio-core/pkg/scoring/engine.go:135.23,138.30 3 0
github.com/capiscio/capiscio-core/pkg/scoring/engine.go:138.30,140.4 1 0
github.com/capiscio/capiscio-core/pkg/scoring/engine.go:144.2,144.38 1 1
github.com/capiscio/capiscio-core/pkg/scoring/engine.go:144.38,145.32 1 1
github.com/capiscio/capiscio-core/pkg/scoring/engine.go:145.32,147.9 2 1
github.com/capiscio/capiscio-core/pkg/scoring/engine.go:149.3,149.65 1 1
github.com/capiscio/capiscio-core/pkg/scoring/engine.go:149.65,151.9 2 0
github.com/capiscio/capiscio-core/pkg/scoring/engine.go:155.2,155.20 1 1
github.com/capiscio/capiscio-core/pkg/scoring/trust.go:14.59,18.2 1 1
github.com/capiscio/capiscio-core/pkg/scoring/trust.go:21.112,26.56 3 1
github.com/capiscio/capiscio-core/pkg/scoring/trust.go:26.56,32.3 2 1
github.com/capiscio/capiscio-core/pkg/scoring/trust.go:32.8,32.28 1 1
github.com/capiscio/capiscio-core/pkg/scoring/trust.go:32.28,37.32 2 1
github.com/capiscio/capiscio-core/pkg/scoring/trust.go:37.32,38.45 1 1
github.com/capiscio/capiscio-core/pkg/scoring/trust.go:38.45,39.18 1 1
github.com/capiscio/capiscio-core/pkg/scoring/trust.go:39.18,40.47 1 1
github.com/capiscio/capiscio-core/pkg/scoring/trust.go:40.47,41.33 1 1
github.com/capiscio/capiscio-core/pkg/scoring/trust.go:41.33,43.13 2 1
github.com/capiscio/capiscio-core/pkg/scoring/trust.go:47.5,47.18 1 1
github.com/capiscio/capiscio-core/pkg/scoring/trust.go:47.18,48.11 1 1
github.com/capiscio/capiscio-core/pkg/scoring/trust.go:52.4,52.17 1 1
github.com/capiscio/capiscio-core/pkg/scoring/trust.go:52.17,54.5 1 1
github.com/capiscio/capiscio-core/pkg/scoring/trust.go:54.10,59.5 2 1
github.com/capiscio/capiscio-core/pkg/scoring/trust.go:60.9,63.4 1 1
github.com/capiscio/capiscio-core/pkg/scoring/trust.go:74.8,80.48 3 1
github.com/capiscio/capiscio-core/pkg/scoring/trust.go:80.48,84.4 1 1
github.com/capiscio/capiscio-core/pkg/scoring/trust.go:89.2,89.22 1 1
github.com/capiscio/capiscio-core/pkg/scoring/url_security.go:18.58,22.2 1 1
github.com/capiscio/capiscio-core/pkg/scoring/url_security.go:25.91,28.18 2 1
github.com/capiscio/capiscio-core/pkg/scoring/url_security.go:28.18,30.3 1 0
github.com/capiscio/capiscio-core/pkg/scoring/url_security.go:32.2,33.16 2 1
github.com/capiscio/capiscio-core/pkg/scoring/url_security.go:33.16,41.3 2 0
github.com/capiscio/capiscio-core/pkg/scoring/url_security.go:44.2,45.63 2 1
github.com/capiscio/capiscio-core/pkg/scoring/url_security.go:45.63,53.3 2 1
github.com/capiscio/capiscio-core/pkg/scoring/url_security.go:56.2,57.20 2 1
github.com/capiscio/capiscio-core/pkg/scoring/url_security.go:57.20,65.3 2 0
github.com/capiscio/capiscio-core/pkg/scoring/url_security.go:68.2,68.24 1 1
github.com/capiscio/capiscio-core/pkg/scoring/url_security.go:68.24,69.37 1 1
github.com/capiscio/capiscio-core/pkg/scoring/url_security.go:69.37,76.4 1 0
github.com/capiscio/capiscio-core/pkg/scoring/url_security.go:79.2,79.15 1 1
github.com/capiscio/capiscio-core/pkg/scoring/url_security.go:82.49,83.29 1 1
github.com/capiscio/capiscio-core/pkg/scoring/url_security.go:83.29,85.3 1 0
github.com/capiscio/capiscio-core/pkg/scoring/url_security.go:86.2,87.15 2 1
github.com/capiscio/capiscio-core/pkg/scoring/url_security.go:87.15,90.3 1 1
github.com/capiscio/capiscio-core/pkg/scoring/url_security.go:97.2,97.39 1 0
github.com/capiscio/capiscio-core/pkg/scoring/url_security.go:97.39,99.3 1 0
github.com/capiscio/capiscio-core/pkg/scoring/url_security.go:100.2,100.14 1 0
